This file contains any messages produced by compilers while
running configure, to aid debugging if configure makes a mistake.

It was created by SOCKPERF configure 3.4-no.git, which was
generated by GNU Autoconf 2.69.  Invocation command line was

  $ ./configure 

## --------- ##
## Platform. ##
## --------- ##

hostname = sgeorgiou
uname -m = x86_64
uname -r = 5.3.0-28-generic
uname -s = Linux
uname -v = #30~18.04.1-Ubuntu SMP Fri Jan 17 06:14:09 UTC 2020

/usr/bin/uname -p = unknown
/bin/uname -X     = unknown

/bin/arch              = unknown
/usr/bin/arch -k       = unknown
/usr/convex/getsysinfo = unknown
/usr/bin/hostinfo      = unknown
/bin/machine           = unknown
/usr/bin/oslevel       = unknown
/bin/universe          = unknown

PATH: /home/sgeorgiou/.cargo/bin
PATH: /home/sgeorgiou/.local/bin
PATH: /usr/local/sbin
PATH: /usr/local/bin
PATH: /usr/sbin
PATH: /usr/bin
PATH: /sbin
PATH: /bin
PATH: /usr/games
PATH: /usr/local/games
PATH: /snap/bin
PATH: /usr/local/go/bin
PATH: /home/sgeorgiou/go/bin
PATH: /usr/local/go/bin
PATH: /home/sgeorgiou/go/bin
PATH: /usr/local/go/bin
PATH: /home/sgeorgiou/go/bin
PATH: /usr/local/go/bin
PATH: /home/sgeorgiou/go/bin
PATH: /usr/local/go/bin
PATH: /home/sgeorgiou/go/bin


## ----------- ##
## Core tests. ##
## ----------- ##

configure:2196: checking build system type
configure:2210: result: x86_64-pc-linux-gnu
configure:2230: checking host system type
configure:2243: result: x86_64-pc-linux-gnu
configure:2263: checking target system type
configure:2276: result: x86_64-pc-linux-gnu
configure:2440: checking for a BSD-compatible install
configure:2508: result: /usr/bin/install -c
configure:2519: checking whether build environment is sane
configure:2574: result: yes
configure:2725: checking for a thread-safe mkdir -p
configure:2764: result: /bin/mkdir -p
configure:2771: checking for gawk
configure:2787: found /usr/bin/gawk
configure:2798: result: gawk
configure:2809: checking whether make sets $(MAKE)
configure:2831: result: yes
configure:2860: checking whether make supports nested variables
configure:2877: result: yes
configure:3004: checking whether to enable maintainer-specific portions of Makefiles
configure:3013: result: no
configure:3089: checking for g++
configure:3105: found /usr/bin/g++
configure:3116: result: g++
configure:3143: checking for C++ compiler version
configure:3152: g++ --version >&5
g++ (Ubuntu 7.4.0-1ubuntu1~18.04.1) 7.4.0
Copyright (C) 2017 Free Software Foundation, Inc.
This is free software; see the source for copying conditions.  There is NO
warranty; not even for MERCHANTABILITY or FITNESS FOR A PARTICULAR PURPOSE.

configure:3163: $? = 0
configure:3152: g++ -v >&5
Using built-in specs.
COLLECT_GCC=g++
COLLECT_LTO_WRAPPER=/usr/lib/gcc/x86_64-linux-gnu/7/lto-wrapper
OFFLOAD_TARGET_NAMES=nvptx-none
OFFLOAD_TARGET_DEFAULT=1
Target: x86_64-linux-gnu
Configured with: ../src/configure -v --with-pkgversion='Ubuntu 7.4.0-1ubuntu1~18.04.1' --with-bugurl=file:///usr/share/doc/gcc-7/README.Bugs --enable-languages=c,ada,c++,go,brig,d,fortran,objc,obj-c++ --prefix=/usr --with-gcc-major-version-only --program-suffix=-7 --program-prefix=x86_64-linux-gnu- --enable-shared --enable-linker-build-id --libexecdir=/usr/lib --without-included-gettext --enable-threads=posix --libdir=/usr/lib --enable-nls --with-sysroot=/ --enable-clocale=gnu --enable-libstdcxx-debug --enable-libstdcxx-time=yes --with-default-libstdcxx-abi=new --enable-gnu-unique-object --disable-vtable-verify --enable-libmpx --enable-plugin --enable-default-pie --with-system-zlib --with-target-system-zlib --enable-objc-gc=auto --enable-multiarch --disable-werror --with-arch-32=i686 --with-abi=m64 --with-multilib-list=m32,m64,mx32 --enable-multilib --with-tune=generic --enable-offload-targets=nvptx-none --without-cuda-driver --enable-checking=release --build=x86_64-linux-gnu --host=x86_64-linux-gnu --target=x86_64-linux-gnu
Thread model: posix
gcc version 7.4.0 (Ubuntu 7.4.0-1ubuntu1~18.04.1) 
configure:3163: $? = 0
configure:3152: g++ -V >&5
g++: error: unrecognized command line option '-V'
g++: fatal error: no input files
compilation terminated.
configure:3163: $? = 1
configure:3152: g++ -qversion >&5
g++: error: unrecognized command line option '-qversion'; did you mean '--version'?
g++: fatal error: no input files
compilation terminated.
configure:3163: $? = 1
configure:3183: checking whether the C++ compiler works
configure:3205: g++ -O3 -g   conftest.cpp  >&5
configure:3209: $? = 0
configure:3257: result: yes
configure:3260: checking for C++ compiler default output file name
configure:3262: result: a.out
configure:3268: checking for suffix of executables
configure:3275: g++ -o conftest -O3 -g   conftest.cpp  >&5
configure:3279: $? = 0
configure:3301: result: 
configure:3323: checking whether we are cross compiling
configure:3331: g++ -o conftest -O3 -g   conftest.cpp  >&5
configure:3335: $? = 0
configure:3342: ./conftest
configure:3346: $? = 0
configure:3361: result: no
configure:3366: checking for suffix of object files
configure:3388: g++ -c -O3 -g  conftest.cpp >&5
configure:3392: $? = 0
configure:3413: result: o
configure:3417: checking whether we are using the GNU C++ compiler
configure:3436: g++ -c -O3 -g  conftest.cpp >&5
configure:3436: $? = 0
configure:3445: result: yes
configure:3454: checking whether g++ accepts -g
configure:3474: g++ -c -g  conftest.cpp >&5
configure:3474: $? = 0
configure:3515: result: yes
configure:3549: checking for style of include used by make
configure:3577: result: GNU
configure:3603: checking dependency style of g++
configure:3714: result: gcc3
configure:3745: checking whether g++ supports -Wall in CXXFLAGS
configure:3764: g++ -o conftest -Wall   conftest.cpp  >&5
configure:3764: $? = 0
configure:3774: result: yes
configure:3745: checking whether g++ supports --param inline-unit-growth=200 in CXXFLAGS
configure:3764: g++ -o conftest --param inline-unit-growth=200   conftest.cpp  >&5
configure:3764: $? = 0
configure:3774: result: yes
configure:3799: checking how to run the C++ preprocessor
configure:3826: g++ -E  conftest.cpp
configure:3826: $? = 0
configure:3840: g++ -E  conftest.cpp
conftest.cpp:11:10: fatal error: ac_nonexistent.h: No such file or directory
 #include <ac_nonexistent.h>
          ^~~~~~~~~~~~~~~~~~
compilation terminated.
configure:3840: $? = 1
configure: failed program was:
| /* confdefs.h */
| #define PACKAGE_NAME "SOCKPERF"
| #define PACKAGE_TARNAME "sockperf"
| #define PACKAGE_VERSION "3.4-no.git"
| #define PACKAGE_STRING "SOCKPERF 3.4-no.git"
| #define PACKAGE_BUGREPORT "http://github.com/mellanox/sockperf/issues"
| #define PACKAGE_URL ""
| #define PACKAGE "sockperf"
| #define VERSION "3.4-no.git"
| /* end confdefs.h.  */
| #include <ac_nonexistent.h>
configure:3865: result: g++ -E
configure:3885: g++ -E  conftest.cpp
configure:3885: $? = 0
configure:3899: g++ -E  conftest.cpp
conftest.cpp:11:10: fatal error: ac_nonexistent.h: No such file or directory
 #include <ac_nonexistent.h>
          ^~~~~~~~~~~~~~~~~~
compilation terminated.
configure:3899: $? = 1
configure: failed program was:
| /* confdefs.h */
| #define PACKAGE_NAME "SOCKPERF"
| #define PACKAGE_TARNAME "sockperf"
| #define PACKAGE_VERSION "3.4-no.git"
| #define PACKAGE_STRING "SOCKPERF 3.4-no.git"
| #define PACKAGE_BUGREPORT "http://github.com/mellanox/sockperf/issues"
| #define PACKAGE_URL ""
| #define PACKAGE "sockperf"
| #define VERSION "3.4-no.git"
| /* end confdefs.h.  */
| #include <ac_nonexistent.h>
configure:3928: checking for grep that handles long lines and -e
configure:3986: result: /bin/grep
configure:3991: checking for egrep
configure:4053: result: /bin/grep -E
configure:4058: checking for ANSI C header files
configure:4078: g++ -c -O3 -g  conftest.cpp >&5
configure:4078: $? = 0
configure:4151: g++ -o conftest -O3 -g   conftest.cpp  >&5
configure:4151: $? = 0
configure:4151: ./conftest
configure:4151: $? = 0
configure:4162: result: yes
configure:4175: checking for sys/types.h
configure:4175: g++ -c -O3 -g  conftest.cpp >&5
configure:4175: $? = 0
configure:4175: result: yes
configure:4175: checking for sys/stat.h
configure:4175: g++ -c -O3 -g  conftest.cpp >&5
configure:4175: $? = 0
configure:4175: result: yes
configure:4175: checking for stdlib.h
configure:4175: g++ -c -O3 -g  conftest.cpp >&5
configure:4175: $? = 0
configure:4175: result: yes
configure:4175: checking for string.h
configure:4175: g++ -c -O3 -g  conftest.cpp >&5
configure:4175: $? = 0
configure:4175: result: yes
configure:4175: checking for memory.h
configure:4175: g++ -c -O3 -g  conftest.cpp >&5
configure:4175: $? = 0
configure:4175: result: yes
configure:4175: checking for strings.h
configure:4175: g++ -c -O3 -g  conftest.cpp >&5
configure:4175: $? = 0
configure:4175: result: yes
configure:4175: checking for inttypes.h
configure:4175: g++ -c -O3 -g  conftest.cpp >&5
configure:4175: $? = 0
configure:4175: result: yes
configure:4175: checking for stdint.h
configure:4175: g++ -c -O3 -g  conftest.cpp >&5
configure:4175: $? = 0
configure:4175: result: yes
configure:4175: checking for unistd.h
configure:4175: g++ -c -O3 -g  conftest.cpp >&5
configure:4175: $? = 0
configure:4175: result: yes
configure:4200: checking for vma extra api
configure:4202: result: no
configure:4433: checking for ANSI C header files
configure:4537: result: yes
configure:4550: checking arpa/inet.h usability
configure:4550: g++ -c -O3 -g  conftest.cpp >&5
configure:4550: $? = 0
configure:4550: result: yes
configure:4550: checking arpa/inet.h presence
configure:4550: g++ -E  conftest.cpp
configure:4550: $? = 0
configure:4550: result: yes
configure:4550: checking for arpa/inet.h
configure:4550: result: yes
configure:4550: checking fcntl.h usability
configure:4550: g++ -c -O3 -g  conftest.cpp >&5
configure:4550: $? = 0
configure:4550: result: yes
configure:4550: checking fcntl.h presence
configure:4550: g++ -E  conftest.cpp
configure:4550: $? = 0
configure:4550: result: yes
configure:4550: checking for fcntl.h
configure:4550: result: yes
configure:4550: checking netinet/in.h usability
configure:4550: g++ -c -O3 -g  conftest.cpp >&5
configure:4550: $? = 0
configure:4550: result: yes
configure:4550: checking netinet/in.h presence
configure:4550: g++ -E  conftest.cpp
configure:4550: $? = 0
configure:4550: result: yes
configure:4550: checking for netinet/in.h
configure:4550: result: yes
configure:4550: checking for stdint.h
configure:4550: result: yes
configure:4550: checking for stdlib.h
configure:4550: result: yes
configure:4550: checking for string.h
configure:4550: result: yes
configure:4550: checking sys/ioctl.h usability
configure:4550: g++ -c -O3 -g  conftest.cpp >&5
configure:4550: $? = 0
configure:4550: result: yes
configure:4550: checking sys/ioctl.h presence
configure:4550: g++ -E  conftest.cpp
configure:4550: $? = 0
configure:4550: result: yes
configure:4550: checking for sys/ioctl.h
configure:4550: result: yes
configure:4550: checking sys/socket.h usability
configure:4550: g++ -c -O3 -g  conftest.cpp >&5
configure:4550: $? = 0
configure:4550: result: yes
configure:4550: checking sys/socket.h presence
configure:4550: g++ -E  conftest.cpp
configure:4550: $? = 0
configure:4550: result: yes
configure:4550: checking for sys/socket.h
configure:4550: result: yes
configure:4550: checking sys/time.h usability
configure:4550: g++ -c -O3 -g  conftest.cpp >&5
configure:4550: $? = 0
configure:4550: result: yes
configure:4550: checking sys/time.h presence
configure:4550: g++ -E  conftest.cpp
configure:4550: $? = 0
configure:4550: result: yes
configure:4550: checking for sys/time.h
configure:4550: result: yes
configure:4550: checking syslog.h usability
configure:4550: g++ -c -O3 -g  conftest.cpp >&5
configure:4550: $? = 0
configure:4550: result: yes
configure:4550: checking syslog.h presence
configure:4550: g++ -E  conftest.cpp
configure:4550: $? = 0
configure:4550: result: yes
configure:4550: checking for syslog.h
configure:4550: result: yes
configure:4550: checking termios.h usability
configure:4550: g++ -c -O3 -g  conftest.cpp >&5
configure:4550: $? = 0
configure:4550: result: yes
configure:4550: checking termios.h presence
configure:4550: g++ -E  conftest.cpp
configure:4550: $? = 0
configure:4550: result: yes
configure:4550: checking for termios.h
configure:4550: result: yes
configure:4550: checking for unistd.h
configure:4550: result: yes
configure:4564: checking for ANSI C header files
configure:4668: result: yes
configure:4676: checking for library containing clock_gettime
configure:4707: g++ -o conftest -O3 -g   conftest.cpp  >&5
configure:4707: $? = 0
configure:4724: result: none required
configure:4734: checking for library containing pthread_create
configure:4765: g++ -o conftest -O3 -g   conftest.cpp  >&5
/tmp/cc7nPqrh.o: In function `main':
/home/sgeorgiou/GitHub/phoronixDataSet/tasks/sockperf/conftest.cpp:47: undefined reference to `pthread_create'
collect2: error: ld returned 1 exit status
configure:4765: $? = 1
configure: failed program was:
| /* confdefs.h */
| #define PACKAGE_NAME "SOCKPERF"
| #define PACKAGE_TARNAME "sockperf"
| #define PACKAGE_VERSION "3.4-no.git"
| #define PACKAGE_STRING "SOCKPERF 3.4-no.git"
| #define PACKAGE_BUGREPORT "http://github.com/mellanox/sockperf/issues"
| #define PACKAGE_URL ""
| #define PACKAGE "sockperf"
| #define VERSION "3.4-no.git"
| #define STDC_HEADERS 1
| #define HAVE_SYS_TYPES_H 1
| #define HAVE_SYS_STAT_H 1
| #define HAVE_STDLIB_H 1
| #define HAVE_STRING_H 1
| #define HAVE_MEMORY_H 1
| #define HAVE_STRINGS_H 1
| #define HAVE_INTTYPES_H 1
| #define HAVE_STDINT_H 1
| #define HAVE_UNISTD_H 1
| #define NDEBUG /**/
| #define STDC_HEADERS 1
| #define HAVE_ARPA_INET_H 1
| #define HAVE_FCNTL_H 1
| #define HAVE_NETINET_IN_H 1
| #define HAVE_STDINT_H 1
| #define HAVE_STDLIB_H 1
| #define HAVE_STRING_H 1
| #define HAVE_SYS_IOCTL_H 1
| #define HAVE_SYS_SOCKET_H 1
| #define HAVE_SYS_TIME_H 1
| #define HAVE_SYSLOG_H 1
| #define HAVE_TERMIOS_H 1
| #define HAVE_UNISTD_H 1
| #define STDC_HEADERS 1
| /* end confdefs.h.  */
| 
| /* Override any GCC internal prototype to avoid an error.
|    Use char because int might match the return type of a GCC
|    builtin and then its argument prototype would still apply.  */
| #ifdef __cplusplus
| extern "C"
| #endif
| char pthread_create ();
| int
| main ()
| {
| return pthread_create ();
|   ;
|   return 0;
| }
configure:4765: g++ -o conftest -O3 -g   conftest.cpp -lpthread   >&5
configure:4765: $? = 0
configure:4782: result: -lpthread
configure:4792: checking for library containing backtrace
configure:4823: g++ -o conftest -O3 -g   conftest.cpp -lpthread  >&5
configure:4823: $? = 0
configure:4840: result: none required
configure:4850: checking for library containing dlsym
configure:4881: g++ -o conftest -O3 -g   conftest.cpp -lpthread  >&5
/tmp/cccSznGq.o: In function `main':
/home/sgeorgiou/GitHub/phoronixDataSet/tasks/sockperf/conftest.cpp:47: undefined reference to `dlsym'
collect2: error: ld returned 1 exit status
configure:4881: $? = 1
configure: failed program was:
| /* confdefs.h */
| #define PACKAGE_NAME "SOCKPERF"
| #define PACKAGE_TARNAME "sockperf"
| #define PACKAGE_VERSION "3.4-no.git"
| #define PACKAGE_STRING "SOCKPERF 3.4-no.git"
| #define PACKAGE_BUGREPORT "http://github.com/mellanox/sockperf/issues"
| #define PACKAGE_URL ""
| #define PACKAGE "sockperf"
| #define VERSION "3.4-no.git"
| #define STDC_HEADERS 1
| #define HAVE_SYS_TYPES_H 1
| #define HAVE_SYS_STAT_H 1
| #define HAVE_STDLIB_H 1
| #define HAVE_STRING_H 1
| #define HAVE_MEMORY_H 1
| #define HAVE_STRINGS_H 1
| #define HAVE_INTTYPES_H 1
| #define HAVE_STDINT_H 1
| #define HAVE_UNISTD_H 1
| #define NDEBUG /**/
| #define STDC_HEADERS 1
| #define HAVE_ARPA_INET_H 1
| #define HAVE_FCNTL_H 1
| #define HAVE_NETINET_IN_H 1
| #define HAVE_STDINT_H 1
| #define HAVE_STDLIB_H 1
| #define HAVE_STRING_H 1
| #define HAVE_SYS_IOCTL_H 1
| #define HAVE_SYS_SOCKET_H 1
| #define HAVE_SYS_TIME_H 1
| #define HAVE_SYSLOG_H 1
| #define HAVE_TERMIOS_H 1
| #define HAVE_UNISTD_H 1
| #define STDC_HEADERS 1
| /* end confdefs.h.  */
| 
| /* Override any GCC internal prototype to avoid an error.
|    Use char because int might match the return type of a GCC
|    builtin and then its argument prototype would still apply.  */
| #ifdef __cplusplus
| extern "C"
| #endif
| char dlsym ();
| int
| main ()
| {
| return dlsym ();
|   ;
|   return 0;
| }
configure:4881: g++ -o conftest -O3 -g   conftest.cpp -ldl  -lpthread  >&5
configure:4881: $? = 0
configure:4898: result: -ldl
configure:5061: checking that generated files are newer than configure
configure:5067: result: done
configure:5106: creating ./config.status

## ---------------------- ##
## Running config.status. ##
## ---------------------- ##

This file was extended by SOCKPERF config.status 3.4-no.git, which was
generated by GNU Autoconf 2.69.  Invocation command line was

  CONFIG_FILES    = 
  CONFIG_HEADERS  = 
  CONFIG_LINKS    = 
  CONFIG_COMMANDS = 
  $ ./config.status 

on sgeorgiou

config.status:919: creating Makefile
config.status:919: creating tools/Makefile
config.status:919: creating tests/Makefile
config.status:919: creating doc/Doxyfile
config.status:919: creating build/sockperf.spec
config.status:919: creating config.h
config.status:1148: executing depfiles commands
configure:6442: result:
	sockperf 3.4-no.git

	prefix:		/usr/local

	compiler:	g++
	cppflags:	
	cxxflags:	 -Wall --param inline-unit-growth=200 -O3 -g
	ldflags:	

	doc:		no
	test:		no
	tool:		no
	vma_api:	no
	debug:		no


## ---------------- ##
## Cache variables. ##
## ---------------- ##

ac_cv_build=x86_64-pc-linux-gnu
ac_cv_cxx_compiler_gnu=yes
ac_cv_env_CCC_set=
ac_cv_env_CCC_value=
ac_cv_env_CPPFLAGS_set=
ac_cv_env_CPPFLAGS_value=
ac_cv_env_CXXCPP_set=
ac_cv_env_CXXCPP_value=
ac_cv_env_CXXFLAGS_set=
ac_cv_env_CXXFLAGS_value=
ac_cv_env_CXX_set=
ac_cv_env_CXX_value=
ac_cv_env_LDFLAGS_set=
ac_cv_env_LDFLAGS_value=
ac_cv_env_LIBS_set=
ac_cv_env_LIBS_value=
ac_cv_env_build_alias_set=
ac_cv_env_build_alias_value=
ac_cv_env_host_alias_set=
ac_cv_env_host_alias_value=
ac_cv_env_target_alias_set=
ac_cv_env_target_alias_value=
ac_cv_header_arpa_inet_h=yes
ac_cv_header_fcntl_h=yes
ac_cv_header_inttypes_h=yes
ac_cv_header_memory_h=yes
ac_cv_header_netinet_in_h=yes
ac_cv_header_stdc=yes
ac_cv_header_stdint_h=yes
ac_cv_header_stdlib_h=yes
ac_cv_header_string_h=yes
ac_cv_header_strings_h=yes
ac_cv_header_sys_ioctl_h=yes
ac_cv_header_sys_socket_h=yes
ac_cv_header_sys_stat_h=yes
ac_cv_header_sys_time_h=yes
ac_cv_header_sys_types_h=yes
ac_cv_header_syslog_h=yes
ac_cv_header_termios_h=yes
ac_cv_header_unistd_h=yes
ac_cv_host=x86_64-pc-linux-gnu
ac_cv_objext=o
ac_cv_path_EGREP='/bin/grep -E'
ac_cv_path_GREP=/bin/grep
ac_cv_path_install='/usr/bin/install -c'
ac_cv_path_mkdir=/bin/mkdir
ac_cv_prog_AWK=gawk
ac_cv_prog_CXXCPP='g++ -E'
ac_cv_prog_ac_ct_CXX=g++
ac_cv_prog_cxx_g=yes
ac_cv_prog_make_make_set=yes
ac_cv_search_backtrace='none required'
ac_cv_search_clock_gettime='none required'
ac_cv_search_dlsym=-ldl
ac_cv_search_pthread_create=-lpthread
ac_cv_target=x86_64-pc-linux-gnu
am_cv_CXX_dependencies_compiler_type=gcc3
am_cv_make_support_nested_variables=yes
sockperf_cv_cxxflags__Wall=yes
sockperf_cv_cxxflags___param_inline_unit_growth_200=yes

## ----------------- ##
## Output variables. ##
## ----------------- ##

AARCH64_FALSE=''
AARCH64_TRUE='#'
ACLOCAL='${SHELL} /home/sgeorgiou/GitHub/phoronixDataSet/tasks/sockperf/config/aux/missing aclocal-1.15'
AMDEPBACKSLASH='\'
AMDEP_FALSE='#'
AMDEP_TRUE=''
AMTAR='$${TAR-tar}'
AM_BACKSLASH='\'
AM_DEFAULT_V='$(AM_DEFAULT_VERBOSITY)'
AM_DEFAULT_VERBOSITY='1'
AM_LTLDFLAGS=''
AM_RUNTESTFLAGS=''
AM_V='$(V)'
ARM_FALSE=''
ARM_TRUE='#'
AUTOCONF='${SHELL} /home/sgeorgiou/GitHub/phoronixDataSet/tasks/sockperf/config/aux/missing autoconf'
AUTOHEADER='${SHELL} /home/sgeorgiou/GitHub/phoronixDataSet/tasks/sockperf/config/aux/missing autoheader'
AUTOMAKE='${SHELL} /home/sgeorgiou/GitHub/phoronixDataSet/tasks/sockperf/config/aux/missing automake-1.15'
AWK='gawk'
CPPFLAGS=''
CXX='g++'
CXXCPP='g++ -E'
CXXDEPMODE='depmode=gcc3'
CXXFLAGS='-O3 -g'
CYGPATH_W='echo'
DEFS='-DHAVE_CONFIG_H'
DEPDIR='.deps'
DOC_FALSE=''
DOC_TRUE='#'
DOXYGEN=''
ECHO_C=''
ECHO_N='-n'
ECHO_T=''
EGREP='/bin/grep -E'
EXEEXT=''
FREEBSD_FALSE=''
FREEBSD_TRUE='#'
GREP='/bin/grep'
IA64_FALSE=''
IA64_TRUE='#'
INSTALL_DATA='${INSTALL} -m 644'
INSTALL_PROGRAM='${INSTALL}'
INSTALL_SCRIPT='${INSTALL}'
INSTALL_STRIP_PROGRAM='$(install_sh) -c -s'
LDFLAGS=''
LIBOBJS=''
LIBS='-ldl -lpthread '
LTLIBOBJS=''
MAINT='#'
MAINTAINER_MODE_FALSE=''
MAINTAINER_MODE_TRUE='#'
MAKEINFO='${SHELL} /home/sgeorgiou/GitHub/phoronixDataSet/tasks/sockperf/config/aux/missing makeinfo'
MKDIR_P='/bin/mkdir -p'
OBJEXT='o'
OUR_CXXFLAGS=' -Wall --param inline-unit-growth=200'
PACKAGE='sockperf'
PACKAGE_BUGREPORT='http://github.com/mellanox/sockperf/issues'
PACKAGE_NAME='SOCKPERF'
PACKAGE_STRING='SOCKPERF 3.4-no.git'
PACKAGE_TARNAME='sockperf'
PACKAGE_URL=''
PACKAGE_VERSION='3.4-no.git'
PATH_SEPARATOR=':'
POWERPC_AIX_FALSE=''
POWERPC_AIX_TRUE='#'
POWERPC_DARWIN_FALSE=''
POWERPC_DARWIN_TRUE='#'
POWERPC_FALSE=''
POWERPC_FREEBSD_FALSE=''
POWERPC_FREEBSD_TRUE='#'
POWERPC_TRUE='#'
S390_FALSE=''
S390_TRUE='#'
SET_MAKE=''
SHELL='/bin/bash'
STRIP=''
TARGET='X86_64'
TARGETDIR='x86'
TEST_FALSE=''
TEST_TRUE='#'
TOOL_FALSE=''
TOOL_TRUE='#'
VERSION='3.4-no.git'
X86_FALSE=''
X86_TRUE='#'
ac_ct_CXX='g++'
am__EXEEXT_FALSE=''
am__EXEEXT_TRUE='#'
am__fastdepCXX_FALSE='#'
am__fastdepCXX_TRUE=''
am__include='include'
am__isrc=''
am__leading_dot='.'
am__nodep='_no'
am__quote=''
am__tar='$${TAR-tar} chof - "$$tardir"'
am__untar='$${TAR-tar} xf -'
bindir='${exec_prefix}/bin'
build='x86_64-pc-linux-gnu'
build_alias=''
build_cpu='x86_64'
build_os='linux-gnu'
build_vendor='pc'
datadir='${datarootdir}'
datarootdir='${prefix}/share'
docdir='${datarootdir}/doc/${PACKAGE_TARNAME}'
dvidir='${docdir}'
exec_prefix='${prefix}'
host='x86_64-pc-linux-gnu'
host_alias=''
host_cpu='x86_64'
host_os='linux-gnu'
host_vendor='pc'
htmldir='${docdir}'
includedir='${prefix}/include'
infodir='${datarootdir}/info'
install_sh='${SHELL} /home/sgeorgiou/GitHub/phoronixDataSet/tasks/sockperf/config/aux/install-sh'
libdir='${exec_prefix}/lib'
libexecdir='${exec_prefix}/libexec'
localedir='${datarootdir}/locale'
localstatedir='${prefix}/var'
mandir='${datarootdir}/man'
mkdir_p='$(MKDIR_P)'
oldincludedir='/usr/include'
pdfdir='${docdir}'
prefix='/usr/local'
program_transform_name='s,x,x,'
psdir='${docdir}'
runstatedir='${localstatedir}/run'
sbindir='${exec_prefix}/sbin'
sharedstatedir='${prefix}/com'
sysconfdir='${prefix}/etc'
target='x86_64-pc-linux-gnu'
target_alias=''
target_cpu='x86_64'
target_os='linux-gnu'
target_vendor='pc'

## ----------- ##
## confdefs.h. ##
## ----------- ##

/* confdefs.h */
#define PACKAGE_NAME "SOCKPERF"
#define PACKAGE_TARNAME "sockperf"
#define PACKAGE_VERSION "3.4-no.git"
#define PACKAGE_STRING "SOCKPERF 3.4-no.git"
#define PACKAGE_BUGREPORT "http://github.com/mellanox/sockperf/issues"
#define PACKAGE_URL ""
#define PACKAGE "sockperf"
#define VERSION "3.4-no.git"
#define STDC_HEADERS 1
#define HAVE_SYS_TYPES_H 1
#define HAVE_SYS_STAT_H 1
#define HAVE_STDLIB_H 1
#define HAVE_STRING_H 1
#define HAVE_MEMORY_H 1
#define HAVE_STRINGS_H 1
#define HAVE_INTTYPES_H 1
#define HAVE_STDINT_H 1
#define HAVE_UNISTD_H 1
#define NDEBUG /**/
#define STDC_HEADERS 1
#define HAVE_ARPA_INET_H 1
#define HAVE_FCNTL_H 1
#define HAVE_NETINET_IN_H 1
#define HAVE_STDINT_H 1
#define HAVE_STDLIB_H 1
#define HAVE_STRING_H 1
#define HAVE_SYS_IOCTL_H 1
#define HAVE_SYS_SOCKET_H 1
#define HAVE_SYS_TIME_H 1
#define HAVE_SYSLOG_H 1
#define HAVE_TERMIOS_H 1
#define HAVE_UNISTD_H 1
#define STDC_HEADERS 1

configure: exit 0
