This file contains any messages produced by compilers while
running configure, to aid debugging if configure makes a mistake.

It was created by aircrack-ng configure 1.6.0_rev-e708c21e, which was
generated by GNU Autoconf 2.69.  Invocation command line was

  $ ./configure --with-experimental

## --------- ##
## Platform. ##
## --------- ##

hostname = sgeorgiou
uname -m = x86_64
uname -r = 5.0.0-37-generic
uname -s = Linux
uname -v = #40~18.04.1-Ubuntu SMP Thu Nov 14 12:06:39 UTC 2019

/usr/bin/uname -p = unknown
/bin/uname -X     = unknown

/bin/arch              = unknown
/usr/bin/arch -k       = unknown
/usr/convex/getsysinfo = unknown
/usr/bin/hostinfo      = unknown
/bin/machine           = unknown
/usr/bin/oslevel       = unknown
/bin/universe          = unknown

PATH: /usr/local/sbin
PATH: /usr/local/bin
PATH: /usr/sbin
PATH: /usr/bin
PATH: /sbin
PATH: /bin
PATH: /usr/games
PATH: /usr/local/games
PATH: /snap/bin


## ----------- ##
## Core tests. ##
## ----------- ##

configure:3268: checking build system type
configure:3282: result: x86_64-pc-linux-gnu
configure:3302: checking host system type
configure:3315: result: x86_64-pc-linux-gnu
configure:3335: checking target system type
configure:3348: result: x86_64-pc-linux-gnu
configure:3427: checking for a BSD-compatible install
configure:3495: result: /usr/bin/install -c
configure:3506: checking whether build environment is sane
configure:3561: result: yes
configure:3712: checking for a thread-safe mkdir -p
configure:3751: result: /bin/mkdir -p
configure:3758: checking for gawk
configure:3774: found /usr/bin/gawk
configure:3785: result: gawk
configure:3796: checking whether make sets $(MAKE)
configure:3818: result: yes
configure:3847: checking whether make supports nested variables
configure:3864: result: yes
configure:3991: checking whether to enable maintainer-specific portions of Makefiles
configure:4000: result: yes
configure:4027: checking whether make supports nested variables
configure:4044: result: yes
configure:4078: checking for style of include used by make
configure:4106: result: GNU
configure:4179: checking for gcc
configure:4195: found /usr/bin/gcc
configure:4206: result: gcc
configure:4435: checking for C compiler version
configure:4444: gcc --version >&5
gcc (Ubuntu 7.4.0-1ubuntu1~18.04.1) 7.4.0
Copyright (C) 2017 Free Software Foundation, Inc.
This is free software; see the source for copying conditions.  There is NO
warranty; not even for MERCHANTABILITY or FITNESS FOR A PARTICULAR PURPOSE.

configure:4455: $? = 0
configure:4444: gcc -v >&5
Using built-in specs.
COLLECT_GCC=gcc
COLLECT_LTO_WRAPPER=/usr/lib/gcc/x86_64-linux-gnu/7/lto-wrapper
OFFLOAD_TARGET_NAMES=nvptx-none
OFFLOAD_TARGET_DEFAULT=1
Target: x86_64-linux-gnu
Configured with: ../src/configure -v --with-pkgversion='Ubuntu 7.4.0-1ubuntu1~18.04.1' --with-bugurl=file:///usr/share/doc/gcc-7/README.Bugs --enable-languages=c,ada,c++,go,brig,d,fortran,objc,obj-c++ --prefix=/usr --with-gcc-major-version-only --program-suffix=-7 --program-prefix=x86_64-linux-gnu- --enable-shared --enable-linker-build-id --libexecdir=/usr/lib --without-included-gettext --enable-threads=posix --libdir=/usr/lib --enable-nls --with-sysroot=/ --enable-clocale=gnu --enable-libstdcxx-debug --enable-libstdcxx-time=yes --with-default-libstdcxx-abi=new --enable-gnu-unique-object --disable-vtable-verify --enable-libmpx --enable-plugin --enable-default-pie --with-system-zlib --with-target-system-zlib --enable-objc-gc=auto --enable-multiarch --disable-werror --with-arch-32=i686 --with-abi=m64 --with-multilib-list=m32,m64,mx32 --enable-multilib --with-tune=generic --enable-offload-targets=nvptx-none --without-cuda-driver --enable-checking=release --build=x86_64-linux-gnu --host=x86_64-linux-gnu --target=x86_64-linux-gnu
Thread model: posix
gcc version 7.4.0 (Ubuntu 7.4.0-1ubuntu1~18.04.1) 
configure:4455: $? = 0
configure:4444: gcc -V >&5
gcc: error: unrecognized command line option '-V'
gcc: fatal error: no input files
compilation terminated.
configure:4455: $? = 1
configure:4444: gcc -qversion >&5
gcc: error: unrecognized command line option '-qversion'; did you mean '--version'?
gcc: fatal error: no input files
compilation terminated.
configure:4455: $? = 1
configure:4475: checking whether the C compiler works
configure:4497: gcc    conftest.c  >&5
configure:4501: $? = 0
configure:4549: result: yes
configure:4552: checking for C compiler default output file name
configure:4554: result: a.out
configure:4560: checking for suffix of executables
configure:4567: gcc -o conftest    conftest.c  >&5
configure:4571: $? = 0
configure:4593: result: 
configure:4615: checking whether we are cross compiling
configure:4623: gcc -o conftest    conftest.c  >&5
configure:4627: $? = 0
configure:4634: ./conftest
configure:4638: $? = 0
configure:4653: result: no
configure:4658: checking for suffix of object files
configure:4680: gcc -c   conftest.c >&5
configure:4684: $? = 0
configure:4705: result: o
configure:4709: checking whether we are using the GNU C compiler
configure:4728: gcc -c   conftest.c >&5
configure:4728: $? = 0
configure:4737: result: yes
configure:4746: checking whether gcc accepts -g
configure:4766: gcc -c -g  conftest.c >&5
configure:4766: $? = 0
configure:4807: result: yes
configure:4824: checking for gcc option to accept ISO C89
configure:4887: gcc  -c -g -O2  conftest.c >&5
configure:4887: $? = 0
configure:4900: result: none needed
configure:4925: checking whether gcc understands -c and -o together
configure:4947: gcc -c conftest.c -o conftest2.o
configure:4950: $? = 0
configure:4947: gcc -c conftest.c -o conftest2.o
configure:4950: $? = 0
configure:4962: result: yes
configure:4981: checking dependency style of gcc
configure:5092: result: gcc3
configure:5169: checking for g++
configure:5185: found /usr/bin/g++
configure:5196: result: g++
configure:5223: checking for C++ compiler version
configure:5232: g++ --version >&5
g++ (Ubuntu 7.4.0-1ubuntu1~18.04.1) 7.4.0
Copyright (C) 2017 Free Software Foundation, Inc.
This is free software; see the source for copying conditions.  There is NO
warranty; not even for MERCHANTABILITY or FITNESS FOR A PARTICULAR PURPOSE.

configure:5243: $? = 0
configure:5232: g++ -v >&5
Using built-in specs.
COLLECT_GCC=g++
COLLECT_LTO_WRAPPER=/usr/lib/gcc/x86_64-linux-gnu/7/lto-wrapper
OFFLOAD_TARGET_NAMES=nvptx-none
OFFLOAD_TARGET_DEFAULT=1
Target: x86_64-linux-gnu
Configured with: ../src/configure -v --with-pkgversion='Ubuntu 7.4.0-1ubuntu1~18.04.1' --with-bugurl=file:///usr/share/doc/gcc-7/README.Bugs --enable-languages=c,ada,c++,go,brig,d,fortran,objc,obj-c++ --prefix=/usr --with-gcc-major-version-only --program-suffix=-7 --program-prefix=x86_64-linux-gnu- --enable-shared --enable-linker-build-id --libexecdir=/usr/lib --without-included-gettext --enable-threads=posix --libdir=/usr/lib --enable-nls --with-sysroot=/ --enable-clocale=gnu --enable-libstdcxx-debug --enable-libstdcxx-time=yes --with-default-libstdcxx-abi=new --enable-gnu-unique-object --disable-vtable-verify --enable-libmpx --enable-plugin --enable-default-pie --with-system-zlib --with-target-system-zlib --enable-objc-gc=auto --enable-multiarch --disable-werror --with-arch-32=i686 --with-abi=m64 --with-multilib-list=m32,m64,mx32 --enable-multilib --with-tune=generic --enable-offload-targets=nvptx-none --without-cuda-driver --enable-checking=release --build=x86_64-linux-gnu --host=x86_64-linux-gnu --target=x86_64-linux-gnu
Thread model: posix
gcc version 7.4.0 (Ubuntu 7.4.0-1ubuntu1~18.04.1) 
configure:5243: $? = 0
configure:5232: g++ -V >&5
g++: error: unrecognized command line option '-V'
g++: fatal error: no input files
compilation terminated.
configure:5243: $? = 1
configure:5232: g++ -qversion >&5
g++: error: unrecognized command line option '-qversion'; did you mean '--version'?
g++: fatal error: no input files
compilation terminated.
configure:5243: $? = 1
configure:5247: checking whether we are using the GNU C++ compiler
configure:5266: g++ -c   conftest.cpp >&5
configure:5266: $? = 0
configure:5275: result: yes
configure:5284: checking whether g++ accepts -g
configure:5304: g++ -c -g  conftest.cpp >&5
configure:5304: $? = 0
configure:5345: result: yes
configure:5370: checking dependency style of g++
configure:5481: result: gcc3
configure:5508: checking dependency style of gcc
configure:5617: result: gcc3
configure:5686: checking for pkg-config
configure:5704: found /usr/bin/pkg-config
configure:5716: result: /usr/bin/pkg-config
configure:5741: checking pkg-config is at least version 0.9.0
configure:5744: result: yes
configure:5831: checking how to print strings
configure:5858: result: printf
configure:5879: checking for a sed that does not truncate output
configure:5943: result: /bin/sed
configure:5961: checking for grep that handles long lines and -e
configure:6019: result: /bin/grep
configure:6024: checking for egrep
configure:6086: result: /bin/grep -E
configure:6091: checking for fgrep
configure:6153: result: /bin/grep -F
configure:6188: checking for ld used by gcc
configure:6255: result: /usr/bin/ld
configure:6262: checking if the linker (/usr/bin/ld) is GNU ld
configure:6277: result: yes
configure:6289: checking for BSD- or MS-compatible name lister (nm)
configure:6343: result: /usr/bin/nm -B
configure:6473: checking the name lister (/usr/bin/nm -B) interface
configure:6480: gcc -c   conftest.c >&5
configure:6483: /usr/bin/nm -B "conftest.o"
configure:6486: output
0000000000000000 B some_variable
configure:6493: result: BSD nm
configure:6496: checking whether ln -s works
configure:6500: result: yes
configure:6508: checking the maximum length of command line arguments
configure:6639: result: 1572864
configure:6687: checking how to convert x86_64-pc-linux-gnu file names to x86_64-pc-linux-gnu format
configure:6727: result: func_convert_file_noop
configure:6734: checking how to convert x86_64-pc-linux-gnu file names to toolchain format
configure:6754: result: func_convert_file_noop
configure:6761: checking for /usr/bin/ld option to reload object files
configure:6768: result: -r
configure:6842: checking for objdump
configure:6858: found /usr/bin/objdump
configure:6869: result: objdump
configure:6898: checking how to recognize dependent libraries
configure:7098: result: pass_all
configure:7183: checking for dlltool
configure:7213: result: no
configure:7240: checking how to associate runtime and link libraries
configure:7267: result: printf %s\n
configure:7328: checking for ar
configure:7344: found /usr/bin/ar
configure:7355: result: ar
configure:7392: checking for archiver @FILE support
configure:7409: gcc -c   conftest.c >&5
configure:7409: $? = 0
configure:7412: ar cru libconftest.a @conftest.lst >&5
ar: `u' modifier ignored since `D' is the default (see `U')
configure:7415: $? = 0
configure:7420: ar cru libconftest.a @conftest.lst >&5
ar: `u' modifier ignored since `D' is the default (see `U')
ar: conftest.o: No such file or directory
configure:7423: $? = 1
configure:7435: result: @
configure:7493: checking for strip
configure:7509: found /usr/bin/strip
configure:7520: result: strip
configure:7592: checking for ranlib
configure:7608: found /usr/bin/ranlib
configure:7619: result: ranlib
configure:7721: checking command to parse /usr/bin/nm -B output from gcc object
configure:7874: gcc -c   conftest.c >&5
configure:7877: $? = 0
configure:7881: /usr/bin/nm -B conftest.o \| sed -n -e 's/^.*[ ]\([ABCDGIRSTW][ABCDGIRSTW]*\)[ ][ ]*\([_A-Za-z][_A-Za-z0-9]*\)$/\1 \2 \2/p' | sed '/ __gnu_lto/d' \> conftest.nm
configure:7884: $? = 0
configure:7950: gcc -o conftest    conftest.c conftstm.o >&5
configure:7953: $? = 0
configure:7991: result: ok
configure:8038: checking for sysroot
configure:8068: result: no
configure:8075: checking for a working dd
configure:8113: result: /bin/dd
configure:8117: checking how to truncate binary pipes
configure:8132: result: /bin/dd bs=4096 count=1
configure:8268: gcc -c   conftest.c >&5
configure:8271: $? = 0
configure:8461: checking for mt
configure:8477: found /bin/mt
configure:8488: result: mt
configure:8511: checking if mt is a manifest tool
configure:8517: mt '-?'
configure:8525: result: no
configure:9202: checking how to run the C preprocessor
configure:9233: gcc -E  conftest.c
configure:9233: $? = 0
configure:9247: gcc -E  conftest.c
conftest.c:13:10: fatal error: ac_nonexistent.h: No such file or directory
 #include <ac_nonexistent.h>
          ^~~~~~~~~~~~~~~~~~
compilation terminated.
configure:9247: $? = 1
configure: failed program was:
| /* confdefs.h */
| #define PACKAGE_NAME "aircrack-ng"
| #define PACKAGE_TARNAME "aircrack-ng"
| #define PACKAGE_VERSION "1.6.0_rev-e708c21e"
| #define PACKAGE_STRING "aircrack-ng 1.6.0_rev-e708c21e"
| #define PACKAGE_BUGREPORT "https://forum.aircrack-ng.org"
| #define PACKAGE_URL ""
| #define PACKAGE "aircrack-ng"
| #define VERSION "1.6.0_rev-e708c21e"
| #define _REVISION "1.6.0_rev-e708c21e"
| #define LT_CYGWIN_VER "-1-6-0.dll"
| /* end confdefs.h.  */
| #include <ac_nonexistent.h>
configure:9272: result: gcc -E
configure:9292: gcc -E  conftest.c
configure:9292: $? = 0
configure:9306: gcc -E  conftest.c
conftest.c:13:10: fatal error: ac_nonexistent.h: No such file or directory
 #include <ac_nonexistent.h>
          ^~~~~~~~~~~~~~~~~~
compilation terminated.
configure:9306: $? = 1
configure: failed program was:
| /* confdefs.h */
| #define PACKAGE_NAME "aircrack-ng"
| #define PACKAGE_TARNAME "aircrack-ng"
| #define PACKAGE_VERSION "1.6.0_rev-e708c21e"
| #define PACKAGE_STRING "aircrack-ng 1.6.0_rev-e708c21e"
| #define PACKAGE_BUGREPORT "https://forum.aircrack-ng.org"
| #define PACKAGE_URL ""
| #define PACKAGE "aircrack-ng"
| #define VERSION "1.6.0_rev-e708c21e"
| #define _REVISION "1.6.0_rev-e708c21e"
| #define LT_CYGWIN_VER "-1-6-0.dll"
| /* end confdefs.h.  */
| #include <ac_nonexistent.h>
configure:9335: checking for ANSI C header files
configure:9355: gcc -c   conftest.c >&5
configure:9355: $? = 0
configure:9428: gcc -o conftest    conftest.c  >&5
configure:9428: $? = 0
configure:9428: ./conftest
configure:9428: $? = 0
configure:9439: result: yes
configure:9452: checking for sys/types.h
configure:9452: gcc -c   conftest.c >&5
configure:9452: $? = 0
configure:9452: result: yes
configure:9452: checking for sys/stat.h
configure:9452: gcc -c   conftest.c >&5
configure:9452: $? = 0
configure:9452: result: yes
configure:9452: checking for stdlib.h
configure:9452: gcc -c   conftest.c >&5
configure:9452: $? = 0
configure:9452: result: yes
configure:9452: checking for string.h
configure:9452: gcc -c   conftest.c >&5
configure:9452: $? = 0
configure:9452: result: yes
configure:9452: checking for memory.h
configure:9452: gcc -c   conftest.c >&5
configure:9452: $? = 0
configure:9452: result: yes
configure:9452: checking for strings.h
configure:9452: gcc -c   conftest.c >&5
configure:9452: $? = 0
configure:9452: result: yes
configure:9452: checking for inttypes.h
configure:9452: gcc -c   conftest.c >&5
configure:9452: $? = 0
configure:9452: result: yes
configure:9452: checking for stdint.h
configure:9452: gcc -c   conftest.c >&5
configure:9452: $? = 0
configure:9452: result: yes
configure:9452: checking for unistd.h
configure:9452: gcc -c   conftest.c >&5
configure:9452: $? = 0
configure:9452: result: yes
configure:9466: checking for dlfcn.h
configure:9466: gcc -c   conftest.c >&5
configure:9466: $? = 0
configure:9466: result: yes
configure:10029: checking for objdir
configure:10044: result: .libs
configure:10308: checking if gcc supports -fno-rtti -fno-exceptions
configure:10326: gcc -c   -fno-rtti -fno-exceptions conftest.c >&5
cc1: warning: command line option '-fno-rtti' is valid for C++/ObjC++ but not for C
configure:10330: $? = 0
configure:10343: result: no
configure:10701: checking for gcc option to produce PIC
configure:10708: result: -fPIC -DPIC
configure:10716: checking if gcc PIC flag -fPIC -DPIC works
configure:10734: gcc -c   -fPIC -DPIC -DPIC conftest.c >&5
configure:10738: $? = 0
configure:10751: result: yes
configure:10780: checking if gcc static flag -static works
configure:10808: result: yes
configure:10823: checking if gcc supports -c -o file.o
configure:10844: gcc -c   -o out/conftest2.o conftest.c >&5
configure:10848: $? = 0
configure:10870: result: yes
configure:10878: checking if gcc supports -c -o file.o
configure:10925: result: yes
configure:10958: checking whether the gcc linker (/usr/bin/ld -m elf_x86_64) supports shared libraries
configure:12221: result: yes
configure:12258: checking whether -lc should be explicitly linked in
configure:12266: gcc -c   conftest.c >&5
configure:12269: $? = 0
configure:12284: gcc -shared  -fPIC -DPIC conftest.o  -v -Wl,-soname -Wl,conftest -o conftest 2\>\&1 \| /bin/grep  -lc  \>/dev/null 2\>\&1
configure:12287: $? = 0
configure:12301: result: no
configure:12461: checking dynamic linker characteristics
configure:13042: gcc -o conftest    -Wl,-rpath -Wl,/foo conftest.c  >&5
configure:13042: $? = 0
configure:13291: result: GNU/Linux ld.so
configure:13413: checking how to hardcode library paths into programs
configure:13438: result: immediate
configure:13986: checking whether stripping libraries is possible
configure:13991: result: yes
configure:14026: checking if libtool supports shared libraries
configure:14028: result: yes
configure:14031: checking whether to build shared libraries
configure:14056: result: yes
configure:14059: checking whether to build static libraries
configure:14063: result: no
configure:14086: checking how to run the C++ preprocessor
configure:14113: g++ -E  conftest.cpp
configure:14113: $? = 0
configure:14127: g++ -E  conftest.cpp
conftest.cpp:25:10: fatal error: ac_nonexistent.h: No such file or directory
 #include <ac_nonexistent.h>
          ^~~~~~~~~~~~~~~~~~
compilation terminated.
configure:14127: $? = 1
configure: failed program was:
| /* confdefs.h */
| #define PACKAGE_NAME "aircrack-ng"
| #define PACKAGE_TARNAME "aircrack-ng"
| #define PACKAGE_VERSION "1.6.0_rev-e708c21e"
| #define PACKAGE_STRING "aircrack-ng 1.6.0_rev-e708c21e"
| #define PACKAGE_BUGREPORT "https://forum.aircrack-ng.org"
| #define PACKAGE_URL ""
| #define PACKAGE "aircrack-ng"
| #define VERSION "1.6.0_rev-e708c21e"
| #define _REVISION "1.6.0_rev-e708c21e"
| #define LT_CYGWIN_VER "-1-6-0.dll"
| #define STDC_HEADERS 1
| #define HAVE_SYS_TYPES_H 1
| #define HAVE_SYS_STAT_H 1
| #define HAVE_STDLIB_H 1
| #define HAVE_STRING_H 1
| #define HAVE_MEMORY_H 1
| #define HAVE_STRINGS_H 1
| #define HAVE_INTTYPES_H 1
| #define HAVE_STDINT_H 1
| #define HAVE_UNISTD_H 1
| #define HAVE_DLFCN_H 1
| #define LT_OBJDIR ".libs/"
| /* end confdefs.h.  */
| #include <ac_nonexistent.h>
configure:14152: result: g++ -E
configure:14172: g++ -E  conftest.cpp
configure:14172: $? = 0
configure:14186: g++ -E  conftest.cpp
conftest.cpp:25:10: fatal error: ac_nonexistent.h: No such file or directory
 #include <ac_nonexistent.h>
          ^~~~~~~~~~~~~~~~~~
compilation terminated.
configure:14186: $? = 1
configure: failed program was:
| /* confdefs.h */
| #define PACKAGE_NAME "aircrack-ng"
| #define PACKAGE_TARNAME "aircrack-ng"
| #define PACKAGE_VERSION "1.6.0_rev-e708c21e"
| #define PACKAGE_STRING "aircrack-ng 1.6.0_rev-e708c21e"
| #define PACKAGE_BUGREPORT "https://forum.aircrack-ng.org"
| #define PACKAGE_URL ""
| #define PACKAGE "aircrack-ng"
| #define VERSION "1.6.0_rev-e708c21e"
| #define _REVISION "1.6.0_rev-e708c21e"
| #define LT_CYGWIN_VER "-1-6-0.dll"
| #define STDC_HEADERS 1
| #define HAVE_SYS_TYPES_H 1
| #define HAVE_SYS_STAT_H 1
| #define HAVE_STDLIB_H 1
| #define HAVE_STRING_H 1
| #define HAVE_MEMORY_H 1
| #define HAVE_STRINGS_H 1
| #define HAVE_INTTYPES_H 1
| #define HAVE_STDINT_H 1
| #define HAVE_UNISTD_H 1
| #define HAVE_DLFCN_H 1
| #define LT_OBJDIR ".libs/"
| /* end confdefs.h.  */
| #include <ac_nonexistent.h>
configure:14348: checking for ld used by g++
configure:14415: result: /usr/bin/ld -m elf_x86_64
configure:14422: checking if the linker (/usr/bin/ld -m elf_x86_64) is GNU ld
configure:14437: result: yes
configure:14492: checking whether the g++ linker (/usr/bin/ld -m elf_x86_64) supports shared libraries
configure:15565: result: yes
configure:15601: g++ -c   conftest.cpp >&5
configure:15604: $? = 0
configure:16085: checking for g++ option to produce PIC
configure:16092: result: -fPIC -DPIC
configure:16100: checking if g++ PIC flag -fPIC -DPIC works
configure:16118: g++ -c   -fPIC -DPIC -DPIC conftest.cpp >&5
configure:16122: $? = 0
configure:16135: result: yes
configure:16158: checking if g++ static flag -static works
configure:16186: result: yes
configure:16198: checking if g++ supports -c -o file.o
configure:16219: g++ -c   -o out/conftest2.o conftest.cpp >&5
configure:16223: $? = 0
configure:16245: result: yes
configure:16250: checking if g++ supports -c -o file.o
configure:16297: result: yes
configure:16327: checking whether the g++ linker (/usr/bin/ld -m elf_x86_64) supports shared libraries
configure:16370: result: yes
configure:16511: checking dynamic linker characteristics
configure:17268: result: GNU/Linux ld.so
configure:17333: checking how to hardcode library paths into programs
configure:17358: result: immediate
configure:17797: checking Default static library search path
configure:17826: result:  		/usr/lib/gcc/x86_64-linux-gnu/7/ /usr/lib/gcc/x86_64-linux-gnu/7/../../../../x86_64-linux-gnu/lib/x86_64-linux-gnu/7/ /usr/lib/gcc/x86_64-linux-gnu/7/../../../../x86_64-linux-gnu/lib/x86_64-linux-gnu/ /usr/lib/gcc/x86_64-linux-gnu/7/../../../../x86_64-linux-gnu/lib/../lib/ /usr/lib/gcc/x86_64-linux-gnu/7/../../../x86_64-linux-gnu/7/ /usr/lib/gcc/x86_64-linux-gnu/7/../../../x86_64-linux-gnu/ /usr/lib/gcc/x86_64-linux-gnu/7/../../../../lib/ /lib/x86_64-linux-gnu/7/ /lib/x86_64-linux-gnu/ /lib/../lib/ /usr/lib/x86_64-linux-gnu/7/ /usr/lib/x86_64-linux-gnu/ /usr/lib/../lib/ /usr/lib/gcc/x86_64-linux-gnu/7/../../../../x86_64-linux-gnu/lib/ /usr/lib/gcc/x86_64-linux-gnu/7/../../../ /lib/ /usr/lib/ 		/opt/lib/x86_64-linux-gnu 		/opt/lib 		/usr/local/lib/x86_64-linux-gnu 		/usr/local/lib 		/usr/lib/x86_64-linux-gnu 		/usr/lib 		/lib 		/opt/lib/x86_64-linux-gnu 		/opt/lib 	
configure:18043: checking for OPENSSL_init in -lcrypto
configure:18068: gcc -o conftest    conftest.c -lcrypto   >&5
configure:18068: $? = 0
configure:18077: result: yes
configure:18086: checking openssl/crypto.h usability
configure:18086: gcc -c   conftest.c >&5
configure:18086: $? = 0
configure:18086: result: yes
configure:18086: checking openssl/crypto.h presence
configure:18086: gcc -E  conftest.c
configure:18086: $? = 0
configure:18086: result: yes
configure:18086: checking for openssl/crypto.h
configure:18086: result: yes
configure:18247: checking whether compiling and linking against OpenSSL works
Trying link with OPENSSL_LDFLAGS=; OPENSSL_LIBS=-lssl -lcrypto; OPENSSL_INCLUDES=
configure:18269: gcc -o conftest      conftest.c -lssl -lcrypto  >&5
configure:18269: $? = 0
configure:18271: result: yes
configure:18294: checking whether gcrypt is enabled
configure:18306: result: 
configure:18940: checking for OpenSSL or libgcrypt
configure:18951: result: OpenSSL
configure:18960: checking openssl/cmac.h usability
configure:18960: gcc -c   conftest.c >&5
configure:18960: $? = 0
configure:18960: result: yes
configure:18960: checking openssl/cmac.h presence
configure:18960: gcc -E  conftest.c
configure:18960: $? = 0
configure:18960: result: yes
configure:18960: checking for openssl/cmac.h
configure:18960: result: yes
configure:19010: checking for ethtool
configure:19026: found /sbin/ethtool
configure:19037: result: /sbin/ethtool
configure:19082: checking for LIBNL3X
configure:19089: $PKG_CONFIG --exists --print-errors "libnl-3.0 >= 3.2"
configure:19092: $? = 0
configure:19106: $PKG_CONFIG --exists --print-errors "libnl-3.0 >= 3.2"
configure:19109: $? = 0
configure:21621: result: yes
configure:21724: checking for expect
configure:21754: result: no
configure:21761: WARNING: expect not found; cannot run some tests
configure:21806: checking for python
configure:21822: found /usr/bin/python
configure:21833: result: python
configure:21864: checking for greadlink
configure:21894: result: no
configure:21864: checking for readlink
configure:21880: found /bin/readlink
configure:21891: result: readlink
configure:22241: checking for HWLOC
configure:22248: $PKG_CONFIG --exists --print-errors "hwloc"
configure:22251: $? = 0
configure:22265: $PKG_CONFIG --exists --print-errors "hwloc"
configure:22268: $? = 0
configure:22306: result: yes
configure:22364: checking pcap header directories
configure:22380: result: /usr/include/pcap
configure:22392: checking pcap.h usability
configure:22392: gcc -c    conftest.c >&5
configure:22392: $? = 0
configure:22392: result: yes
configure:22392: checking pcap.h presence
configure:22392: gcc -E  conftest.c
configure:22392: $? = 0
configure:22392: result: yes
configure:22392: checking for pcap.h
configure:22392: result: yes
configure:22518: checking for pcap_open_live in -lpcap
configure:22543: gcc -o conftest    conftest.c -lpcap   >&5
configure:22543: $? = 0
configure:22552: result: yes
configure:22690: checking for PCRE
configure:22697: $PKG_CONFIG --exists --print-errors "libpcre"
configure:22700: $? = 0
configure:22714: $PKG_CONFIG --exists --print-errors "libpcre"
configure:22717: $? = 0
configure:22755: result: yes
configure:22774: checking for rfkill
configure:22790: found /usr/sbin/rfkill
configure:22801: result: /usr/sbin/rfkill
configure:22959: checking for SQLite3 header
configure:22974: result: found; /usr/include/sqlite3.h
configure:23002: checking sqlite3.h usability
configure:23002: gcc -c   -I/usr/include conftest.c >&5
configure:23002: $? = 0
configure:23002: result: yes
configure:23002: checking sqlite3.h presence
configure:23002: gcc -E  -I/usr/include conftest.c
configure:23002: $? = 0
configure:23002: result: yes
configure:23002: checking for sqlite3.h
configure:23002: result: yes
configure:23017: checking for sqlite3_open in -lsqlite3
configure:23042: gcc -o conftest   -I/usr/include  -L/usr/lib -lsqlite3 conftest.c -lsqlite3   >&5
configure:23042: $? = 0
configure:23051: result: yes
configure:23064: checking for SQLite3 library version >= 3.0.0
configure:23087: gcc -c   -I/usr/include conftest.c >&5
configure:23087: $? = 0
configure:23089: result: yes
configure:23166: checking for ZLIB
configure:23173: $PKG_CONFIG --exists --print-errors "zlib"
configure:23176: $? = 0
configure:23190: $PKG_CONFIG --exists --print-errors "zlib"
configure:23193: $? = 0
configure:23231: result: yes
configure:23243: checking for CMOCKA
configure:23250: $PKG_CONFIG --exists --print-errors "cmocka"
configure:23253: $? = 0
configure:23267: $PKG_CONFIG --exists --print-errors "cmocka"
configure:23270: $? = 0
configure:23308: result: yes
configure:23330: checking for special C compiler options needed for large files
configure:23375: result: no
configure:23381: checking for _FILE_OFFSET_BITS value needed for large files
configure:23406: gcc -c   conftest.c >&5
configure:23406: $? = 0
configure:23438: result: no
configure:23533: checking whether to add -D_FORTIFY_SOURCE=2 to CPPFLAGS
configure:23549: gcc -o conftest    conftest.c  >&5
configure:23549: $? = 0
configure:23551: result: yes
configure:23749: checking whether gcc is Clang
configure:23774: result: no
configure:23897: checking whether pthreads work with -pthread
configure:23991: gcc -o conftest  -pthread  -D_FORTIFY_SOURCE=2  conftest.c   >&5
configure:23991: $? = 0
configure:24000: result: yes
configure:24019: checking for joinable pthread attribute
configure:24037: gcc -o conftest  -pthread  -D_FORTIFY_SOURCE=2  conftest.c   >&5
configure:24037: $? = 0
configure:24045: result: PTHREAD_CREATE_JOINABLE
configure:24059: checking whether more special flags are required for pthreads
configure:24072: result: no
configure:24080: checking for PTHREAD_PRIO_INHERIT
configure:24096: gcc -o conftest  -pthread  -D_FORTIFY_SOURCE=2  conftest.c   >&5
configure:24096: $? = 0
configure:24105: result: yes
configure:24193: checking for pthread_create in -lpthread
configure:24218: gcc -o conftest   -D_FORTIFY_SOURCE=2  conftest.c -lpthread   >&5
configure:24218: $? = 0
configure:24227: result: yes
configure:24247: checking for pthread_setaffinity_np
configure:24282: gcc -o conftest  -pthread  -D_FORTIFY_SOURCE=2  -lpthread -pthread conftest.c  >&5
configure:24282: $? = 0
configure:24284: result: yes
configure:24303: checking for library containing gethostbyname
configure:24334: gcc -o conftest   -D_FORTIFY_SOURCE=2  conftest.c  >&5
configure:24334: $? = 0
configure:24351: result: none required
configure:24359: checking for library containing socket
configure:24390: gcc -o conftest   -D_FORTIFY_SOURCE=2  conftest.c  >&5
configure:24390: $? = 0
configure:24407: result: none required
configure:24458: checking for dlopen in -ldl
configure:24483: gcc -o conftest   -D_FORTIFY_SOURCE=2  conftest.c -ldl   >&5
configure:24483: $? = 0
configure:24492: result: yes
configure:24500: checking for sin in -lm
configure:24525: gcc -o conftest   -D_FORTIFY_SOURCE=2  conftest.c -lm   -ldl >&5
conftest.c:48:6: warning: conflicting types for built-in function 'sin' [-Wbuiltin-declaration-mismatch]
 char sin ();
      ^~~
configure:24525: $? = 0
configure:24534: result: yes
configure:24547: checking for posix_memalign
configure:24547: gcc -o conftest   -D_FORTIFY_SOURCE=2  conftest.c  -ldl -lm >&5
conftest.c:64:6: warning: conflicting types for built-in function 'posix_memalign' [-Wbuiltin-declaration-mismatch]
 char posix_memalign ();
      ^~~~~~~~~~~~~~
configure:24547: $? = 0
configure:24547: result: yes
configure:24597: checking whether to build with code coverage support
configure:24617: result: no
configure:24938: checking for valgrind
configure:24968: result: no
configure:25257: checking for C compiler vendor
configure:25304: gcc -c   -D_FORTIFY_SOURCE=2 conftest.c >&5
conftest.c: In function 'main':
conftest.c:48:9: error: 'thisisanerror' undeclared (first use in this function)
         thisisanerror;
         ^~~~~~~~~~~~~
conftest.c:48:9: note: each undeclared identifier is reported only once for each function it appears in
configure:25304: $? = 1
configure: failed program was:
| /* confdefs.h */
| #define PACKAGE_NAME "aircrack-ng"
| #define PACKAGE_TARNAME "aircrack-ng"
| #define PACKAGE_VERSION "1.6.0_rev-e708c21e"
| #define PACKAGE_STRING "aircrack-ng 1.6.0_rev-e708c21e"
| #define PACKAGE_BUGREPORT "https://forum.aircrack-ng.org"
| #define PACKAGE_URL ""
| #define PACKAGE "aircrack-ng"
| #define VERSION "1.6.0_rev-e708c21e"
| #define _REVISION "1.6.0_rev-e708c21e"
| #define LT_CYGWIN_VER "-1-6-0.dll"
| #define STDC_HEADERS 1
| #define HAVE_SYS_TYPES_H 1
| #define HAVE_SYS_STAT_H 1
| #define HAVE_STDLIB_H 1
| #define HAVE_STRING_H 1
| #define HAVE_MEMORY_H 1
| #define HAVE_STRINGS_H 1
| #define HAVE_INTTYPES_H 1
| #define HAVE_STDINT_H 1
| #define HAVE_UNISTD_H 1
| #define HAVE_DLFCN_H 1
| #define LT_OBJDIR ".libs/"
| #define HAVE_OPENSSL_CRYPTO_H 1
| #define HAVE_OPENSSL_CMAC_H 1
| #define HAVE_OPENSSL_CMAC_H 1
| #define CONFIG_LIBNL30 1
| #define CONFIG_LIBNL 1
| #define HAVE_HWLOC 1
| #define HAVE_PCAP_H 1
| #define HAVE_PCAP 1
| #define HAVE_PCRE 1
| #define HAVE_SQLITE3_H 1
| #define HAVE_SQLITE3 1
| #define HAVE_SQLITE 1
| #define HAVE_ZLIB 1
| #define _LARGEFILE64_SOURCE 1
| #define HAVE_PTHREAD_PRIO_INHERIT 1
| #define HAVE_PTHREAD_AFFINITY_NP 1
| #define HAVE_POSIX_MEMALIGN 1
| /* end confdefs.h.  */
| 
| int
| main ()
| {
| 
|       #if !(defined(__ICC) || defined(__ECC) || defined(__INTEL_COMPILER))
|         thisisanerror;
|       #endif
| 
|   ;
|   return 0;
| }
configure:25304: gcc -c   -D_FORTIFY_SOURCE=2 conftest.c >&5
conftest.c: In function 'main':
conftest.c:48:9: error: 'thisisanerror' undeclared (first use in this function)
         thisisanerror;
         ^~~~~~~~~~~~~
conftest.c:48:9: note: each undeclared identifier is reported only once for each function it appears in
configure:25304: $? = 1
configure: failed program was:
| /* confdefs.h */
| #define PACKAGE_NAME "aircrack-ng"
| #define PACKAGE_TARNAME "aircrack-ng"
| #define PACKAGE_VERSION "1.6.0_rev-e708c21e"
| #define PACKAGE_STRING "aircrack-ng 1.6.0_rev-e708c21e"
| #define PACKAGE_BUGREPORT "https://forum.aircrack-ng.org"
| #define PACKAGE_URL ""
| #define PACKAGE "aircrack-ng"
| #define VERSION "1.6.0_rev-e708c21e"
| #define _REVISION "1.6.0_rev-e708c21e"
| #define LT_CYGWIN_VER "-1-6-0.dll"
| #define STDC_HEADERS 1
| #define HAVE_SYS_TYPES_H 1
| #define HAVE_SYS_STAT_H 1
| #define HAVE_STDLIB_H 1
| #define HAVE_STRING_H 1
| #define HAVE_MEMORY_H 1
| #define HAVE_STRINGS_H 1
| #define HAVE_INTTYPES_H 1
| #define HAVE_STDINT_H 1
| #define HAVE_UNISTD_H 1
| #define HAVE_DLFCN_H 1
| #define LT_OBJDIR ".libs/"
| #define HAVE_OPENSSL_CRYPTO_H 1
| #define HAVE_OPENSSL_CMAC_H 1
| #define HAVE_OPENSSL_CMAC_H 1
| #define CONFIG_LIBNL30 1
| #define CONFIG_LIBNL 1
| #define HAVE_HWLOC 1
| #define HAVE_PCAP_H 1
| #define HAVE_PCAP 1
| #define HAVE_PCRE 1
| #define HAVE_SQLITE3_H 1
| #define HAVE_SQLITE3 1
| #define HAVE_SQLITE 1
| #define HAVE_ZLIB 1
| #define _LARGEFILE64_SOURCE 1
| #define HAVE_PTHREAD_PRIO_INHERIT 1
| #define HAVE_PTHREAD_AFFINITY_NP 1
| #define HAVE_POSIX_MEMALIGN 1
| /* end confdefs.h.  */
| 
| int
| main ()
| {
| 
|       #if !(defined(__xlc__) || defined(__xlC__) || defined(__IBMC__) || defined(__IBMCPP__))
|         thisisanerror;
|       #endif
| 
|   ;
|   return 0;
| }
configure:25304: gcc -c   -D_FORTIFY_SOURCE=2 conftest.c >&5
conftest.c: In function 'main':
conftest.c:48:9: error: 'thisisanerror' undeclared (first use in this function)
         thisisanerror;
         ^~~~~~~~~~~~~
conftest.c:48:9: note: each undeclared identifier is reported only once for each function it appears in
configure:25304: $? = 1
configure: failed program was:
| /* confdefs.h */
| #define PACKAGE_NAME "aircrack-ng"
| #define PACKAGE_TARNAME "aircrack-ng"
| #define PACKAGE_VERSION "1.6.0_rev-e708c21e"
| #define PACKAGE_STRING "aircrack-ng 1.6.0_rev-e708c21e"
| #define PACKAGE_BUGREPORT "https://forum.aircrack-ng.org"
| #define PACKAGE_URL ""
| #define PACKAGE "aircrack-ng"
| #define VERSION "1.6.0_rev-e708c21e"
| #define _REVISION "1.6.0_rev-e708c21e"
| #define LT_CYGWIN_VER "-1-6-0.dll"
| #define STDC_HEADERS 1
| #define HAVE_SYS_TYPES_H 1
| #define HAVE_SYS_STAT_H 1
| #define HAVE_STDLIB_H 1
| #define HAVE_STRING_H 1
| #define HAVE_MEMORY_H 1
| #define HAVE_STRINGS_H 1
| #define HAVE_INTTYPES_H 1
| #define HAVE_STDINT_H 1
| #define HAVE_UNISTD_H 1
| #define HAVE_DLFCN_H 1
| #define LT_OBJDIR ".libs/"
| #define HAVE_OPENSSL_CRYPTO_H 1
| #define HAVE_OPENSSL_CMAC_H 1
| #define HAVE_OPENSSL_CMAC_H 1
| #define CONFIG_LIBNL30 1
| #define CONFIG_LIBNL 1
| #define HAVE_HWLOC 1
| #define HAVE_PCAP_H 1
| #define HAVE_PCAP 1
| #define HAVE_PCRE 1
| #define HAVE_SQLITE3_H 1
| #define HAVE_SQLITE3 1
| #define HAVE_SQLITE 1
| #define HAVE_ZLIB 1
| #define _LARGEFILE64_SOURCE 1
| #define HAVE_PTHREAD_PRIO_INHERIT 1
| #define HAVE_PTHREAD_AFFINITY_NP 1
| #define HAVE_POSIX_MEMALIGN 1
| /* end confdefs.h.  */
| 
| int
| main ()
| {
| 
|       #if !(defined(__PATHCC__) || defined(__PATHSCALE__))
|         thisisanerror;
|       #endif
| 
|   ;
|   return 0;
| }
configure:25304: gcc -c   -D_FORTIFY_SOURCE=2 conftest.c >&5
conftest.c: In function 'main':
conftest.c:48:9: error: 'thisisanerror' undeclared (first use in this function)
         thisisanerror;
         ^~~~~~~~~~~~~
conftest.c:48:9: note: each undeclared identifier is reported only once for each function it appears in
configure:25304: $? = 1
configure: failed program was:
| /* confdefs.h */
| #define PACKAGE_NAME "aircrack-ng"
| #define PACKAGE_TARNAME "aircrack-ng"
| #define PACKAGE_VERSION "1.6.0_rev-e708c21e"
| #define PACKAGE_STRING "aircrack-ng 1.6.0_rev-e708c21e"
| #define PACKAGE_BUGREPORT "https://forum.aircrack-ng.org"
| #define PACKAGE_URL ""
| #define PACKAGE "aircrack-ng"
| #define VERSION "1.6.0_rev-e708c21e"
| #define _REVISION "1.6.0_rev-e708c21e"
| #define LT_CYGWIN_VER "-1-6-0.dll"
| #define STDC_HEADERS 1
| #define HAVE_SYS_TYPES_H 1
| #define HAVE_SYS_STAT_H 1
| #define HAVE_STDLIB_H 1
| #define HAVE_STRING_H 1
| #define HAVE_MEMORY_H 1
| #define HAVE_STRINGS_H 1
| #define HAVE_INTTYPES_H 1
| #define HAVE_STDINT_H 1
| #define HAVE_UNISTD_H 1
| #define HAVE_DLFCN_H 1
| #define LT_OBJDIR ".libs/"
| #define HAVE_OPENSSL_CRYPTO_H 1
| #define HAVE_OPENSSL_CMAC_H 1
| #define HAVE_OPENSSL_CMAC_H 1
| #define CONFIG_LIBNL30 1
| #define CONFIG_LIBNL 1
| #define HAVE_HWLOC 1
| #define HAVE_PCAP_H 1
| #define HAVE_PCAP 1
| #define HAVE_PCRE 1
| #define HAVE_SQLITE3_H 1
| #define HAVE_SQLITE3 1
| #define HAVE_SQLITE 1
| #define HAVE_ZLIB 1
| #define _LARGEFILE64_SOURCE 1
| #define HAVE_PTHREAD_PRIO_INHERIT 1
| #define HAVE_PTHREAD_AFFINITY_NP 1
| #define HAVE_POSIX_MEMALIGN 1
| /* end confdefs.h.  */
| 
| int
| main ()
| {
| 
|       #if !(defined(__clang__))
|         thisisanerror;
|       #endif
| 
|   ;
|   return 0;
| }
configure:25304: gcc -c   -D_FORTIFY_SOURCE=2 conftest.c >&5
conftest.c: In function 'main':
conftest.c:48:9: error: 'thisisanerror' undeclared (first use in this function)
         thisisanerror;
         ^~~~~~~~~~~~~
conftest.c:48:9: note: each undeclared identifier is reported only once for each function it appears in
configure:25304: $? = 1
configure: failed program was:
| /* confdefs.h */
| #define PACKAGE_NAME "aircrack-ng"
| #define PACKAGE_TARNAME "aircrack-ng"
| #define PACKAGE_VERSION "1.6.0_rev-e708c21e"
| #define PACKAGE_STRING "aircrack-ng 1.6.0_rev-e708c21e"
| #define PACKAGE_BUGREPORT "https://forum.aircrack-ng.org"
| #define PACKAGE_URL ""
| #define PACKAGE "aircrack-ng"
| #define VERSION "1.6.0_rev-e708c21e"
| #define _REVISION "1.6.0_rev-e708c21e"
| #define LT_CYGWIN_VER "-1-6-0.dll"
| #define STDC_HEADERS 1
| #define HAVE_SYS_TYPES_H 1
| #define HAVE_SYS_STAT_H 1
| #define HAVE_STDLIB_H 1
| #define HAVE_STRING_H 1
| #define HAVE_MEMORY_H 1
| #define HAVE_STRINGS_H 1
| #define HAVE_INTTYPES_H 1
| #define HAVE_STDINT_H 1
| #define HAVE_UNISTD_H 1
| #define HAVE_DLFCN_H 1
| #define LT_OBJDIR ".libs/"
| #define HAVE_OPENSSL_CRYPTO_H 1
| #define HAVE_OPENSSL_CMAC_H 1
| #define HAVE_OPENSSL_CMAC_H 1
| #define CONFIG_LIBNL30 1
| #define CONFIG_LIBNL 1
| #define HAVE_HWLOC 1
| #define HAVE_PCAP_H 1
| #define HAVE_PCAP 1
| #define HAVE_PCRE 1
| #define HAVE_SQLITE3_H 1
| #define HAVE_SQLITE3 1
| #define HAVE_SQLITE 1
| #define HAVE_ZLIB 1
| #define _LARGEFILE64_SOURCE 1
| #define HAVE_PTHREAD_PRIO_INHERIT 1
| #define HAVE_PTHREAD_AFFINITY_NP 1
| #define HAVE_POSIX_MEMALIGN 1
| /* end confdefs.h.  */
| 
| int
| main ()
| {
| 
|       #if !(defined(_CRAYC))
|         thisisanerror;
|       #endif
| 
|   ;
|   return 0;
| }
configure:25304: gcc -c   -D_FORTIFY_SOURCE=2 conftest.c >&5
conftest.c: In function 'main':
conftest.c:48:9: error: 'thisisanerror' undeclared (first use in this function)
         thisisanerror;
         ^~~~~~~~~~~~~
conftest.c:48:9: note: each undeclared identifier is reported only once for each function it appears in
configure:25304: $? = 1
configure: failed program was:
| /* confdefs.h */
| #define PACKAGE_NAME "aircrack-ng"
| #define PACKAGE_TARNAME "aircrack-ng"
| #define PACKAGE_VERSION "1.6.0_rev-e708c21e"
| #define PACKAGE_STRING "aircrack-ng 1.6.0_rev-e708c21e"
| #define PACKAGE_BUGREPORT "https://forum.aircrack-ng.org"
| #define PACKAGE_URL ""
| #define PACKAGE "aircrack-ng"
| #define VERSION "1.6.0_rev-e708c21e"
| #define _REVISION "1.6.0_rev-e708c21e"
| #define LT_CYGWIN_VER "-1-6-0.dll"
| #define STDC_HEADERS 1
| #define HAVE_SYS_TYPES_H 1
| #define HAVE_SYS_STAT_H 1
| #define HAVE_STDLIB_H 1
| #define HAVE_STRING_H 1
| #define HAVE_MEMORY_H 1
| #define HAVE_STRINGS_H 1
| #define HAVE_INTTYPES_H 1
| #define HAVE_STDINT_H 1
| #define HAVE_UNISTD_H 1
| #define HAVE_DLFCN_H 1
| #define LT_OBJDIR ".libs/"
| #define HAVE_OPENSSL_CRYPTO_H 1
| #define HAVE_OPENSSL_CMAC_H 1
| #define HAVE_OPENSSL_CMAC_H 1
| #define CONFIG_LIBNL30 1
| #define CONFIG_LIBNL 1
| #define HAVE_HWLOC 1
| #define HAVE_PCAP_H 1
| #define HAVE_PCAP 1
| #define HAVE_PCRE 1
| #define HAVE_SQLITE3_H 1
| #define HAVE_SQLITE3 1
| #define HAVE_SQLITE 1
| #define HAVE_ZLIB 1
| #define _LARGEFILE64_SOURCE 1
| #define HAVE_PTHREAD_PRIO_INHERIT 1
| #define HAVE_PTHREAD_AFFINITY_NP 1
| #define HAVE_POSIX_MEMALIGN 1
| /* end confdefs.h.  */
| 
| int
| main ()
| {
| 
|       #if !(defined(__FUJITSU))
|         thisisanerror;
|       #endif
| 
|   ;
|   return 0;
| }
configure:25304: gcc -c   -D_FORTIFY_SOURCE=2 conftest.c >&5
configure:25304: $? = 0
configure:25312: result: gnu
configure:25317: checking for C compiler version
configure:25539: gcc -o conftest   -D_FORTIFY_SOURCE=2  conftest.c  -ldl -lm >&5
configure:25539: $? = 0
configure:25539: ./conftest
configure:25539: $? = 0
configure:25548: gcc -o conftest   -D_FORTIFY_SOURCE=2  conftest.c  -ldl -lm >&5
configure:25548: $? = 0
configure:25548: ./conftest
configure:25548: $? = 0
configure:25557: gcc -o conftest   -D_FORTIFY_SOURCE=2  conftest.c  -ldl -lm >&5
configure:25557: $? = 0
configure:25557: ./conftest
configure:25557: $? = 0
configure:26222: result: 7.4.0
configure:26234: checking CFLAGS for maximum warnings
configure:26254: gcc -c  -warn all  -warn all  -D_FORTIFY_SOURCE=2 conftest.c >&5
gcc: error: all: No such file or directory
gcc: error: all: No such file or directory
gcc: error: unrecognized command line option '-warn'; did you mean '--warn-'?
gcc: error: unrecognized command line option '-warn'; did you mean '--warn-'?
configure:26254: $? = 1
configure: failed program was:
| /* confdefs.h */
| #define PACKAGE_NAME "aircrack-ng"
| #define PACKAGE_TARNAME "aircrack-ng"
| #define PACKAGE_VERSION "1.6.0_rev-e708c21e"
| #define PACKAGE_STRING "aircrack-ng 1.6.0_rev-e708c21e"
| #define PACKAGE_BUGREPORT "https://forum.aircrack-ng.org"
| #define PACKAGE_URL ""
| #define PACKAGE "aircrack-ng"
| #define VERSION "1.6.0_rev-e708c21e"
| #define _REVISION "1.6.0_rev-e708c21e"
| #define LT_CYGWIN_VER "-1-6-0.dll"
| #define STDC_HEADERS 1
| #define HAVE_SYS_TYPES_H 1
| #define HAVE_SYS_STAT_H 1
| #define HAVE_STDLIB_H 1
| #define HAVE_STRING_H 1
| #define HAVE_MEMORY_H 1
| #define HAVE_STRINGS_H 1
| #define HAVE_INTTYPES_H 1
| #define HAVE_STDINT_H 1
| #define HAVE_UNISTD_H 1
| #define HAVE_DLFCN_H 1
| #define LT_OBJDIR ".libs/"
| #define HAVE_OPENSSL_CRYPTO_H 1
| #define HAVE_OPENSSL_CMAC_H 1
| #define HAVE_OPENSSL_CMAC_H 1
| #define CONFIG_LIBNL30 1
| #define CONFIG_LIBNL 1
| #define HAVE_HWLOC 1
| #define HAVE_PCAP_H 1
| #define HAVE_PCAP 1
| #define HAVE_PCRE 1
| #define HAVE_SQLITE3_H 1
| #define HAVE_SQLITE3 1
| #define HAVE_SQLITE 1
| #define HAVE_ZLIB 1
| #define _LARGEFILE64_SOURCE 1
| #define HAVE_PTHREAD_PRIO_INHERIT 1
| #define HAVE_PTHREAD_AFFINITY_NP 1
| #define HAVE_POSIX_MEMALIGN 1
| /* end confdefs.h.  */
| 
| int
| main ()
| {
| 
|   ;
|   return 0;
| }
configure:26254: gcc -c  -pedantic  -Wall  -D_FORTIFY_SOURCE=2 conftest.c >&5
configure:26254: $? = 0
configure:26262: result: -Wall
configure:26282: : CFLAGS="$CFLAGS"
configure:26285: $? = 0
configure:26334: : opt_cflags="$opt_cflags"
configure:26337: $? = 0
configure:26352: checking CXXFLAGS for maximum warnings
configure:26372: g++ -c  -warn all  -warn all  -D_FORTIFY_SOURCE=2 conftest.cpp >&5
g++: error: all: No such file or directory
g++: error: all: No such file or directory
g++: error: unrecognized command line option '-warn'; did you mean '--warn-'?
g++: error: unrecognized command line option '-warn'; did you mean '--warn-'?
configure:26372: $? = 1
configure: failed program was:
| /* confdefs.h */
| #define PACKAGE_NAME "aircrack-ng"
| #define PACKAGE_TARNAME "aircrack-ng"
| #define PACKAGE_VERSION "1.6.0_rev-e708c21e"
| #define PACKAGE_STRING "aircrack-ng 1.6.0_rev-e708c21e"
| #define PACKAGE_BUGREPORT "https://forum.aircrack-ng.org"
| #define PACKAGE_URL ""
| #define PACKAGE "aircrack-ng"
| #define VERSION "1.6.0_rev-e708c21e"
| #define _REVISION "1.6.0_rev-e708c21e"
| #define LT_CYGWIN_VER "-1-6-0.dll"
| #define STDC_HEADERS 1
| #define HAVE_SYS_TYPES_H 1
| #define HAVE_SYS_STAT_H 1
| #define HAVE_STDLIB_H 1
| #define HAVE_STRING_H 1
| #define HAVE_MEMORY_H 1
| #define HAVE_STRINGS_H 1
| #define HAVE_INTTYPES_H 1
| #define HAVE_STDINT_H 1
| #define HAVE_UNISTD_H 1
| #define HAVE_DLFCN_H 1
| #define LT_OBJDIR ".libs/"
| #define HAVE_OPENSSL_CRYPTO_H 1
| #define HAVE_OPENSSL_CMAC_H 1
| #define HAVE_OPENSSL_CMAC_H 1
| #define CONFIG_LIBNL30 1
| #define CONFIG_LIBNL 1
| #define HAVE_HWLOC 1
| #define HAVE_PCAP_H 1
| #define HAVE_PCAP 1
| #define HAVE_PCRE 1
| #define HAVE_SQLITE3_H 1
| #define HAVE_SQLITE3 1
| #define HAVE_SQLITE 1
| #define HAVE_ZLIB 1
| #define _LARGEFILE64_SOURCE 1
| #define HAVE_PTHREAD_PRIO_INHERIT 1
| #define HAVE_PTHREAD_AFFINITY_NP 1
| #define HAVE_POSIX_MEMALIGN 1
| /* end confdefs.h.  */
| 
| int
| main ()
| {
| 
|   ;
|   return 0;
| }
configure:26372: g++ -c  -pedantic  -Wall  -D_FORTIFY_SOURCE=2 conftest.cpp >&5
configure:26372: $? = 0
configure:26380: result: -Wall
configure:26400: : CXXFLAGS="$CXXFLAGS"
configure:26403: $? = 0
configure:26452: : opt_cxxflags="$opt_cxxflags"
configure:26455: $? = 0
configure:26606: checking whether C compiler accepts -O3
configure:26625: gcc -c   -O3  -D_FORTIFY_SOURCE=2 conftest.c >&5
configure:26625: $? = 0
configure:26633: result: yes
configure:26650: : opt_cflags="$opt_cflags"
configure:26653: $? = 0
configure:26681: checking whether C compiler accepts -std=gnu99
configure:26700: gcc -c   -std=gnu99  -D_FORTIFY_SOURCE=2 conftest.c >&5
configure:26700: $? = 0
configure:26708: result: yes
configure:26725: : opt_cflags="$opt_cflags"
configure:26728: $? = 0
configure:26750: checking whether C compiler accepts -fno-strict-aliasing
configure:26769: gcc -c   -fno-strict-aliasing  -D_FORTIFY_SOURCE=2 conftest.c >&5
configure:26769: $? = 0
configure:26777: result: yes
configure:26794: : opt_cflags="$opt_cflags"
configure:26797: $? = 0
configure:26819: checking whether C compiler accepts -Wpointer-arith
configure:26838: gcc -c   -Wpointer-arith  -D_FORTIFY_SOURCE=2 conftest.c >&5
configure:26838: $? = 0
configure:26846: result: yes
configure:26863: : opt_cflags="$opt_cflags"
configure:26866: $? = 0
configure:26890: checking whether C compiler accepts -Wstrict-overflow=2
configure:26909: gcc -c   -Wstrict-overflow=2  -D_FORTIFY_SOURCE=2 conftest.c >&5
configure:26909: $? = 0
configure:26917: result: yes
configure:26934: : opt_cflags="$opt_cflags"
configure:26937: $? = 0
configure:27013: : opt_cflags="$opt_cflags"
configure:27016: $? = 0
configure:27036: checking whether C compiler accepts -fvisibility=hidden
configure:27055: gcc -c   -fvisibility=hidden  -D_FORTIFY_SOURCE=2 conftest.c >&5
configure:27055: $? = 0
configure:27063: result: yes
configure:27080: : opt_cflags="$opt_cflags"
configure:27083: $? = 0
configure:27305: checking whether C compiler accepts -fstack-protector-strong
configure:27324: gcc -c   -fstack-protector-strong  -D_FORTIFY_SOURCE=2 conftest.c >&5
configure:27324: $? = 0
configure:27332: result: yes
configure:27349: : opt_cflags="$opt_cflags"
configure:27352: $? = 0
configure:27386: checking whether C compiler accepts -Wno-unused-but-set-variable
configure:27405: gcc -c   -Wno-unused-but-set-variable  -D_FORTIFY_SOURCE=2 conftest.c >&5
configure:27405: $? = 0
configure:27413: result: yes
configure:27430: : opt_cflags="$opt_cflags"
configure:27433: $? = 0
configure:27456: checking whether C compiler accepts -Wno-array-bounds
configure:27475: gcc -c   -Wno-array-bounds  -D_FORTIFY_SOURCE=2 conftest.c >&5
configure:27475: $? = 0
configure:27483: result: yes
configure:27500: : opt_cflags="$opt_cflags"
configure:27503: $? = 0
configure:27557: checking for C++ compiler vendor
configure:27604: g++ -c   -D_FORTIFY_SOURCE=2 conftest.cpp >&5
conftest.cpp: In function 'int main()':
conftest.cpp:48:9: error: 'thisisanerror' was not declared in this scope
         thisisanerror;
         ^~~~~~~~~~~~~
configure:27604: $? = 1
configure: failed program was:
| /* confdefs.h */
| #define PACKAGE_NAME "aircrack-ng"
| #define PACKAGE_TARNAME "aircrack-ng"
| #define PACKAGE_VERSION "1.6.0_rev-e708c21e"
| #define PACKAGE_STRING "aircrack-ng 1.6.0_rev-e708c21e"
| #define PACKAGE_BUGREPORT "https://forum.aircrack-ng.org"
| #define PACKAGE_URL ""
| #define PACKAGE "aircrack-ng"
| #define VERSION "1.6.0_rev-e708c21e"
| #define _REVISION "1.6.0_rev-e708c21e"
| #define LT_CYGWIN_VER "-1-6-0.dll"
| #define STDC_HEADERS 1
| #define HAVE_SYS_TYPES_H 1
| #define HAVE_SYS_STAT_H 1
| #define HAVE_STDLIB_H 1
| #define HAVE_STRING_H 1
| #define HAVE_MEMORY_H 1
| #define HAVE_STRINGS_H 1
| #define HAVE_INTTYPES_H 1
| #define HAVE_STDINT_H 1
| #define HAVE_UNISTD_H 1
| #define HAVE_DLFCN_H 1
| #define LT_OBJDIR ".libs/"
| #define HAVE_OPENSSL_CRYPTO_H 1
| #define HAVE_OPENSSL_CMAC_H 1
| #define HAVE_OPENSSL_CMAC_H 1
| #define CONFIG_LIBNL30 1
| #define CONFIG_LIBNL 1
| #define HAVE_HWLOC 1
| #define HAVE_PCAP_H 1
| #define HAVE_PCAP 1
| #define HAVE_PCRE 1
| #define HAVE_SQLITE3_H 1
| #define HAVE_SQLITE3 1
| #define HAVE_SQLITE 1
| #define HAVE_ZLIB 1
| #define _LARGEFILE64_SOURCE 1
| #define HAVE_PTHREAD_PRIO_INHERIT 1
| #define HAVE_PTHREAD_AFFINITY_NP 1
| #define HAVE_POSIX_MEMALIGN 1
| /* end confdefs.h.  */
| 
| int
| main ()
| {
| 
|       #if !(defined(__ICC) || defined(__ECC) || defined(__INTEL_COMPILER))
|         thisisanerror;
|       #endif
| 
|   ;
|   return 0;
| }
configure:27604: g++ -c   -D_FORTIFY_SOURCE=2 conftest.cpp >&5
conftest.cpp: In function 'int main()':
conftest.cpp:48:9: error: 'thisisanerror' was not declared in this scope
         thisisanerror;
         ^~~~~~~~~~~~~
configure:27604: $? = 1
configure: failed program was:
| /* confdefs.h */
| #define PACKAGE_NAME "aircrack-ng"
| #define PACKAGE_TARNAME "aircrack-ng"
| #define PACKAGE_VERSION "1.6.0_rev-e708c21e"
| #define PACKAGE_STRING "aircrack-ng 1.6.0_rev-e708c21e"
| #define PACKAGE_BUGREPORT "https://forum.aircrack-ng.org"
| #define PACKAGE_URL ""
| #define PACKAGE "aircrack-ng"
| #define VERSION "1.6.0_rev-e708c21e"
| #define _REVISION "1.6.0_rev-e708c21e"
| #define LT_CYGWIN_VER "-1-6-0.dll"
| #define STDC_HEADERS 1
| #define HAVE_SYS_TYPES_H 1
| #define HAVE_SYS_STAT_H 1
| #define HAVE_STDLIB_H 1
| #define HAVE_STRING_H 1
| #define HAVE_MEMORY_H 1
| #define HAVE_STRINGS_H 1
| #define HAVE_INTTYPES_H 1
| #define HAVE_STDINT_H 1
| #define HAVE_UNISTD_H 1
| #define HAVE_DLFCN_H 1
| #define LT_OBJDIR ".libs/"
| #define HAVE_OPENSSL_CRYPTO_H 1
| #define HAVE_OPENSSL_CMAC_H 1
| #define HAVE_OPENSSL_CMAC_H 1
| #define CONFIG_LIBNL30 1
| #define CONFIG_LIBNL 1
| #define HAVE_HWLOC 1
| #define HAVE_PCAP_H 1
| #define HAVE_PCAP 1
| #define HAVE_PCRE 1
| #define HAVE_SQLITE3_H 1
| #define HAVE_SQLITE3 1
| #define HAVE_SQLITE 1
| #define HAVE_ZLIB 1
| #define _LARGEFILE64_SOURCE 1
| #define HAVE_PTHREAD_PRIO_INHERIT 1
| #define HAVE_PTHREAD_AFFINITY_NP 1
| #define HAVE_POSIX_MEMALIGN 1
| /* end confdefs.h.  */
| 
| int
| main ()
| {
| 
|       #if !(defined(__xlc__) || defined(__xlC__) || defined(__IBMC__) || defined(__IBMCPP__))
|         thisisanerror;
|       #endif
| 
|   ;
|   return 0;
| }
configure:27604: g++ -c   -D_FORTIFY_SOURCE=2 conftest.cpp >&5
conftest.cpp: In function 'int main()':
conftest.cpp:48:9: error: 'thisisanerror' was not declared in this scope
         thisisanerror;
         ^~~~~~~~~~~~~
configure:27604: $? = 1
configure: failed program was:
| /* confdefs.h */
| #define PACKAGE_NAME "aircrack-ng"
| #define PACKAGE_TARNAME "aircrack-ng"
| #define PACKAGE_VERSION "1.6.0_rev-e708c21e"
| #define PACKAGE_STRING "aircrack-ng 1.6.0_rev-e708c21e"
| #define PACKAGE_BUGREPORT "https://forum.aircrack-ng.org"
| #define PACKAGE_URL ""
| #define PACKAGE "aircrack-ng"
| #define VERSION "1.6.0_rev-e708c21e"
| #define _REVISION "1.6.0_rev-e708c21e"
| #define LT_CYGWIN_VER "-1-6-0.dll"
| #define STDC_HEADERS 1
| #define HAVE_SYS_TYPES_H 1
| #define HAVE_SYS_STAT_H 1
| #define HAVE_STDLIB_H 1
| #define HAVE_STRING_H 1
| #define HAVE_MEMORY_H 1
| #define HAVE_STRINGS_H 1
| #define HAVE_INTTYPES_H 1
| #define HAVE_STDINT_H 1
| #define HAVE_UNISTD_H 1
| #define HAVE_DLFCN_H 1
| #define LT_OBJDIR ".libs/"
| #define HAVE_OPENSSL_CRYPTO_H 1
| #define HAVE_OPENSSL_CMAC_H 1
| #define HAVE_OPENSSL_CMAC_H 1
| #define CONFIG_LIBNL30 1
| #define CONFIG_LIBNL 1
| #define HAVE_HWLOC 1
| #define HAVE_PCAP_H 1
| #define HAVE_PCAP 1
| #define HAVE_PCRE 1
| #define HAVE_SQLITE3_H 1
| #define HAVE_SQLITE3 1
| #define HAVE_SQLITE 1
| #define HAVE_ZLIB 1
| #define _LARGEFILE64_SOURCE 1
| #define HAVE_PTHREAD_PRIO_INHERIT 1
| #define HAVE_PTHREAD_AFFINITY_NP 1
| #define HAVE_POSIX_MEMALIGN 1
| /* end confdefs.h.  */
| 
| int
| main ()
| {
| 
|       #if !(defined(__PATHCC__) || defined(__PATHSCALE__))
|         thisisanerror;
|       #endif
| 
|   ;
|   return 0;
| }
configure:27604: g++ -c   -D_FORTIFY_SOURCE=2 conftest.cpp >&5
conftest.cpp: In function 'int main()':
conftest.cpp:48:9: error: 'thisisanerror' was not declared in this scope
         thisisanerror;
         ^~~~~~~~~~~~~
configure:27604: $? = 1
configure: failed program was:
| /* confdefs.h */
| #define PACKAGE_NAME "aircrack-ng"
| #define PACKAGE_TARNAME "aircrack-ng"
| #define PACKAGE_VERSION "1.6.0_rev-e708c21e"
| #define PACKAGE_STRING "aircrack-ng 1.6.0_rev-e708c21e"
| #define PACKAGE_BUGREPORT "https://forum.aircrack-ng.org"
| #define PACKAGE_URL ""
| #define PACKAGE "aircrack-ng"
| #define VERSION "1.6.0_rev-e708c21e"
| #define _REVISION "1.6.0_rev-e708c21e"
| #define LT_CYGWIN_VER "-1-6-0.dll"
| #define STDC_HEADERS 1
| #define HAVE_SYS_TYPES_H 1
| #define HAVE_SYS_STAT_H 1
| #define HAVE_STDLIB_H 1
| #define HAVE_STRING_H 1
| #define HAVE_MEMORY_H 1
| #define HAVE_STRINGS_H 1
| #define HAVE_INTTYPES_H 1
| #define HAVE_STDINT_H 1
| #define HAVE_UNISTD_H 1
| #define HAVE_DLFCN_H 1
| #define LT_OBJDIR ".libs/"
| #define HAVE_OPENSSL_CRYPTO_H 1
| #define HAVE_OPENSSL_CMAC_H 1
| #define HAVE_OPENSSL_CMAC_H 1
| #define CONFIG_LIBNL30 1
| #define CONFIG_LIBNL 1
| #define HAVE_HWLOC 1
| #define HAVE_PCAP_H 1
| #define HAVE_PCAP 1
| #define HAVE_PCRE 1
| #define HAVE_SQLITE3_H 1
| #define HAVE_SQLITE3 1
| #define HAVE_SQLITE 1
| #define HAVE_ZLIB 1
| #define _LARGEFILE64_SOURCE 1
| #define HAVE_PTHREAD_PRIO_INHERIT 1
| #define HAVE_PTHREAD_AFFINITY_NP 1
| #define HAVE_POSIX_MEMALIGN 1
| /* end confdefs.h.  */
| 
| int
| main ()
| {
| 
|       #if !(defined(__clang__))
|         thisisanerror;
|       #endif
| 
|   ;
|   return 0;
| }
configure:27604: g++ -c   -D_FORTIFY_SOURCE=2 conftest.cpp >&5
conftest.cpp: In function 'int main()':
conftest.cpp:48:9: error: 'thisisanerror' was not declared in this scope
         thisisanerror;
         ^~~~~~~~~~~~~
configure:27604: $? = 1
configure: failed program was:
| /* confdefs.h */
| #define PACKAGE_NAME "aircrack-ng"
| #define PACKAGE_TARNAME "aircrack-ng"
| #define PACKAGE_VERSION "1.6.0_rev-e708c21e"
| #define PACKAGE_STRING "aircrack-ng 1.6.0_rev-e708c21e"
| #define PACKAGE_BUGREPORT "https://forum.aircrack-ng.org"
| #define PACKAGE_URL ""
| #define PACKAGE "aircrack-ng"
| #define VERSION "1.6.0_rev-e708c21e"
| #define _REVISION "1.6.0_rev-e708c21e"
| #define LT_CYGWIN_VER "-1-6-0.dll"
| #define STDC_HEADERS 1
| #define HAVE_SYS_TYPES_H 1
| #define HAVE_SYS_STAT_H 1
| #define HAVE_STDLIB_H 1
| #define HAVE_STRING_H 1
| #define HAVE_MEMORY_H 1
| #define HAVE_STRINGS_H 1
| #define HAVE_INTTYPES_H 1
| #define HAVE_STDINT_H 1
| #define HAVE_UNISTD_H 1
| #define HAVE_DLFCN_H 1
| #define LT_OBJDIR ".libs/"
| #define HAVE_OPENSSL_CRYPTO_H 1
| #define HAVE_OPENSSL_CMAC_H 1
| #define HAVE_OPENSSL_CMAC_H 1
| #define CONFIG_LIBNL30 1
| #define CONFIG_LIBNL 1
| #define HAVE_HWLOC 1
| #define HAVE_PCAP_H 1
| #define HAVE_PCAP 1
| #define HAVE_PCRE 1
| #define HAVE_SQLITE3_H 1
| #define HAVE_SQLITE3 1
| #define HAVE_SQLITE 1
| #define HAVE_ZLIB 1
| #define _LARGEFILE64_SOURCE 1
| #define HAVE_PTHREAD_PRIO_INHERIT 1
| #define HAVE_PTHREAD_AFFINITY_NP 1
| #define HAVE_POSIX_MEMALIGN 1
| /* end confdefs.h.  */
| 
| int
| main ()
| {
| 
|       #if !(defined(_CRAYC))
|         thisisanerror;
|       #endif
| 
|   ;
|   return 0;
| }
configure:27604: g++ -c   -D_FORTIFY_SOURCE=2 conftest.cpp >&5
conftest.cpp: In function 'int main()':
conftest.cpp:48:9: error: 'thisisanerror' was not declared in this scope
         thisisanerror;
         ^~~~~~~~~~~~~
configure:27604: $? = 1
configure: failed program was:
| /* confdefs.h */
| #define PACKAGE_NAME "aircrack-ng"
| #define PACKAGE_TARNAME "aircrack-ng"
| #define PACKAGE_VERSION "1.6.0_rev-e708c21e"
| #define PACKAGE_STRING "aircrack-ng 1.6.0_rev-e708c21e"
| #define PACKAGE_BUGREPORT "https://forum.aircrack-ng.org"
| #define PACKAGE_URL ""
| #define PACKAGE "aircrack-ng"
| #define VERSION "1.6.0_rev-e708c21e"
| #define _REVISION "1.6.0_rev-e708c21e"
| #define LT_CYGWIN_VER "-1-6-0.dll"
| #define STDC_HEADERS 1
| #define HAVE_SYS_TYPES_H 1
| #define HAVE_SYS_STAT_H 1
| #define HAVE_STDLIB_H 1
| #define HAVE_STRING_H 1
| #define HAVE_MEMORY_H 1
| #define HAVE_STRINGS_H 1
| #define HAVE_INTTYPES_H 1
| #define HAVE_STDINT_H 1
| #define HAVE_UNISTD_H 1
| #define HAVE_DLFCN_H 1
| #define LT_OBJDIR ".libs/"
| #define HAVE_OPENSSL_CRYPTO_H 1
| #define HAVE_OPENSSL_CMAC_H 1
| #define HAVE_OPENSSL_CMAC_H 1
| #define CONFIG_LIBNL30 1
| #define CONFIG_LIBNL 1
| #define HAVE_HWLOC 1
| #define HAVE_PCAP_H 1
| #define HAVE_PCAP 1
| #define HAVE_PCRE 1
| #define HAVE_SQLITE3_H 1
| #define HAVE_SQLITE3 1
| #define HAVE_SQLITE 1
| #define HAVE_ZLIB 1
| #define _LARGEFILE64_SOURCE 1
| #define HAVE_PTHREAD_PRIO_INHERIT 1
| #define HAVE_PTHREAD_AFFINITY_NP 1
| #define HAVE_POSIX_MEMALIGN 1
| /* end confdefs.h.  */
| 
| int
| main ()
| {
| 
|       #if !(defined(__FUJITSU))
|         thisisanerror;
|       #endif
| 
|   ;
|   return 0;
| }
configure:27604: g++ -c   -D_FORTIFY_SOURCE=2 conftest.cpp >&5
configure:27604: $? = 0
configure:27612: result: gnu
configure:27617: checking for C++ compiler version
configure:27839: g++ -o conftest   -D_FORTIFY_SOURCE=2  conftest.cpp  -ldl -lm >&5
configure:27839: $? = 0
configure:27839: ./conftest
configure:27839: $? = 0
configure:27848: g++ -o conftest   -D_FORTIFY_SOURCE=2  conftest.cpp  -ldl -lm >&5
configure:27848: $? = 0
configure:27848: ./conftest
configure:27848: $? = 0
configure:27857: g++ -o conftest   -D_FORTIFY_SOURCE=2  conftest.cpp  -ldl -lm >&5
configure:27857: $? = 0
configure:27857: ./conftest
configure:27857: $? = 0
configure:28522: result: 7.4.0
configure:28534: checking CFLAGS for maximum warnings
configure:28562: result: -Wall
configure:28582: : CFLAGS="$CFLAGS"
configure:28585: $? = 0
configure:28615: : opt_cflags already contains $CFLAGS
configure:28618: $? = 0
configure:28652: checking CXXFLAGS for maximum warnings
configure:28680: result: -Wall
configure:28700: : CXXFLAGS="$CXXFLAGS"
configure:28703: $? = 0
configure:28733: : opt_cxxflags already contains $CXXFLAGS
configure:28736: $? = 0
configure:28906: checking whether C++ compiler accepts -O3
configure:28925: g++ -c   -O3  -D_FORTIFY_SOURCE=2 conftest.cpp >&5
configure:28925: $? = 0
configure:28933: result: yes
configure:28950: : opt_cxxflags="$opt_cxxflags"
configure:28953: $? = 0
configure:28981: checking whether C++ compiler accepts -fvisibility=hidden
configure:29000: g++ -c   -fvisibility=hidden  -D_FORTIFY_SOURCE=2 conftest.cpp >&5
configure:29000: $? = 0
configure:29008: result: yes
configure:29025: : opt_cxxflags="$opt_cxxflags"
configure:29028: $? = 0
configure:29250: checking whether C++ compiler accepts -fstack-protector-strong
configure:29269: g++ -c   -fstack-protector-strong  -D_FORTIFY_SOURCE=2 conftest.cpp >&5
configure:29269: $? = 0
configure:29277: result: yes
configure:29294: : opt_cxxflags="$opt_cxxflags"
configure:29297: $? = 0
configure:29331: checking whether C++ compiler accepts -Wno-unused-but-set-variable
configure:29350: g++ -c   -Wno-unused-but-set-variable  -D_FORTIFY_SOURCE=2 conftest.cpp >&5
configure:29350: $? = 0
configure:29358: result: yes
configure:29375: : opt_cxxflags="$opt_cxxflags"
configure:29378: $? = 0
configure:29401: checking whether C++ compiler accepts -Wno-array-bounds
configure:29420: g++ -c   -Wno-array-bounds  -D_FORTIFY_SOURCE=2 conftest.cpp >&5
configure:29420: $? = 0
configure:29428: result: yes
configure:29445: : opt_cxxflags="$opt_cxxflags"
configure:29448: $? = 0
configure:29500: checking for C compiler vendor
configure:29555: result: gnu
configure:29560: checking for C compiler version
configure:30465: result: 7.4.0
configure:31413: checking whether C compiler accepts -mavx2
configure:31432: gcc -c   -mavx2  -D_FORTIFY_SOURCE=2 conftest.c >&5
configure:31432: $? = 0
configure:31440: result: yes
configure:31468: : x86_avx2_cflags="$x86_avx2_cflags"
configure:31471: $? = 0
configure:31483: checking whether C compiler accepts -mavx
configure:31502: gcc -c   -mavx  -D_FORTIFY_SOURCE=2 conftest.c >&5
configure:31502: $? = 0
configure:31510: result: yes
configure:31538: : x86_avx_cflags="$x86_avx_cflags"
configure:31541: $? = 0
configure:31553: checking whether C compiler accepts -msse2
configure:31572: gcc -c   -msse2  -D_FORTIFY_SOURCE=2 conftest.c >&5
configure:31572: $? = 0
configure:31580: result: yes
configure:31608: : x86_sse2_cflags="$x86_sse2_cflags"
configure:31611: $? = 0
configure:31623: checking whether C compiler accepts -mmmx
configure:31642: gcc -c   -mmmx  -D_FORTIFY_SOURCE=2 conftest.c >&5
configure:31642: $? = 0
configure:31650: result: yes
configure:31678: : x86_mmx_cflags="$x86_mmx_cflags"
configure:31681: $? = 0
configure:31778: checking for C++ compiler vendor
configure:31833: result: gnu
configure:31838: checking for C++ compiler version
configure:32743: result: 7.4.0
configure:32784: checking whether C++ compiler accepts -masm=intel
configure:32803: g++ -c   -masm=intel  -D_FORTIFY_SOURCE=2 conftest.cpp >&5
configure:32803: $? = 0
configure:32811: result: yes
configure:32828: : opt_cxxflags="$opt_cxxflags"
configure:32831: $? = 0
configure:33763: checking whether C++ compiler accepts -mavx2
configure:33782: g++ -c   -mavx2  -D_FORTIFY_SOURCE=2 conftest.cpp >&5
configure:33782: $? = 0
configure:33790: result: yes
configure:33818: : x86_avx2_cxxflags="$x86_avx2_cxxflags"
configure:33821: $? = 0
configure:33833: checking whether C++ compiler accepts -mavx
configure:33852: g++ -c   -mavx  -D_FORTIFY_SOURCE=2 conftest.cpp >&5
configure:33852: $? = 0
configure:33860: result: yes
configure:33888: : x86_avx_cxxflags="$x86_avx_cxxflags"
configure:33891: $? = 0
configure:33903: checking whether C++ compiler accepts -msse2
configure:33922: g++ -c   -msse2  -D_FORTIFY_SOURCE=2 conftest.cpp >&5
configure:33922: $? = 0
configure:33930: result: yes
configure:33958: : x86_sse2_cxxflags="$x86_sse2_cxxflags"
configure:33961: $? = 0
configure:33973: checking whether C++ compiler accepts -mmmx
configure:33992: g++ -c   -mmmx  -D_FORTIFY_SOURCE=2 conftest.cpp >&5
configure:33992: $? = 0
configure:34000: result: yes
configure:34028: : x86_mmx_cxxflags="$x86_mmx_cxxflags"
configure:34031: $? = 0
configure:34180: checking for malloc in -lduma
configure:34205: gcc -o conftest   -D_FORTIFY_SOURCE=2  conftest.c -lduma   -ldl -lm >&5
conftest.c:52:6: warning: conflicting types for built-in function 'malloc' [-Wbuiltin-declaration-mismatch]
 char malloc ();
      ^~~~~~
/usr/bin/ld: cannot find -lduma
collect2: error: ld returned 1 exit status
configure:34205: $? = 1
configure: failed program was:
| /* confdefs.h */
| #define PACKAGE_NAME "aircrack-ng"
| #define PACKAGE_TARNAME "aircrack-ng"
| #define PACKAGE_VERSION "1.6.0_rev-e708c21e"
| #define PACKAGE_STRING "aircrack-ng 1.6.0_rev-e708c21e"
| #define PACKAGE_BUGREPORT "https://forum.aircrack-ng.org"
| #define PACKAGE_URL ""
| #define PACKAGE "aircrack-ng"
| #define VERSION "1.6.0_rev-e708c21e"
| #define _REVISION "1.6.0_rev-e708c21e"
| #define LT_CYGWIN_VER "-1-6-0.dll"
| #define STDC_HEADERS 1
| #define HAVE_SYS_TYPES_H 1
| #define HAVE_SYS_STAT_H 1
| #define HAVE_STDLIB_H 1
| #define HAVE_STRING_H 1
| #define HAVE_MEMORY_H 1
| #define HAVE_STRINGS_H 1
| #define HAVE_INTTYPES_H 1
| #define HAVE_STDINT_H 1
| #define HAVE_UNISTD_H 1
| #define HAVE_DLFCN_H 1
| #define LT_OBJDIR ".libs/"
| #define HAVE_OPENSSL_CRYPTO_H 1
| #define HAVE_OPENSSL_CMAC_H 1
| #define HAVE_OPENSSL_CMAC_H 1
| #define CONFIG_LIBNL30 1
| #define CONFIG_LIBNL 1
| #define HAVE_HWLOC 1
| #define HAVE_PCAP_H 1
| #define HAVE_PCAP 1
| #define HAVE_PCRE 1
| #define HAVE_SQLITE3_H 1
| #define HAVE_SQLITE3 1
| #define HAVE_SQLITE 1
| #define HAVE_ZLIB 1
| #define _LARGEFILE64_SOURCE 1
| #define HAVE_PTHREAD_PRIO_INHERIT 1
| #define HAVE_PTHREAD_AFFINITY_NP 1
| #define HAVE_POSIX_MEMALIGN 1
| #define CACHELINE_SIZE 64
| #define INTEL_ASM 1
| #define CACHELINE_SIZE 64
| /* end confdefs.h.  */
| 
| /* Override any GCC internal prototype to avoid an error.
|    Use char because int might match the return type of a GCC
|    builtin and then its argument prototype would still apply.  */
| #ifdef __cplusplus
| extern "C"
| #endif
| char malloc ();
| int
| main ()
| {
| return malloc ();
|   ;
|   return 0;
| }
configure:34214: result: no
configure:34301: checking for C compiler vendor
configure:34356: result: gnu
configure:34663: checking that generated files are newer than configure
configure:34669: result: done
configure:34856: creating ./config.status

## ---------------------- ##
## Running config.status. ##
## ---------------------- ##

This file was extended by aircrack-ng config.status 1.6.0_rev-e708c21e, which was
generated by GNU Autoconf 2.69.  Invocation command line was

  CONFIG_FILES    = 
  CONFIG_HEADERS  = 
  CONFIG_LINKS    = 
  CONFIG_COMMANDS = 
  $ ./config.status 

on sgeorgiou

config.status:1518: creating Makefile
config.status:1518: creating VERSION
config.status:1518: creating include/aircrack-ng/version.h
config.status:1518: creating manpages/airbase-ng.8
config.status:1518: creating manpages/aircrack-ng.1
config.status:1518: creating manpages/airdecap-ng.1
config.status:1518: creating manpages/airdecloak-ng.1
config.status:1518: creating manpages/aireplay-ng.8
config.status:1518: creating manpages/airmon-ng.8
config.status:1518: creating manpages/airodump-ng.8
config.status:1518: creating manpages/airodump-ng-oui-update.8
config.status:1518: creating manpages/airolib-ng.1
config.status:1518: creating manpages/airserv-ng.8
config.status:1518: creating manpages/airtun-ng.8
config.status:1518: creating manpages/airventriloquist-ng.8
config.status:1518: creating manpages/besside-ng.8
config.status:1518: creating manpages/besside-ng-crawler.1
config.status:1518: creating manpages/buddy-ng.1
config.status:1518: creating manpages/easside-ng.8
config.status:1518: creating manpages/ivstools.1
config.status:1518: creating manpages/kstats.1
config.status:1518: creating manpages/Makefile
config.status:1518: creating manpages/makeivs-ng.1
config.status:1518: creating manpages/packetforge-ng.1
config.status:1518: creating manpages/tkiptun-ng.8
config.status:1518: creating manpages/wesside-ng.8
config.status:1518: creating manpages/wpaclean.1
config.status:1518: creating scripts/Makefile
config.status:1518: creating scripts/airdrop-ng/Makefile
config.status:1518: creating scripts/airdrop-ng/doc/Makefile
config.status:1518: creating scripts/airgraph-ng/Makefile
config.status:1518: creating scripts/airgraph-ng/man/Makefile
config.status:1518: creating scripts/versuck-ng/Makefile
config.status:1518: creating test/test-env.sh
config.status:1518: creating config.h
config.status:1747: executing depfiles commands
config.status:1747: executing libtool commands

## ---------------- ##
## Cache variables. ##
## ---------------- ##

ac_cv_build=x86_64-pc-linux-gnu
ac_cv_c_compiler_gnu=yes
ac_cv_cflags_warn_all=-Wall
ac_cv_cxx_compiler_gnu=yes
ac_cv_cxxflags_warn_all=-Wall
ac_cv_env_BREW_set=
ac_cv_env_BREW_value=
ac_cv_env_CCASFLAGS_set=
ac_cv_env_CCASFLAGS_value=
ac_cv_env_CCAS_set=
ac_cv_env_CCAS_value=
ac_cv_env_CCC_set=
ac_cv_env_CCC_value=
ac_cv_env_CC_set=
ac_cv_env_CC_value=
ac_cv_env_CFLAGS_set=
ac_cv_env_CFLAGS_value=
ac_cv_env_CMOCKA_CFLAGS_set=
ac_cv_env_CMOCKA_CFLAGS_value=
ac_cv_env_CMOCKA_LIBS_set=
ac_cv_env_CMOCKA_LIBS_value=
ac_cv_env_CPPFLAGS_set=
ac_cv_env_CPPFLAGS_value=
ac_cv_env_CPP_set=
ac_cv_env_CPP_value=
ac_cv_env_CXXCPP_set=
ac_cv_env_CXXCPP_value=
ac_cv_env_CXXFLAGS_set=
ac_cv_env_CXXFLAGS_value=
ac_cv_env_CXX_set=
ac_cv_env_CXX_value=
ac_cv_env_ETHTOOL_set=
ac_cv_env_ETHTOOL_value=
ac_cv_env_EXPECT_set=
ac_cv_env_EXPECT_value=
ac_cv_env_HWLOC_CFLAGS_set=
ac_cv_env_HWLOC_CFLAGS_value=
ac_cv_env_HWLOC_FOUND_set=
ac_cv_env_HWLOC_FOUND_value=
ac_cv_env_HWLOC_LIBS_set=
ac_cv_env_HWLOC_LIBS_value=
ac_cv_env_LDFLAGS_set=
ac_cv_env_LDFLAGS_value=
ac_cv_env_LIBNL1_CFLAGS_set=
ac_cv_env_LIBNL1_CFLAGS_value=
ac_cv_env_LIBNL1_LIBS_set=
ac_cv_env_LIBNL1_LIBS_value=
ac_cv_env_LIBNL30_CFLAGS_set=
ac_cv_env_LIBNL30_CFLAGS_value=
ac_cv_env_LIBNL30_LIBS_set=
ac_cv_env_LIBNL30_LIBS_value=
ac_cv_env_LIBNL31_CFLAGS_set=
ac_cv_env_LIBNL31_CFLAGS_value=
ac_cv_env_LIBNL31_LIBS_set=
ac_cv_env_LIBNL31_LIBS_value=
ac_cv_env_LIBNL3X_CFLAGS_set=
ac_cv_env_LIBNL3X_CFLAGS_value=
ac_cv_env_LIBNL3X_LIBS_set=
ac_cv_env_LIBNL3X_LIBS_value=
ac_cv_env_LIBNLT_CFLAGS_set=
ac_cv_env_LIBNLT_CFLAGS_value=
ac_cv_env_LIBNLT_LIBS_set=
ac_cv_env_LIBNLT_LIBS_value=
ac_cv_env_LIBS_set=
ac_cv_env_LIBS_value=
ac_cv_env_LTDL_FOUND_set=
ac_cv_env_LTDL_FOUND_value=
ac_cv_env_LTDL_LIBS_set=
ac_cv_env_LTDL_LIBS_value=
ac_cv_env_LT_SYS_LIBRARY_PATH_set=
ac_cv_env_LT_SYS_LIBRARY_PATH_value=
ac_cv_env_NUMA_FOUND_set=
ac_cv_env_NUMA_FOUND_value=
ac_cv_env_NUMA_LIBS_set=
ac_cv_env_NUMA_LIBS_value=
ac_cv_env_OPENSSL_FOUND_set=
ac_cv_env_OPENSSL_FOUND_value=
ac_cv_env_OPENSSL_LIBS_set=
ac_cv_env_OPENSSL_LIBS_value=
ac_cv_env_PCAP_FOUND_set=
ac_cv_env_PCAP_FOUND_value=
ac_cv_env_PCAP_LIBS_set=
ac_cv_env_PCAP_LIBS_value=
ac_cv_env_PCRE_CFLAGS_set=
ac_cv_env_PCRE_CFLAGS_value=
ac_cv_env_PCRE_FOUND_set=
ac_cv_env_PCRE_FOUND_value=
ac_cv_env_PCRE_LIBS_set=
ac_cv_env_PCRE_LIBS_value=
ac_cv_env_PKG_CONFIG_LIBDIR_set=
ac_cv_env_PKG_CONFIG_LIBDIR_value=
ac_cv_env_PKG_CONFIG_PATH_set=
ac_cv_env_PKG_CONFIG_PATH_value=
ac_cv_env_PKG_CONFIG_set=
ac_cv_env_PKG_CONFIG_value=
ac_cv_env_RFKILL_set=
ac_cv_env_RFKILL_value=
ac_cv_env_SQLITE3_FOUND_set=
ac_cv_env_SQLITE3_FOUND_value=
ac_cv_env_SQLITE3_LIBS_set=
ac_cv_env_SQLITE3_LIBS_value=
ac_cv_env_STATIC_HOST_ALIAS_set=
ac_cv_env_STATIC_HOST_ALIAS_value=
ac_cv_env_STATIC_LIBDIR_NAME_set=
ac_cv_env_STATIC_LIBDIR_NAME_value=
ac_cv_env_ZLIB_CFLAGS_set=
ac_cv_env_ZLIB_CFLAGS_value=
ac_cv_env_ZLIB_FOUND_set=
ac_cv_env_ZLIB_FOUND_value=
ac_cv_env_ZLIB_LIBS_set=
ac_cv_env_ZLIB_LIBS_value=
ac_cv_env_build_alias_set=
ac_cv_env_build_alias_value=
ac_cv_env_host_alias_set=
ac_cv_env_host_alias_value=
ac_cv_env_target_alias_set=
ac_cv_env_target_alias_value=
ac_cv_func_posix_memalign=yes
ac_cv_header_dlfcn_h=yes
ac_cv_header_inttypes_h=yes
ac_cv_header_memory_h=yes
ac_cv_header_openssl_cmac_h=yes
ac_cv_header_openssl_crypto_h=yes
ac_cv_header_pcap_h=yes
ac_cv_header_sqlite3_h=yes
ac_cv_header_stdc=yes
ac_cv_header_stdint_h=yes
ac_cv_header_stdlib_h=yes
ac_cv_header_string_h=yes
ac_cv_header_strings_h=yes
ac_cv_header_sys_stat_h=yes
ac_cv_header_sys_types_h=yes
ac_cv_header_unistd_h=yes
ac_cv_host=x86_64-pc-linux-gnu
ac_cv_lib_crypto_OPENSSL_init=yes
ac_cv_lib_dl_dlopen=yes
ac_cv_lib_duma_malloc=no
ac_cv_lib_m_sin=yes
ac_cv_lib_pcap_pcap_open_live=yes
ac_cv_lib_pthread_pthread_create=yes
ac_cv_lib_sqlite3_sqlite3_open=yes
ac_cv_objext=o
ac_cv_path_EGREP='/bin/grep -E'
ac_cv_path_FGREP='/bin/grep -F'
ac_cv_path_GREP=/bin/grep
ac_cv_path_SED=/bin/sed
ac_cv_path_ac_pt_PKG_CONFIG=/usr/bin/pkg-config
ac_cv_path_install='/usr/bin/install -c'
ac_cv_path_lt_DD=/bin/dd
ac_cv_path_mkdir=/bin/mkdir
ac_cv_prog_AWK=gawk
ac_cv_prog_CPP='gcc -E'
ac_cv_prog_CXXCPP='g++ -E'
ac_cv_prog_ETHTOOL=/sbin/ethtool
ac_cv_prog_PYTHON=python
ac_cv_prog_READLINK=readlink
ac_cv_prog_RFKILL=/usr/sbin/rfkill
ac_cv_prog_ac_ct_AR=ar
ac_cv_prog_ac_ct_CC=gcc
ac_cv_prog_ac_ct_CXX=g++
ac_cv_prog_ac_ct_MANIFEST_TOOL=mt
ac_cv_prog_ac_ct_OBJDUMP=objdump
ac_cv_prog_ac_ct_RANLIB=ranlib
ac_cv_prog_ac_ct_STRIP=strip
ac_cv_prog_cc_c89=
ac_cv_prog_cc_g=yes
ac_cv_prog_cxx_g=yes
ac_cv_prog_make_make_set=yes
ac_cv_search_gethostbyname='none required'
ac_cv_search_socket='none required'
ac_cv_sys_file_offset_bits=no
ac_cv_sys_largefile_CC=no
ac_cv_target=x86_64-pc-linux-gnu
am_cv_CCAS_dependencies_compiler_type=gcc3
am_cv_CC_dependencies_compiler_type=gcc3
am_cv_CXX_dependencies_compiler_type=gcc3
am_cv_make_support_nested_variables=yes
am_cv_prog_cc_c_o=yes
ax_cv_PTHREAD_CLANG=no
ax_cv_PTHREAD_JOINABLE_ATTR=PTHREAD_CREATE_JOINABLE
ax_cv_PTHREAD_PRIO_INHERIT=yes
ax_cv_PTHREAD_SPECIAL_FLAGS=no
ax_cv_c_compiler_vendor=gnu
ax_cv_c_compiler_version=7.4.0
ax_cv_check_cflags___O3=yes
ax_cv_check_cflags___Wno_array_bounds=yes
ax_cv_check_cflags___Wno_unused_but_set_variable=yes
ax_cv_check_cflags___Wpointer_arith=yes
ax_cv_check_cflags___Wstrict_overflow_2=yes
ax_cv_check_cflags___fno_strict_aliasing=yes
ax_cv_check_cflags___fstack_protector_strong=yes
ax_cv_check_cflags___fvisibility_hidden=yes
ax_cv_check_cflags___mavx2=yes
ax_cv_check_cflags___mavx=yes
ax_cv_check_cflags___mmmx=yes
ax_cv_check_cflags___msse2=yes
ax_cv_check_cflags___std_gnu99=yes
ax_cv_check_cxxflags___O3=yes
ax_cv_check_cxxflags___Wno_array_bounds=yes
ax_cv_check_cxxflags___Wno_unused_but_set_variable=yes
ax_cv_check_cxxflags___fstack_protector_strong=yes
ax_cv_check_cxxflags___fvisibility_hidden=yes
ax_cv_check_cxxflags___masm_intel=yes
ax_cv_check_cxxflags___mavx2=yes
ax_cv_check_cxxflags___mavx=yes
ax_cv_check_cxxflags___mmmx=yes
ax_cv_check_cxxflags___msse2=yes
ax_cv_cxx_compiler_vendor=gnu
ax_cv_cxx_compiler_version=7.4.0
ext_cv_default_static_lib_search_paths=' 		/usr/lib/gcc/x86_64-linux-gnu/7/ /usr/lib/gcc/x86_64-linux-gnu/7/../../../../x86_64-linux-gnu/lib/x86_64-linux-gnu/7/ /usr/lib/gcc/x86_64-linux-gnu/7/../../../../x86_64-linux-gnu/lib/x86_64-linux-gnu/ /usr/lib/gcc/x86_64-linux-gnu/7/../../../../x86_64-linux-gnu/lib/../lib/ /usr/lib/gcc/x86_64-linux-gnu/7/../../../x86_64-linux-gnu/7/ /usr/lib/gcc/x86_64-linux-gnu/7/../../../x86_64-linux-gnu/ /usr/lib/gcc/x86_64-linux-gnu/7/../../../../lib/ /lib/x86_64-linux-gnu/7/ /lib/x86_64-linux-gnu/ /lib/../lib/ /usr/lib/x86_64-linux-gnu/7/ /usr/lib/x86_64-linux-gnu/ /usr/lib/../lib/ /usr/lib/gcc/x86_64-linux-gnu/7/../../../../x86_64-linux-gnu/lib/ /usr/lib/gcc/x86_64-linux-gnu/7/../../../ /lib/ /usr/lib/ 		/opt/lib/x86_64-linux-gnu 		/opt/lib 		/usr/local/lib/x86_64-linux-gnu 		/usr/local/lib 		/usr/lib/x86_64-linux-gnu 		/usr/lib 		/lib 		/opt/lib/x86_64-linux-gnu 		/opt/lib 	'
ext_cv_static_libdir_name=lib
lt_cv_ar_at_file=@
lt_cv_archive_cmds_need_lc=no
lt_cv_deplibs_check_method=pass_all
lt_cv_file_magic_cmd='$MAGIC_CMD'
lt_cv_file_magic_test_file=
lt_cv_ld_reload_flag=-r
lt_cv_nm_interface='BSD nm'
lt_cv_objdir=.libs
lt_cv_path_LD=/usr/bin/ld
lt_cv_path_LDCXX='/usr/bin/ld -m elf_x86_64'
lt_cv_path_NM='/usr/bin/nm -B'
lt_cv_path_mainfest_tool=no
lt_cv_prog_compiler_c_o=yes
lt_cv_prog_compiler_c_o_CXX=yes
lt_cv_prog_compiler_pic='-fPIC -DPIC'
lt_cv_prog_compiler_pic_CXX='-fPIC -DPIC'
lt_cv_prog_compiler_pic_works=yes
lt_cv_prog_compiler_pic_works_CXX=yes
lt_cv_prog_compiler_rtti_exceptions=no
lt_cv_prog_compiler_static_works=yes
lt_cv_prog_compiler_static_works_CXX=yes
lt_cv_prog_gnu_ld=yes
lt_cv_prog_gnu_ldcxx=yes
lt_cv_sharedlib_from_linklib_cmd='printf %s\n'
lt_cv_shlibpath_overrides_runpath=yes
lt_cv_sys_global_symbol_pipe='sed -n -e '\''s/^.*[	 ]\([ABCDGIRSTW][ABCDGIRSTW]*\)[	 ][	 ]*\([_A-Za-z][_A-Za-z0-9]*\)$/\1 \2 \2/p'\'' | sed '\''/ __gnu_lto/d'\'''
lt_cv_sys_global_symbol_to_c_name_address='sed -n -e '\''s/^: \(.*\) .*$/  {"\1", (void *) 0},/p'\'' -e '\''s/^[ABCDGIRSTW][ABCDGIRSTW]* .* \(.*\)$/  {"\1", (void *) \&\1},/p'\'''
lt_cv_sys_global_symbol_to_c_name_address_lib_prefix='sed -n -e '\''s/^: \(.*\) .*$/  {"\1", (void *) 0},/p'\'' -e '\''s/^[ABCDGIRSTW][ABCDGIRSTW]* .* \(lib.*\)$/  {"\1", (void *) \&\1},/p'\'' -e '\''s/^[ABCDGIRSTW][ABCDGIRSTW]* .* \(.*\)$/  {"lib\1", (void *) \&\1},/p'\'''
lt_cv_sys_global_symbol_to_cdecl='sed -n -e '\''s/^T .* \(.*\)$/extern int \1();/p'\'' -e '\''s/^[ABCDGIRSTW][ABCDGIRSTW]* .* \(.*\)$/extern char \1;/p'\'''
lt_cv_sys_global_symbol_to_import=
lt_cv_sys_max_cmd_len=1572864
lt_cv_to_host_file_cmd=func_convert_file_noop
lt_cv_to_tool_file_cmd=func_convert_file_noop
lt_cv_truncate_bin='/bin/dd bs=4096 count=1'
pc_cv_python_site_dir=/usr/lib/python2.7/dist-packages
pkg_cv_CMOCKA_CFLAGS=
pkg_cv_CMOCKA_LIBS=-lcmocka
pkg_cv_HWLOC_CFLAGS=
pkg_cv_HWLOC_LIBS=-lhwloc
pkg_cv_LIBNL3X_CFLAGS=-I/usr/include/libnl3
pkg_cv_LIBNL3X_LIBS=-lnl-3
pkg_cv_PCRE_CFLAGS=
pkg_cv_PCRE_LIBS=-lpcre
pkg_cv_ZLIB_CFLAGS=
pkg_cv_ZLIB_LIBS=-lz

## ----------------- ##
## Output variables. ##
## ----------------- ##

















			$(MAKE) $(AM_MAKEFLAGS) -k check-valgrind-tool VALGRIND_TOOL=$(tool); \
		$(if $(VALGRIND_HAVE_TOOL_$(tool))$(VALGRIND_HAVE_TOOL_exp_$(tool)), \
		) \
		LOG_COMPILER="$(VALGRIND_LOG_COMPILER)" \
		LOG_COMPILER="$(VALGRIND_LOG_COMPILER)" \
		LOG_COMPILER="$(VALGRIND_LOG_COMPILER)" \
		LOG_COMPILER="$(VALGRIND_LOG_COMPILER)" \
		LOG_COMPILER="$(VALGRIND_LOG_COMPILER)" \
		LOG_FLAGS="$(valgrind_$(VALGRIND_TOOL)_flags)" \
		LOG_FLAGS="$(valgrind_drd_flags)" \
		LOG_FLAGS="$(valgrind_helgrind_flags)" \
		LOG_FLAGS="$(valgrind_memcheck_flags)" \
		LOG_FLAGS="$(valgrind_sgcheck_flags)" \
		TESTS_ENVIRONMENT="$(VALGRIND_TESTS_ENVIRONMENT)" \
		TESTS_ENVIRONMENT="$(VALGRIND_TESTS_ENVIRONMENT)" \
		TESTS_ENVIRONMENT="$(VALGRIND_TESTS_ENVIRONMENT)" \
		TESTS_ENVIRONMENT="$(VALGRIND_TESTS_ENVIRONMENT)" \
		TESTS_ENVIRONMENT="$(VALGRIND_TESTS_ENVIRONMENT)" \
		TEST_SUITE_LOG=test-suite-$(VALGRIND_TOOL).log
		TEST_SUITE_LOG=test-suite-drd.log
		TEST_SUITE_LOG=test-suite-helgrind.log
		TEST_SUITE_LOG=test-suite-memcheck.log
		TEST_SUITE_LOG=test-suite-sgcheck.log
	$(MAKE) check-TESTS \
	$(MAKE) check-TESTS \
	$(MAKE) check-TESTS \
	$(MAKE) check-TESTS \
	$(MAKE) check-TESTS \
	$(TESTS_ENVIRONMENT) \
	$(VALGRIND) $(VALGRIND_SUPPRESSIONS) --error-exitcode=1 $(VALGRIND_FLAGS)
	$(valgrind_lt) \
	)
	-$(foreach tool,$(valgrind_tools), \
	@echo "Need to reconfigure with --enable-valgrind"
	@echo "Need to reconfigure with --enable-valgrind"
	@echo "Need to reconfigure with --enable-valgrind"
	@echo "Need to reconfigure with --enable-valgrind"
	@echo "Need to reconfigure with --enable-valgrind"
	@echo "Need to reconfigure with --enable-valgrind"
	G_DEBUG=fatal-warnings,fatal-criticals,gc-friendly
	G_SLICE=always-malloc,debug-blocks \
	env VALGRIND=$(VALGRIND) \
#
#    (Default: --num-callers=30)
#    files to load. (Default: empty)
#    memcheck, helgrind, drd, sgcheck). (Default: various)
#  - VALGRIND_$toolname_FLAGS: Flags to pass to Valgrind $toolname (one of:
#  - VALGRIND_FLAGS: General flags to pass to all Valgrind tools.
#  - VALGRIND_SUPPRESSIONS_FILES: Space-separated list of Valgrind suppressions
# Internal use
# Optional variables
# Optional:
# Support running with and without libtool.
# Use recursive makes in order to ignore errors during check
# Valgrind check
# Valgrind running
'
.PHONY: check-valgrind check-valgrind-tool
ACLOCAL='${SHELL} /home/sgeorgiou/GitHub/phoronixDataSet/tasks/aircrack-ng/missing aclocal-1.15'
ACLOCAL_AMFLAGS='-I build/m4/stubs -I build/m4 ${ACLOCAL_FLAGS}'
AIRPCAP_CFLAGS=''
AIRPCAP_FALSE=''
AIRPCAP_LIBS=''
AIRPCAP_TRUE='#'
ALTIVEC_FALSE=''
ALTIVEC_TRUE='#'
AMDEPBACKSLASH='\'
AMDEP_FALSE='#'
AMDEP_TRUE=''
AMTAR='$${TAR-tar}'
AM_BACKSLASH='\'
AM_DEFAULT_V='$(AM_DEFAULT_VERBOSITY)'
AM_DEFAULT_VERBOSITY='0'
AM_DISTCHECK_CONFIGURE_FLAGS += --disable-valgrind
AM_DISTCHECK_CONFIGURE_FLAGS ?=
AM_V='$(V)'
AR='ar'
ARM_FALSE=''
ARM_TRUE='#'
AS='as'
AUTOCONF='${SHELL} /home/sgeorgiou/GitHub/phoronixDataSet/tasks/aircrack-ng/missing autoconf'
AUTOHEADER='${SHELL} /home/sgeorgiou/GitHub/phoronixDataSet/tasks/aircrack-ng/missing autoheader'
AUTOMAKE='${SHELL} /home/sgeorgiou/GitHub/phoronixDataSet/tasks/aircrack-ng/missing automake-1.15'
AVX512F_FALSE=''
AVX512F_FOUND=''
AVX512F_TRUE='#'
AWK='gawk'
BREW=''
CACHELINE_SIZE='64'
CC='gcc'
CCAS='gcc'
CCASDEPMODE='depmode=gcc3'
CCASFLAGS=''
CCDEPMODE='depmode=gcc3'
CFLAGS=' -Wall -O3 -std=gnu99 -fno-strict-aliasing -Wpointer-arith -Wstrict-overflow=2 -Wstrict-prototypes -fvisibility=hidden -fstack-protector-strong -Wno-unused-but-set-variable -Wno-array-bounds '
CMOCKA_CFLAGS=''
CMOCKA_FALSE='#'
CMOCKA_LIBS='-lcmocka'
CMOCKA_TRUE=''
CODE_COVERAGE_BRANCH_COVERAGE='1'
CODE_COVERAGE_CFLAGS=''
CODE_COVERAGE_CPPFLAGS=''
CODE_COVERAGE_CXXFLAGS=''
CODE_COVERAGE_ENABLED='no'
CODE_COVERAGE_ENABLED_FALSE=''
CODE_COVERAGE_ENABLED_TRUE='#'
CODE_COVERAGE_IGNORE_PATTERN='/usr/include/\* /usr/local/include/\* /usr/lib/gcc/\* /usr/local/lib/gcc/\*'
CODE_COVERAGE_LIBS=''
CPP='gcc -E'
CPPFLAGS='  -D_FORTIFY_SOURCE=2'
CRYPTO_CFLAGS=''
CRYPTO_INCLUDES=''
CRYPTO_LDFLAGS=''
CRYPTO_LIBS='-lssl -lcrypto'
CXX='g++'
CXXCPP='g++ -E'
CXXDEPMODE='depmode=gcc3'
CXXFLAGS=' -Wall -O3 -fvisibility=hidden -fstack-protector-strong -Wno-unused-but-set-variable -Wno-array-bounds -masm=intel '
CYGPATH_W='echo'
CYGWIN_FALSE=''
CYGWIN_TRUE='#'
DARWIN_FALSE=''
DARWIN_TRUE='#'
DEFS='-DHAVE_CONFIG_H'
DEPDIR='.deps'
DLLTOOL='false'
DSYMUTIL=''
DUMMY_FALSE=''
DUMMY_TRUE='#'
DUMPBIN=''
ECHO_C=''
ECHO_N='-n'
ECHO_T=''
EGREP='/bin/grep -E'
ENABLE_INSTALLED_TESTS_FALSE=''
ENABLE_INSTALLED_TESTS_TRUE='#'
ETHTOOL='/sbin/ethtool'
EXEEXT=''
EXPECT=''
EXPECT_FALSE=''
EXPECT_TRUE='#'
EXPERIMENTAL_FALSE='#'
EXPERIMENTAL_TRUE=''
EXT_SCRIPTS_FALSE=''
EXT_SCRIPTS_TRUE='#'
FGREP='/bin/grep -F'
FREEBSD_FALSE=''
FREEBSD_TRUE='#'
GCOV=''
GCRYPT_CFLAGS=''
GCRYPT_LIBS=''
GENHTML=''
GREP='/bin/grep'
HAVE_AIRPCAP_OR_PCAP_FALSE='#'
HAVE_AIRPCAP_OR_PCAP_TRUE=''
HAVE_HWLOC_FALSE='#'
HAVE_HWLOC_TRUE=''
HAVE_PCAP_FALSE='#'
HAVE_PCAP_TRUE=''
HAVE_SQLITE3='yes'
HAVE_SQLITE3_FALSE='#'
HAVE_SQLITE3_TRUE=''
HWLOC_CFLAGS=''
HWLOC_FOUND='yes'
HWLOC_LIBS='-lhwloc'
INSTALL_DATA='${INSTALL} -m 644'
INSTALL_PROGRAM='${INSTALL}'
INSTALL_SCRIPT='${INSTALL}'
INSTALL_STRIP_PROGRAM='$(install_sh) -c -s'
LCOV=''
LD='/usr/bin/ld -m elf_x86_64'
LDFLAGS=''
LIBGCRYPT_CFLAGS=''
LIBGCRYPT_CONFIG=''
LIBGCRYPT_FALSE=''
LIBGCRYPT_LIBS=''
LIBGCRYPT_TRUE='#'
LIBNL1_CFLAGS=''
LIBNL1_LIBS=''
LIBNL30_CFLAGS=''
LIBNL30_LIBS=''
LIBNL31_CFLAGS=''
LIBNL31_LIBS=''
LIBNL3X_CFLAGS='-I/usr/include/libnl3'
LIBNL3X_LIBS='-lnl-3'
LIBNLT_CFLAGS=''
LIBNLT_LIBS=''
LIBNL_CFLAGS='-I/usr/include/libnl3'
LIBNL_LIBS='-lnl-3 -lnl-genl-3'
LIBOBJS=''
LIBS='  -ldl -lm'
LIBTOOL='$(SHELL) $(top_builddir)/libtool'
LINUX_FALSE='#'
LINUX_TRUE=''
LIPO=''
LN_S='ln -s'
LTDL_FOUND=''
LTDL_LIBS=''
LTLIBOBJS=''
LT_SYS_LIBRARY_PATH=''
LT_VER='1.6.0'
MAINT=''
MAINTAINER_MODE_FALSE='#'
MAINTAINER_MODE_TRUE=''
MAKEINFO='${SHELL} /home/sgeorgiou/GitHub/phoronixDataSet/tasks/aircrack-ng/missing makeinfo'
MANIFEST_TOOL=':'
MAN_RELEASE_DATE='January 2020'
MAN_RELEASE_VERSION='Version 1.6.0_rev-e708c21e'
MKDIR_P='/bin/mkdir -p'
MOSTLYCLEANFILES += $(valgrind_log_files)
MOSTLYCLEANFILES ?=
MULTIBIN_FALSE=''
MULTIBIN_TRUE='#'
NEON_FALSE=''
NEON_TRUE='#'
NETBSD_FALSE=''
NETBSD_TRUE='#'
NLLIBNAME='libnl-3.0'
NM='/usr/bin/nm -B'
NMEDIT=''
NUMA_FOUND=''
NUMA_LIBS=''
OBJDUMP='objdump'
OBJEXT='o'
OPENBSD_FALSE=''
OPENBSD_TRUE='#'
OPENSSL_FOUND='yes'
OPENSSL_INCLUDES=''
OPENSSL_LDFLAGS=''
OPENSSL_LIBS='-lssl -lcrypto'
OTOOL64=''
OTOOL=''
PACKAGE='aircrack-ng'
PACKAGE_BUGREPORT='https://forum.aircrack-ng.org'
PACKAGE_NAME='aircrack-ng'
PACKAGE_STRING='aircrack-ng 1.6.0_rev-e708c21e'
PACKAGE_TARNAME='aircrack-ng'
PACKAGE_URL=''
PACKAGE_VERSION='1.6.0_rev-e708c21e'
PATH_SEPARATOR=':'
PCAP_CFLAGS='-I/usr/include/pcap'
PCAP_FOUND='yes'
PCAP_LIBS='-lpcap'
PCRE_CFLAGS=''
PCRE_FOUND=''
PCRE_LIBS='-lpcre'
PKG_CONFIG='/usr/bin/pkg-config'
PKG_CONFIG_LIBDIR=''
PKG_CONFIG_PATH=''
POWER8_FALSE=''
POWER8_TRUE='#'
PPC_FALSE=''
PPC_TRUE='#'
PTHREAD_CC='gcc'
PTHREAD_CFLAGS='-pthread'
PTHREAD_LIBS='-lpthread'
PYTHON='python'
RANLIB='ranlib'
READLINK='readlink'
RFKILL='/usr/sbin/rfkill'
SED='/bin/sed'
SET_MAKE=''
SHELL='/bin/bash'
SIMD_SUFFIX=''
SQLITE3_CFLAGS='-I/usr/include'
SQLITE3_FOUND=''
SQLITE3_LDFLAGS='-L/usr/lib -lsqlite3'
SQLITE3_LIBS=''
SQLITE3_VERSION='3.22.0'
STATIC_BUILD_FALSE=''
STATIC_BUILD_TRUE='#'
STATIC_CRYPTO_FALSE=''
STATIC_CRYPTO_TRUE='#'
STATIC_HOST_ALIAS=''
STATIC_HWLOC_FALSE=''
STATIC_HWLOC_TRUE='#'
STATIC_LIBDIR_NAME='lib'
STRIP='strip'
VALGRIND=''
VALGRIND_CHECK_RULES='
VALGRIND_ENABLED='no'
VALGRIND_ENABLED_FALSE=''
VALGRIND_ENABLED_TRUE='#'
VALGRIND_FLAGS ?= --num-callers=30
VALGRIND_HAVE_TOOL_drd=''
VALGRIND_HAVE_TOOL_exp_sgcheck=''
VALGRIND_HAVE_TOOL_helgrind=''
VALGRIND_HAVE_TOOL_memcheck=''
VALGRIND_LOG_COMPILER = \
VALGRIND_SUPPRESSIONS ?= $(addprefix --suppressions=,$(VALGRIND_SUPPRESSIONS_FILES))
VALGRIND_TESTS_ENVIRONMENT = \
VALGRIND_drd_FLAGS ?=
VALGRIND_helgrind_FLAGS ?= --history-level=approx
VALGRIND_memcheck_FLAGS ?= --leak-check=full --show-reachable=no
VALGRIND_sgcheck_FLAGS ?=
VERSION='1.6.0_rev-e708c21e'
X86_FALSE='#'
X86_TRUE=''
ZLIB_CFLAGS=''
ZLIB_FOUND=''
ZLIB_LIBS='-lz'
_BETA='0'
_MAJ='1'
_MIN='6'
_RC='0'
_SCM='_rev-e708c21e'
_SUB_MIN='0'
ac_ct_AR='ar'
ac_ct_CC='gcc'
ac_ct_CXX='g++'
ac_ct_DUMPBIN=''
am__EXEEXT_FALSE=''
am__EXEEXT_TRUE='#'
am__fastdepCCAS_FALSE='#'
am__fastdepCCAS_TRUE=''
am__fastdepCC_FALSE='#'
am__fastdepCC_TRUE=''
am__fastdepCXX_FALSE='#'
am__fastdepCXX_TRUE=''
am__include='include'
am__isrc=''
am__leading_dot='.'
am__nodep='_no'
am__quote=''
am__tar='$${TAR-tar} chof - "$$tardir"'
am__untar='$${TAR-tar} xf -'
arm_neon_cflags=''
arm_neon_cxxflags=''
ax_pthread_config=''
bindir='${exec_prefix}/bin'
build='x86_64-pc-linux-gnu'
build_alias=''
build_cpu='x86_64'
build_os='linux-gnu'
build_vendor='pc'
check-valgrind-drd:
check-valgrind-helgrind:
check-valgrind-memcheck:
check-valgrind-sgcheck:
check-valgrind-tool:
check-valgrind:
datadir='${datarootdir}'
datarootdir='${prefix}/share'
docdir='${datarootdir}/doc/${PACKAGE_TARNAME}'
dvidir='${docdir}'
else
else
else
else
else
else
else
endif
endif
endif
endif
endif
endif
endif
exec_prefix='${prefix}'
host='x86_64-pc-linux-gnu'
host_alias=''
host_cpu='x86_64'
host_os='linux-gnu'
host_vendor='pc'
htmldir='${docdir}'
ifGNUmake=''
ifeq ($(VALGRIND_ENABLED),yes)
ifeq ($(VALGRIND_ENABLED),yes)
ifeq ($(VALGRIND_ENABLED),yes)
ifeq ($(VALGRIND_ENABLED),yes)
ifeq ($(VALGRIND_ENABLED),yes)
ifeq ($(VALGRIND_ENABLED),yes)
ifnGNUmake=''
ifneq ($(LIBTOOL),)
includedir='${prefix}/include'
infodir='${datarootdir}/info'
install_sh='${SHELL} /home/sgeorgiou/GitHub/phoronixDataSet/tasks/aircrack-ng/install-sh'
libdir='${exec_prefix}/lib'
libexecdir='${exec_prefix}/libexec'
localedir='${datarootdir}/locale'
localstatedir='${prefix}/var'
mandir='${datarootdir}/man'
mkdir_p='$(MKDIR_P)'
oldincludedir='/usr/include'
pdfdir='${docdir}'
pkgpythondir='${pythondir}/aircrack-ng'
ppc_altivec_cflags=''
ppc_altivec_cxxflags=''
prefix='/usr/local'
program_transform_name='s,x,x,'
psdir='${docdir}'
pythondir='/usr/lib/python2.7/dist-packages'
runstatedir='${localstatedir}/run'
sbindir='${exec_prefix}/sbin'
sharedstatedir='${prefix}/com'
sysconfdir='${prefix}/etc'
target='x86_64-pc-linux-gnu'
target_alias=''
target_cpu='x86_64'
target_os='linux-gnu'
target_vendor='pc'
valgrind_drd_flags = --tool=drd $(VALGRIND_drd_FLAGS)
valgrind_helgrind_flags = --tool=helgrind $(VALGRIND_helgrind_FLAGS)
valgrind_log_files = $(addprefix test-suite-,$(addsuffix .log,$(valgrind_tools)))
valgrind_lt =
valgrind_lt = $(LIBTOOL) $(AM_LIBTOOLFLAGS) $(LIBTOOLFLAGS) --mode=execute
valgrind_memcheck_flags = --tool=memcheck $(VALGRIND_memcheck_FLAGS)
valgrind_quiet = $(valgrind_quiet_$(V))
valgrind_quiet_ = $(valgrind_quiet_$(AM_DEFAULT_VERBOSITY))
valgrind_quiet_0 = --quiet
valgrind_sgcheck_flags = --tool=exp-sgcheck $(VALGRIND_sgcheck_FLAGS)
valgrind_tools = memcheck helgrind drd sgcheck
x86_avx2_cflags='-mavx2'
x86_avx2_cxxflags='-mavx2'
x86_avx512_cflags=''
x86_avx512_cxxflags=''
x86_avx_cflags='-mavx'
x86_avx_cxxflags='-mavx'
x86_mmx_cflags='-mmmx'
x86_mmx_cxxflags='-mmmx'
x86_sse2_cflags='-msse2'
x86_sse2_cxxflags='-msse2'

## ----------- ##
## confdefs.h. ##
## ----------- ##

/* confdefs.h */
#define PACKAGE_NAME "aircrack-ng"
#define PACKAGE_TARNAME "aircrack-ng"
#define PACKAGE_VERSION "1.6.0_rev-e708c21e"
#define PACKAGE_STRING "aircrack-ng 1.6.0_rev-e708c21e"
#define PACKAGE_BUGREPORT "https://forum.aircrack-ng.org"
#define PACKAGE_URL ""
#define PACKAGE "aircrack-ng"
#define VERSION "1.6.0_rev-e708c21e"
#define _REVISION "1.6.0_rev-e708c21e"
#define LT_CYGWIN_VER "-1-6-0.dll"
#define STDC_HEADERS 1
#define HAVE_SYS_TYPES_H 1
#define HAVE_SYS_STAT_H 1
#define HAVE_STDLIB_H 1
#define HAVE_STRING_H 1
#define HAVE_MEMORY_H 1
#define HAVE_STRINGS_H 1
#define HAVE_INTTYPES_H 1
#define HAVE_STDINT_H 1
#define HAVE_UNISTD_H 1
#define HAVE_DLFCN_H 1
#define LT_OBJDIR ".libs/"
#define HAVE_OPENSSL_CRYPTO_H 1
#define HAVE_OPENSSL_CMAC_H 1
#define HAVE_OPENSSL_CMAC_H 1
#define CONFIG_LIBNL30 1
#define CONFIG_LIBNL 1
#define HAVE_HWLOC 1
#define HAVE_PCAP_H 1
#define HAVE_PCAP 1
#define HAVE_PCRE 1
#define HAVE_SQLITE3_H 1
#define HAVE_SQLITE3 1
#define HAVE_SQLITE 1
#define HAVE_ZLIB 1
#define _LARGEFILE64_SOURCE 1
#define HAVE_PTHREAD_PRIO_INHERIT 1
#define HAVE_PTHREAD_AFFINITY_NP 1
#define HAVE_POSIX_MEMALIGN 1
#define CACHELINE_SIZE 64
#define INTEL_ASM 1
#define CACHELINE_SIZE 64

configure: exit 0
