Determining if the pthread_create exist failed with the following output:
Change Dir: /home/sgeorgiou/GitHub/phoronixDataSet/tasks/primesieve/CMakeFiles/CMakeTmp

Run Build Command:"/usr/bin/make" "cmTC_14773/fast"
/usr/bin/make -f CMakeFiles/cmTC_14773.dir/build.make CMakeFiles/cmTC_14773.dir/build
make[1]: Entering directory '/home/sgeorgiou/GitHub/phoronixDataSet/tasks/primesieve/CMakeFiles/CMakeTmp'
Building CXX object CMakeFiles/cmTC_14773.dir/CheckSymbolExists.cxx.o
/usr/bin/c++     -o CMakeFiles/cmTC_14773.dir/CheckSymbolExists.cxx.o -c /home/sgeorgiou/GitHub/phoronixDataSet/tasks/primesieve/CMakeFiles/CMakeTmp/CheckSymbolExists.cxx
Linking CXX executable cmTC_14773
/usr/bin/cmake -E cmake_link_script CMakeFiles/cmTC_14773.dir/link.txt --verbose=1
/usr/bin/c++       CMakeFiles/cmTC_14773.dir/CheckSymbolExists.cxx.o  -o cmTC_14773 
CMakeFiles/cmTC_14773.dir/CheckSymbolExists.cxx.o: In function `main':
CheckSymbolExists.cxx:(.text+0x1b): undefined reference to `pthread_create'
collect2: error: ld returned 1 exit status
CMakeFiles/cmTC_14773.dir/build.make:97: recipe for target 'cmTC_14773' failed
make[1]: *** [cmTC_14773] Error 1
make[1]: Leaving directory '/home/sgeorgiou/GitHub/phoronixDataSet/tasks/primesieve/CMakeFiles/CMakeTmp'
Makefile:126: recipe for target 'cmTC_14773/fast' failed
make: *** [cmTC_14773/fast] Error 2

File /home/sgeorgiou/GitHub/phoronixDataSet/tasks/primesieve/CMakeFiles/CMakeTmp/CheckSymbolExists.cxx:
/* */
#include <pthread.h>

int main(int argc, char** argv)
{
  (void)argv;
#ifndef pthread_create
  return ((int*)(&pthread_create))[argc];
#else
  (void)argc;
  return 0;
#endif
}

Determining if the function pthread_create exists in the pthreads failed with the following output:
Change Dir: /home/sgeorgiou/GitHub/phoronixDataSet/tasks/primesieve/CMakeFiles/CMakeTmp

Run Build Command:"/usr/bin/make" "cmTC_d513c/fast"
/usr/bin/make -f CMakeFiles/cmTC_d513c.dir/build.make CMakeFiles/cmTC_d513c.dir/build
make[1]: Entering directory '/home/sgeorgiou/GitHub/phoronixDataSet/tasks/primesieve/CMakeFiles/CMakeTmp'
Building CXX object CMakeFiles/cmTC_d513c.dir/CheckFunctionExists.cxx.o
/usr/bin/c++    -DCHECK_FUNCTION_EXISTS=pthread_create   -o CMakeFiles/cmTC_d513c.dir/CheckFunctionExists.cxx.o -c /home/sgeorgiou/GitHub/phoronixDataSet/tasks/primesieve/CMakeFiles/CheckLibraryExists/CheckFunctionExists.cxx
Linking CXX executable cmTC_d513c
/usr/bin/cmake -E cmake_link_script CMakeFiles/cmTC_d513c.dir/link.txt --verbose=1
/usr/bin/c++   -DCHECK_FUNCTION_EXISTS=pthread_create    CMakeFiles/cmTC_d513c.dir/CheckFunctionExists.cxx.o  -o cmTC_d513c -lpthreads 
/usr/bin/ld: cannot find -lpthreads
collect2: error: ld returned 1 exit status
CMakeFiles/cmTC_d513c.dir/build.make:97: recipe for target 'cmTC_d513c' failed
make[1]: *** [cmTC_d513c] Error 1
make[1]: Leaving directory '/home/sgeorgiou/GitHub/phoronixDataSet/tasks/primesieve/CMakeFiles/CMakeTmp'
Makefile:126: recipe for target 'cmTC_d513c/fast' failed
make: *** [cmTC_d513c/fast] Error 2


