BRL-CAD Release 7.28.0  The BRL-CAD Raytracer RT
    Sat, 08 Feb 2020 20:03:25 +0200, Compilation 0
    sgeorgiou@sgeorgiou
BRL-CAD Release 7.28.0  The BRL-CAD Ray-Tracing Library
    Sat, 08 Feb 2020 20:03:25 +0200, Compilation 0
    sgeorgiou@sgeorgiou
BRL-CAD Release 7.28.0  The BRL-CAD Numerical Computation Library
    Sat, 08 Feb 2020 20:03:25 +0200, Compilation 0
    sgeorgiou@sgeorgiou
BRL-CAD Release 7.28.0  The BRL-CAD Utility Library
    Sat, 08 Feb 2020 20:03:25 +0200, Compilation 0
    sgeorgiou@sgeorgiou

Compile-time debug symbols are available
Running on sgeorgiou
Planning to run with 8 processors
./build/bench/../bin/rt -B -M -s512 -H0 -J0 -P 8 -o bldg391.pix
opendb ./build/bench/../share/db/bldg391.g;
tree all.g;
db title:  Building 391, with mirrored floors
DIRBUILD: cpu = 0.000836 sec, elapsed = 0.000847 sec
    parent: 0.0user 0.0sys 0:00real 0% i+d maxrss +pf csw
  children: 0.0user 0.0sys 0:00real 0% i+d maxrss +pf csw
Additional #malloc=1077, #free=1050, #realloc=6 (27 retained)
0x7f41a9ea7040 TOL 5.000000e-04 (sq=2.500000e-07) perp=1.000000e-06, para=9.999990e-01
BRL-CAD Release 7.28.0  The BRL-CAD Optical Shader Library
    Sat, 08 Feb 2020 20:03:25 +0200, Compilation 0
    sgeorgiou@sgeorgiou
Additional #malloc=2053, #free=5, #realloc=1 (2048 retained)
GETTREE: cpu = 0.03091 sec, elapsed = 0.01589 sec
    parent: 0.0user 0.0sys 0:00real 400% i+d maxrss +pf csw
  children: 0.0user 0.0sys 0:00real 0% i+d maxrss +pf csw
Additional #malloc=14200, #free=12502, #realloc=5 (1698 retained)

...................Frame     0...................
PREP: cpu = 0.001094 sec, elapsed = 0.001507 sec
    parent: 0.0user 0.0sys 0:00real 0% i+d maxrss +pf csw
  children: 0.0user 0.0sys 0:00real 0% i+d maxrss +pf csw
Additional #malloc=919, #free=456, #realloc=4 (463 retained)
NUBSP: 369 cut, 370 box (370 empty)
Tree: 203 solids in 68 regions
Model: X(-2100, 1900), Y(-1600, 2400), Z(-2000, 2000)
View: 35 azimuth, 25 elevation off of front view
Orientation: 0.248097, 0.476591, 0.748097, 0.389435
Eye_pos: 634.501, 863.325, 831.077
Size: 1800mm
Grid: (3.51562, 3.51562) mm, (512, 512) pixels
Beam: radius=1.75781 mm, divergence=0 mm/1mm
Output file is 'bldg391.pix' 512x512 pixels
Mode: scanline-per-CPU buffering

SHOT: cpu = 1.95011 sec, elapsed = 0.269693 sec
    parent: 1.9user 0.0sys 0:00real 725% i+d maxrss +pf csw
  children: 0.0user 0.0sys 0:00real 0% i+d maxrss +pf csw
Additional #malloc=951, #free=554, #realloc=11 (397 retained)
2191942 solid/ray intersections: 1370734 hits + 821208 miss
pruned 62.5%:  0 model RPP, 6083493 dups skipped, 23420 solid RPP
Frame  0:     262144 pixels in      0.24 sec =   1075401.35 pixels/sec
Frame  0:     330895 rays   in      0.24 sec =   1357440.68 rays/sec (RTFM)
Frame  0:     330895 rays   in      1.95 sec =    169680.08 rays/CPU_sec
Frame  0:     330895 rays   in      0.27 sec =   1226932.10 rays/sec (wallclock)

