BRL-CAD Release 7.28.0  The BRL-CAD Raytracer RT
    Sat, 08 Feb 2020 20:03:25 +0200, Compilation 0
    sgeorgiou@sgeorgiou
BRL-CAD Release 7.28.0  The BRL-CAD Ray-Tracing Library
    Sat, 08 Feb 2020 20:03:25 +0200, Compilation 0
    sgeorgiou@sgeorgiou
BRL-CAD Release 7.28.0  The BRL-CAD Numerical Computation Library
    Sat, 08 Feb 2020 20:03:25 +0200, Compilation 0
    sgeorgiou@sgeorgiou
BRL-CAD Release 7.28.0  The BRL-CAD Utility Library
    Sat, 08 Feb 2020 20:03:25 +0200, Compilation 0
    sgeorgiou@sgeorgiou

Compile-time debug symbols are available
Running on sgeorgiou
Planning to run with 8 processors
./build/bench/../bin/rt -B -M -s512 -H127 -J0 -P 8 -o bldg391.pix
opendb ./build/bench/../share/db/bldg391.g;
tree all.g;
db title:  Building 391, with mirrored floors
DIRBUILD: cpu = 0.001092 sec, elapsed = 0.001101 sec
    parent: 0.0user 0.0sys 0:00real 0% i+d maxrss +pf csw
  children: 0.0user 0.0sys 0:00real 0% i+d maxrss +pf csw
Additional #malloc=1077, #free=1050, #realloc=6 (27 retained)
0x7ff46e580040 TOL 5.000000e-04 (sq=2.500000e-07) perp=1.000000e-06, para=9.999990e-01
BRL-CAD Release 7.28.0  The BRL-CAD Optical Shader Library
    Sat, 08 Feb 2020 20:03:25 +0200, Compilation 0
    sgeorgiou@sgeorgiou
Additional #malloc=2053, #free=5, #realloc=1 (2048 retained)
GETTREE: cpu = 0.010115 sec, elapsed = 0.017059 sec
    parent: 0.0user 0.0sys 0:00real 100% i+d maxrss +pf csw
  children: 0.0user 0.0sys 0:00real 0% i+d maxrss +pf csw
Additional #malloc=14200, #free=12502, #realloc=6 (1698 retained)

...................Frame    10...................
PREP: cpu = 0.002001 sec, elapsed = 0.002004 sec
    parent: 0.0user 0.0sys 0:00real 0% i+d maxrss +pf csw
  children: 0.0user 0.0sys 0:00real 0% i+d maxrss +pf csw
Additional #malloc=919, #free=456, #realloc=4 (463 retained)
NUBSP: 369 cut, 370 box (370 empty)
Tree: 203 solids in 68 regions
Model: X(-2100, 1900), Y(-1600, 2400), Z(-2000, 2000)
View: 35 azimuth, 25 elevation off of front view
Orientation: 0.248097, 0.476591, 0.748097, 0.389435
Eye_pos: 634.501, 863.325, 831.077
Size: 1800mm
Grid: (3.51562, 3.51562) mm, (512, 512) pixels
Beam: radius=1.75781 mm, divergence=0 mm/1mm
Output file is 'bldg391.pix.10' 512x512 pixels
Mode: scanline-per-CPU buffering

SHOT: cpu = 218.632 sec, elapsed = 70.0881 sec
    parent: 218.6user 0.1sys 1:10real 312% i+d maxrss +pf csw
  children: 0.0user 0.0sys 1:10real 0% i+d maxrss +pf csw
Additional #malloc=951, #free=554, #realloc=12 (397 retained)
281021184 solid/ray intersections: 175753216 hits + 105267968 miss
pruned 62.5%:  0 model RPP, 778898816 dups skipped, 3013120 solid RPP
Frame 10:     262144 pixels in     27.33 sec =      9592.15 pixels/sec
Frame 10:   42435328 rays   in     27.33 sec =   1552757.02 rays/sec (RTFM)
Frame 10:   42435328 rays   in    218.63 sec =    194094.63 rays/CPU_sec
Frame 10:   42435328 rays   in     70.09 sec =    605456.96 rays/sec (wallclock)

