BRL-CAD Release 7.28.0  The BRL-CAD Raytracer RT
    Sat, 08 Feb 2020 20:03:25 +0200, Compilation 0
    sgeorgiou@sgeorgiou
BRL-CAD Release 7.28.0  The BRL-CAD Ray-Tracing Library
    Sat, 08 Feb 2020 20:03:25 +0200, Compilation 0
    sgeorgiou@sgeorgiou
BRL-CAD Release 7.28.0  The BRL-CAD Numerical Computation Library
    Sat, 08 Feb 2020 20:03:25 +0200, Compilation 0
    sgeorgiou@sgeorgiou
BRL-CAD Release 7.28.0  The BRL-CAD Utility Library
    Sat, 08 Feb 2020 20:03:25 +0200, Compilation 0
    sgeorgiou@sgeorgiou

Compile-time debug symbols are available
Running on sgeorgiou
Planning to run with 8 processors
./build/bench/../bin/rt -B -M -s512 -H0 -J0 -P 8 -o m35.pix
opendb ./build/bench/../share/db/m35.g;
tree all.g;
db title:  M35   2 1/2 ton truck
DIRBUILD: cpu = 0.003175 sec, elapsed = 0.003184 sec
    parent: 0.0user 0.0sys 0:00real 0% i+d maxrss +pf csw
  children: 0.0user 0.0sys 0:00real 0% i+d maxrss +pf csw
Additional #malloc=10640, #free=10623, #realloc=6 (17 retained)
0x7fd9be491040 TOL 5.000000e-04 (sq=2.500000e-07) perp=1.000000e-06, para=9.999990e-01
BRL-CAD Release 7.28.0  The BRL-CAD Optical Shader Library
    Sat, 08 Feb 2020 20:03:25 +0200, Compilation 0
    sgeorgiou@sgeorgiou
Additional #malloc=2053, #free=5, #realloc=1 (2048 retained)
GETTREE: cpu = 0.419074 sec, elapsed = 0.190802 sec
    parent: 0.4user 0.6sys 0:00real 525% i+d maxrss +pf csw
  children: 0.0user 0.0sys 0:00real 0% i+d maxrss +pf csw
Additional #malloc=229508, #free=210300, #realloc=6 (19208 retained)

...................Frame     0...................
PREP: cpu = 0.00867 sec, elapsed = 0.009078 sec
    parent: 0.0user 0.0sys 0:00real 0% i+d maxrss +pf csw
  children: 0.0user 0.0sys 0:00real 0% i+d maxrss +pf csw
Additional #malloc=6393, #free=3164, #realloc=26 (3229 retained)
NUBSP: 2246 cut, 2247 box (2247 empty)
Tree: 1126 solids in 893 regions
Model: X(-1828, 4893), Y(-2302, 1310), Z(0, 5234)
View: 33.0779 azimuth, 35.7436 elevation off of front view
Orientation: 0.22019, 0.399295, 0.785465, 0.418479
Eye_pos: 3974.53, 1503.32, 2874.63
Size: 6787.39mm
Grid: (13.2566, 13.2566) mm, (512, 512) pixels
Beam: radius=6.62831 mm, divergence=0 mm/1mm
Output file is 'm35.pix' 512x512 pixels
Mode: scanline-per-CPU buffering

SHOT: cpu = 2.47821 sec, elapsed = 0.348873 sec
    parent: 2.4user 0.0sys 0:00real 726% i+d maxrss +pf csw
  children: 0.0user 0.0sys 0:00real 0% i+d maxrss +pf csw
Additional #malloc=1035, #free=554, #realloc=27 (481 retained)
4313940 solid/ray intersections: 1597108 hits + 2716832 miss
pruned 37.0%:  0 model RPP, 3636886 dups skipped, 471057 solid RPP
Frame  0:     262144 pixels in      0.31 sec =    846235.23 pixels/sec
Frame  0:     569323 rays   in      0.31 sec =   1837849.35 rays/sec (RTFM)
Frame  0:     569323 rays   in      2.48 sec =    229731.17 rays/CPU_sec
Frame  0:     569323 rays   in      0.35 sec =   1631891.83 rays/sec (wallclock)

