BRL-CAD Release 7.28.0  The BRL-CAD Raytracer RT
    Sat, 08 Feb 2020 20:03:25 +0200, Compilation 0
    sgeorgiou@sgeorgiou
BRL-CAD Release 7.28.0  The BRL-CAD Ray-Tracing Library
    Sat, 08 Feb 2020 20:03:25 +0200, Compilation 0
    sgeorgiou@sgeorgiou
BRL-CAD Release 7.28.0  The BRL-CAD Numerical Computation Library
    Sat, 08 Feb 2020 20:03:25 +0200, Compilation 0
    sgeorgiou@sgeorgiou
BRL-CAD Release 7.28.0  The BRL-CAD Utility Library
    Sat, 08 Feb 2020 20:03:25 +0200, Compilation 0
    sgeorgiou@sgeorgiou

Compile-time debug symbols are available
Running on sgeorgiou
Planning to run with 8 processors
./build/bench/../bin/rt -B -M -s512 -H127 -J0 -P 8 -o m35.pix
opendb ./build/bench/../share/db/m35.g;
tree all.g;
db title:  M35   2 1/2 ton truck
DIRBUILD: cpu = 0.002852 sec, elapsed = 0.002858 sec
    parent: 0.0user 0.0sys 0:00real 0% i+d maxrss +pf csw
  children: 0.0user 0.0sys 0:00real 0% i+d maxrss +pf csw
Additional #malloc=10640, #free=10623, #realloc=6 (17 retained)
0x7f1e8e0b8040 TOL 5.000000e-04 (sq=2.500000e-07) perp=1.000000e-06, para=9.999990e-01
BRL-CAD Release 7.28.0  The BRL-CAD Optical Shader Library
    Sat, 08 Feb 2020 20:03:25 +0200, Compilation 0
    sgeorgiou@sgeorgiou
Additional #malloc=2053, #free=5, #realloc=1 (2048 retained)
GETTREE: cpu = 0.38142 sec, elapsed = 0.169805 sec
    parent: 0.3user 0.4sys 0:00real 543% i+d maxrss +pf csw
  children: 0.0user 0.0sys 0:00real 0% i+d maxrss +pf csw
Additional #malloc=229508, #free=210300, #realloc=5 (19208 retained)

...................Frame    12...................
PREP: cpu = 0.009407 sec, elapsed = 0.010693 sec
    parent: 0.0user 0.0sys 0:00real 0% i+d maxrss +pf csw
  children: 0.0user 0.0sys 0:00real 0% i+d maxrss +pf csw
Additional #malloc=6393, #free=3164, #realloc=26 (3229 retained)
NUBSP: 2246 cut, 2247 box (2247 empty)
Tree: 1126 solids in 893 regions
Model: X(-1828, 4893), Y(-2302, 1310), Z(0, 5234)
View: 33.0779 azimuth, 35.7436 elevation off of front view
Orientation: 0.22019, 0.399295, 0.785465, 0.418479
Eye_pos: 3974.53, 1503.32, 2874.63
Size: 6787.39mm
Grid: (13.2566, 13.2566) mm, (512, 512) pixels
Beam: radius=6.62831 mm, divergence=0 mm/1mm
Output file is 'm35.pix.12' 512x512 pixels
Mode: scanline-per-CPU buffering

SHOT: cpu = 290.256 sec, elapsed = 45.6936 sec
    parent: 290.2user 0.1sys 0:45real 635% i+d maxrss +pf csw
  children: 0.0user 0.0sys 0:45real 0% i+d maxrss +pf csw
Additional #malloc=1039, #free=554, #realloc=28 (485 retained)
559115136 solid/ray intersections: 206922880 hits + 352192256 miss
pruned 37.0%:  0 model RPP, 472976384 dups skipped, 61429248 solid RPP
Frame 12:     262144 pixels in     36.28 sec =      7225.17 pixels/sec
Frame 12:   73485568 rays   in     36.28 sec =   2025397.16 rays/sec (RTFM)
Frame 12:   73485568 rays   in    290.26 sec =    253174.65 rays/CPU_sec
Frame 12:   73485568 rays   in     45.69 sec =   1608222.97 rays/sec (wallclock)

