BRL-CAD Release 7.28.0  The BRL-CAD Raytracer RT
    Sat, 08 Feb 2020 20:03:25 +0200, Compilation 0
    sgeorgiou@sgeorgiou
BRL-CAD Release 7.28.0  The BRL-CAD Ray-Tracing Library
    Sat, 08 Feb 2020 20:03:25 +0200, Compilation 0
    sgeorgiou@sgeorgiou
BRL-CAD Release 7.28.0  The BRL-CAD Numerical Computation Library
    Sat, 08 Feb 2020 20:03:25 +0200, Compilation 0
    sgeorgiou@sgeorgiou
BRL-CAD Release 7.28.0  The BRL-CAD Utility Library
    Sat, 08 Feb 2020 20:03:25 +0200, Compilation 0
    sgeorgiou@sgeorgiou

Compile-time debug symbols are available
Running on sgeorgiou
Planning to run with 8 processors
./build/bench/../bin/rt -B -M -s512 -H0 -J0 -P 8 -o moss.pix
opendb ./build/bench/../share/db/moss.g;
tree all.g;
db title:  Gary Moss's "World on a Platter"
DIRBUILD: cpu = 0.000421 sec, elapsed = 0.000426 sec
    parent: 0.0user 0.0sys 0:00real 0% i+d maxrss +pf csw
  children: 0.0user 0.0sys 0:00real 0% i+d maxrss +pf csw
Additional #malloc=117, #free=103, #realloc=6 (14 retained)
0x7f85827e5040 TOL 5.000000e-04 (sq=2.500000e-07) perp=1.000000e-06, para=9.999990e-01
BRL-CAD Release 7.28.0  The BRL-CAD Optical Shader Library
    Sat, 08 Feb 2020 20:03:25 +0200, Compilation 0
    sgeorgiou@sgeorgiou
Additional #malloc=2053, #free=5, #realloc=1 (2048 retained)
GETTREE: cpu = 1e-05 sec, elapsed = 0.00427 sec
    parent: 0.0user 0.0sys 0:00real 0% i+d maxrss +pf csw
  children: 0.0user 0.0sys 0:00real 0% i+d maxrss +pf csw
Additional #malloc=1240, #free=1144, #realloc=5 (96 retained)

...................Frame     0...................
PREP: cpu = 1e-05 sec, elapsed = 0.000104 sec
    parent: 0.0user 0.0sys 0:00real 0% i+d maxrss +pf csw
  children: 0.0user 0.0sys 0:00real 0% i+d maxrss +pf csw
Additional #malloc=120, #free=61, #realloc=4 (59 retained)
NUBSP: 36 cut, 37 box (37 empty)
Tree: 6 solids in 6 regions
Model: X(-50, 90), Y(-70, 70), Z(-24, 63)
View: 35 azimuth, 25 elevation off of front view
Orientation: 0.248097, 0.476591, 0.748097, 0.389435
Eye_pos: 63.7999, 32.7177, 33.6666
Size: 157.203mm
Grid: (0.307036, 0.307036) mm, (512, 512) pixels
Beam: radius=0.153518 mm, divergence=0 mm/1mm
Output file is 'moss.pix' 512x512 pixels
Mode: scanline-per-CPU buffering

SHOT: cpu = 0.559843 sec, elapsed = 0.086086 sec
    parent: 0.5user 0.0sys 0:00real 687% i+d maxrss +pf csw
  children: 0.0user 0.0sys 0:00real 0% i+d maxrss +pf csw
Additional #malloc=853, #free=554, #realloc=11 (299 retained)
413924 solid/ray intersections: 280546 hits + 133378 miss
pruned 67.8%:  47728 model RPP, 267313 dups skipped, 67290 solid RPP
Frame  0:     262144 pixels in      0.07 sec =   3745964.49 pixels/sec
Frame  0:     310163 rays   in      0.07 sec =   4432142.58 rays/sec (RTFM)
Frame  0:     310163 rays   in      0.56 sec =    554017.82 rays/CPU_sec
Frame  0:     310163 rays   in      0.09 sec =   3602943.57 rays/sec (wallclock)

