BRL-CAD Release 7.28.0  The BRL-CAD Raytracer RT
    Sat, 08 Feb 2020 20:03:25 +0200, Compilation 0
    sgeorgiou@sgeorgiou
BRL-CAD Release 7.28.0  The BRL-CAD Ray-Tracing Library
    Sat, 08 Feb 2020 20:03:25 +0200, Compilation 0
    sgeorgiou@sgeorgiou
BRL-CAD Release 7.28.0  The BRL-CAD Numerical Computation Library
    Sat, 08 Feb 2020 20:03:25 +0200, Compilation 0
    sgeorgiou@sgeorgiou
BRL-CAD Release 7.28.0  The BRL-CAD Utility Library
    Sat, 08 Feb 2020 20:03:25 +0200, Compilation 0
    sgeorgiou@sgeorgiou

Compile-time debug symbols are available
Running on sgeorgiou
Planning to run with 8 processors
./build/bench/../bin/rt -B -M -s512 -H0 -J0 -P 8 -o sphflake.pix
opendb ./build/bench/../share/db/sphflake.g;
tree scene.r;
db title:  SphereFlake
DIRBUILD: cpu = 0.001146 sec, elapsed = 0.001734 sec
    parent: 0.0user 0.0sys 0:00real 0% i+d maxrss +pf csw
  children: 0.0user 0.0sys 0:00real 0% i+d maxrss +pf csw
Additional #malloc=954, #free=941, #realloc=5 (13 retained)
0x7f9fad88e040 TOL 5.000000e-04 (sq=2.500000e-07) perp=1.000000e-06, para=9.999990e-01
BRL-CAD Release 7.28.0  The BRL-CAD Optical Shader Library
    Sat, 08 Feb 2020 20:03:25 +0200, Compilation 0
    sgeorgiou@sgeorgiou
Additional #malloc=2053, #free=5, #realloc=1 (2048 retained)
GETTREE: cpu = 0.01271 sec, elapsed = 0.024481 sec
    parent: 0.0user 0.0sys 0:00real 50% i+d maxrss +pf csw
  children: 0.0user 0.0sys 0:00real 0% i+d maxrss +pf csw
Additional #malloc=26417, #free=22218, #realloc=33 (4199 retained)

...................Frame     0...................
PREP: cpu = 0.002234 sec, elapsed = 0.002239 sec
    parent: 0.0user 0.0sys 0:00real 0% i+d maxrss +pf csw
  children: 0.0user 0.0sys 0:00real 0% i+d maxrss +pf csw
Additional #malloc=1370, #free=701, #realloc=4 (669 retained)
NUBSP: 631 cut, 632 box (632 empty)
Tree: 823 solids in 8 regions
Model: X(-18202, 18202), Y(-18000, 16914), Z(-10300, 157000)
View: 352.851 azimuth, 16.905 elevation off of front view
Orientation: 0.440681, 0.400509, 0.522645, 0.61011
Eye_pos: 24185, -3328.56, 8489.93
Size: 25562.8mm
Grid: (49.9274, 49.9274) mm, (512, 512) pixels
Beam: radius=24.9637 mm, divergence=0 mm/1mm
Output file is 'sphflake.pix' 512x512 pixels
Mode: scanline-per-CPU buffering

SHOT: cpu = 6.33355 sec, elapsed = 1.10294 sec
    parent: 6.3user 0.0sys 0:01real 579% i+d maxrss +pf csw
  children: 0.0user 0.0sys 0:01real 0% i+d maxrss +pf csw
Additional #malloc=1200, #free=554, #realloc=10 (646 retained)
16897603 solid/ray intersections: 4124024 hits + 12773579 miss
pruned 24.4%:  0 model RPP, 16287272 dups skipped, 0 solid RPP
Frame  0:     262144 pixels in      0.79 sec =    331118.09 pixels/sec
Frame  0:    1619922 rays   in      0.79 sec =   2046148.23 rays/sec (RTFM)
Frame  0:    1619922 rays   in      6.33 sec =    255768.53 rays/CPU_sec
Frame  0:    1619922 rays   in      1.10 sec =   1468734.84 rays/sec (wallclock)

