BRL-CAD Release 7.28.0  The BRL-CAD Raytracer RT
    Sat, 08 Feb 2020 20:03:25 +0200, Compilation 0
    sgeorgiou@sgeorgiou
BRL-CAD Release 7.28.0  The BRL-CAD Ray-Tracing Library
    Sat, 08 Feb 2020 20:03:25 +0200, Compilation 0
    sgeorgiou@sgeorgiou
BRL-CAD Release 7.28.0  The BRL-CAD Numerical Computation Library
    Sat, 08 Feb 2020 20:03:25 +0200, Compilation 0
    sgeorgiou@sgeorgiou
BRL-CAD Release 7.28.0  The BRL-CAD Utility Library
    Sat, 08 Feb 2020 20:03:25 +0200, Compilation 0
    sgeorgiou@sgeorgiou

Compile-time debug symbols are available
Running on sgeorgiou
Planning to run with 8 processors
./build/bench/../bin/rt -B -M -s512 -H0 -J0 -P 8 -o world.pix
opendb ./build/bench/../share/db/world.g;
tree all.g;
db title:  Colorful version of the Moss World
DIRBUILD: cpu = 0.000231 sec, elapsed = 0.000469 sec
    parent: 0.0user 0.0sys 0:00real 0% i+d maxrss +pf csw
  children: 0.0user 0.0sys 0:00real 0% i+d maxrss +pf csw
Additional #malloc=147, #free=133, #realloc=6 (14 retained)
0x7fcaf481f040 TOL 5.000000e-04 (sq=2.500000e-07) perp=1.000000e-06, para=9.999990e-01
BRL-CAD Release 7.28.0  The BRL-CAD Optical Shader Library
    Sat, 08 Feb 2020 20:03:25 +0200, Compilation 0
    sgeorgiou@sgeorgiou
Additional #malloc=2053, #free=5, #realloc=1 (2048 retained)
GETTREE: cpu = 0.00123 sec, elapsed = 0.004986 sec
    parent: 0.0user 0.0sys 0:00real 0% i+d maxrss +pf csw
  children: 0.0user 0.0sys 0:00real 0% i+d maxrss +pf csw
Additional #malloc=1730, #free=1597, #realloc=5 (133 retained)

...................Frame     0...................
PREP: cpu = 5.2e-05 sec, elapsed = 0.000158 sec
    parent: 0.0user 0.0sys 0:00real 0% i+d maxrss +pf csw
  children: 0.0user 0.0sys 0:00real 0% i+d maxrss +pf csw
Additional #malloc=190, #free=96, #realloc=4 (94 retained)
NUBSP: 70 cut, 71 box (71 empty)
Tree: 8 solids in 7 regions
Model: X(-500, 500), Y(-500, 500), Z(-500, 500)
View: 35 azimuth, 25 elevation off of front view
Orientation: 0.248097, 0.476591, 0.748097, 0.389435
Eye_pos: 63.7999, 32.7177, 33.6666
Size: 157.203mm
Grid: (0.307036, 0.307036) mm, (512, 512) pixels
Beam: radius=0.153518 mm, divergence=0 mm/1mm
Output file is 'world.pix' 512x512 pixels
Mode: scanline-per-CPU buffering

SHOT: cpu = 1.71949 sec, elapsed = 0.235906 sec
    parent: 1.7user 0.0sys 0:00real 712% i+d maxrss +pf csw
  children: 0.0user 0.0sys 0:00real 0% i+d maxrss +pf csw
Additional #malloc=919, #free=556, #realloc=10 (363 retained)
1462329 solid/ray intersections: 1288885 hits + 173444 miss
pruned 88.1%:  0 model RPP, 3880530 dups skipped, 138644 solid RPP
Frame  0:     262144 pixels in      0.21 sec =   1219633.93 pixels/sec
Frame  0:     420682 rays   in      0.21 sec =   1957237.39 rays/sec (RTFM)
Frame  0:     420682 rays   in      1.72 sec =    244654.67 rays/CPU_sec
Frame  0:     420682 rays   in      0.24 sec =   1783261.13 rays/sec (wallclock)

