BRL-CAD Release 7.28.0  The BRL-CAD Raytracer RT
    Sat, 08 Feb 2020 20:03:25 +0200, Compilation 0
    sgeorgiou@sgeorgiou
BRL-CAD Release 7.28.0  The BRL-CAD Ray-Tracing Library
    Sat, 08 Feb 2020 20:03:25 +0200, Compilation 0
    sgeorgiou@sgeorgiou
BRL-CAD Release 7.28.0  The BRL-CAD Numerical Computation Library
    Sat, 08 Feb 2020 20:03:25 +0200, Compilation 0
    sgeorgiou@sgeorgiou
BRL-CAD Release 7.28.0  The BRL-CAD Utility Library
    Sat, 08 Feb 2020 20:03:25 +0200, Compilation 0
    sgeorgiou@sgeorgiou

Compile-time debug symbols are available
Running on sgeorgiou
Planning to run with 8 processors
./build/bench/../bin/rt -B -M -s512 -H255 -J0 -P 8 -o world.pix
opendb ./build/bench/../share/db/world.g;
tree all.g;
db title:  Colorful version of the Moss World
DIRBUILD: cpu = 0.000492 sec, elapsed = 0.000501 sec
    parent: 0.0user 0.0sys 0:00real 0% i+d maxrss +pf csw
  children: 0.0user 0.0sys 0:00real 0% i+d maxrss +pf csw
Additional #malloc=147, #free=133, #realloc=6 (14 retained)
0x7ffaa7606040 TOL 5.000000e-04 (sq=2.500000e-07) perp=1.000000e-06, para=9.999990e-01
BRL-CAD Release 7.28.0  The BRL-CAD Optical Shader Library
    Sat, 08 Feb 2020 20:03:25 +0200, Compilation 0
    sgeorgiou@sgeorgiou
Additional #malloc=2053, #free=5, #realloc=1 (2048 retained)
GETTREE: cpu = 0.001959 sec, elapsed = 0.002047 sec
    parent: 0.0user 0.0sys 0:00real 0% i+d maxrss +pf csw
  children: 0.0user 0.0sys 0:00real 0% i+d maxrss +pf csw
Additional #malloc=1730, #free=1597, #realloc=5 (133 retained)

...................Frame     8...................
PREP: cpu = 0.000124 sec, elapsed = 0.000188 sec
    parent: 0.0user 0.0sys 0:00real 0% i+d maxrss +pf csw
  children: 0.0user 0.0sys 0:00real 0% i+d maxrss +pf csw
Additional #malloc=190, #free=96, #realloc=4 (94 retained)
NUBSP: 70 cut, 71 box (71 empty)
Tree: 8 solids in 7 regions
Model: X(-500, 500), Y(-500, 500), Z(-500, 500)
View: 35 azimuth, 25 elevation off of front view
Orientation: 0.248097, 0.476591, 0.748097, 0.389435
Eye_pos: 63.7999, 32.7177, 33.6666
Size: 157.203mm
Grid: (0.307036, 0.307036) mm, (512, 512) pixels
Beam: radius=0.153518 mm, divergence=0 mm/1mm
Output file is 'world.pix.8' 512x512 pixels
Mode: scanline-per-CPU buffering

SHOT: cpu = 461.805 sec, elapsed = 64.9847 sec
    parent: 461.8user 0.4sys 1:04real 711% i+d maxrss +pf csw
  children: 0.0user 0.0sys 1:04real 0% i+d maxrss +pf csw
Additional #malloc=930, #free=556, #realloc=11 (374 retained)
379523328 solid/ray intersections: 334296576 hits + 45226752 miss
pruned 88.1%:  0 model RPP, 1006609408 dups skipped, 35725824 solid RPP
Frame  8:     262144 pixels in     57.73 sec =      4541.20 pixels/sec
Frame  8:  109385472 rays   in     57.73 sec =   1894919.56 rays/sec (RTFM)
Frame  8:  109385472 rays   in    461.81 sec =    236864.95 rays/CPU_sec
Frame  8:  109385472 rays   in     64.98 sec =   1683250.79 rays/sec (wallclock)

