Determining if the pthread_create exist failed with the following output:
Change Dir: /home/sgeorgiou/GitHub/phoronixDataSet/tasks/mkl-dnn/build/CMakeFiles/CMakeTmp

Run Build Command:"/usr/bin/make" "cmTC_cd4a6/fast"
/usr/bin/make -f CMakeFiles/cmTC_cd4a6.dir/build.make CMakeFiles/cmTC_cd4a6.dir/build
make[1]: Entering directory '/home/sgeorgiou/GitHub/phoronixDataSet/tasks/mkl-dnn/build/CMakeFiles/CMakeTmp'
Building C object CMakeFiles/cmTC_cd4a6.dir/CheckSymbolExists.c.o
/usr/bin/cc   -O3 -march=native -std=c99    -o CMakeFiles/cmTC_cd4a6.dir/CheckSymbolExists.c.o   -c /home/sgeorgiou/GitHub/phoronixDataSet/tasks/mkl-dnn/build/CMakeFiles/CMakeTmp/CheckSymbolExists.c
Linking C executable cmTC_cd4a6
/usr/bin/cmake -E cmake_link_script CMakeFiles/cmTC_cd4a6.dir/link.txt --verbose=1
/usr/bin/cc -O3 -march=native -std=c99     CMakeFiles/cmTC_cd4a6.dir/CheckSymbolExists.c.o  -o cmTC_cd4a6 
CMakeFiles/cmTC_cd4a6.dir/CheckSymbolExists.c.o: In function `main':
CheckSymbolExists.c:(.text.startup+0x3): undefined reference to `pthread_create'
collect2: error: ld returned 1 exit status
CMakeFiles/cmTC_cd4a6.dir/build.make:97: recipe for target 'cmTC_cd4a6' failed
make[1]: *** [cmTC_cd4a6] Error 1
make[1]: Leaving directory '/home/sgeorgiou/GitHub/phoronixDataSet/tasks/mkl-dnn/build/CMakeFiles/CMakeTmp'
Makefile:126: recipe for target 'cmTC_cd4a6/fast' failed
make: *** [cmTC_cd4a6/fast] Error 2

File /home/sgeorgiou/GitHub/phoronixDataSet/tasks/mkl-dnn/build/CMakeFiles/CMakeTmp/CheckSymbolExists.c:
/* */
#include <pthread.h>

int main(int argc, char** argv)
{
  (void)argv;
#ifndef pthread_create
  return ((int*)(&pthread_create))[argc];
#else
  (void)argc;
  return 0;
#endif
}

Determining if the function pthread_create exists in the pthreads failed with the following output:
Change Dir: /home/sgeorgiou/GitHub/phoronixDataSet/tasks/mkl-dnn/build/CMakeFiles/CMakeTmp

Run Build Command:"/usr/bin/make" "cmTC_2a760/fast"
/usr/bin/make -f CMakeFiles/cmTC_2a760.dir/build.make CMakeFiles/cmTC_2a760.dir/build
make[1]: Entering directory '/home/sgeorgiou/GitHub/phoronixDataSet/tasks/mkl-dnn/build/CMakeFiles/CMakeTmp'
Building C object CMakeFiles/cmTC_2a760.dir/CheckFunctionExists.c.o
/usr/bin/cc   -O3 -march=native -std=c99 -DCHECK_FUNCTION_EXISTS=pthread_create   -o CMakeFiles/cmTC_2a760.dir/CheckFunctionExists.c.o   -c /usr/share/cmake-3.10/Modules/CheckFunctionExists.c
Linking C executable cmTC_2a760
/usr/bin/cmake -E cmake_link_script CMakeFiles/cmTC_2a760.dir/link.txt --verbose=1
/usr/bin/cc -O3 -march=native -std=c99 -DCHECK_FUNCTION_EXISTS=pthread_create    CMakeFiles/cmTC_2a760.dir/CheckFunctionExists.c.o  -o cmTC_2a760 -lpthreads 
/usr/bin/ld: cannot find -lpthreads
collect2: error: ld returned 1 exit status
CMakeFiles/cmTC_2a760.dir/build.make:97: recipe for target 'cmTC_2a760' failed
make[1]: *** [cmTC_2a760] Error 1
make[1]: Leaving directory '/home/sgeorgiou/GitHub/phoronixDataSet/tasks/mkl-dnn/build/CMakeFiles/CMakeTmp'
Makefile:126: recipe for target 'cmTC_2a760/fast' failed
make: *** [cmTC_2a760/fast] Error 2


