#
# There is insufficient memory for the Java Runtime Environment to continue.
# Cannot create GC thread. Out of system resources.
# Possible reasons:
#   The system is out of physical RAM or swap space
#   The process is running with CompressedOops enabled, and the Java Heap may be blocking the growth of the native heap
# Possible solutions:
#   Reduce memory load on the system
#   Increase physical memory or swap space
#   Check if swap backing store is full
#   Decrease Java heap size (-Xmx/-Xms)
#   Decrease number of Java threads
#   Decrease Java thread stack sizes (-Xss)
#   Set larger code cache with -XX:ReservedCodeCacheSize=
# This output file may be truncated or incomplete.
#
#  Out of Memory Error (gcTaskThread.cpp:48), pid=20788, tid=0x00007fd492f84700
#
# JRE version:  (8.0_242-b08) (build )
# Java VM: OpenJDK 64-Bit Server VM (25.242-b08 mixed mode linux-amd64 compressed oops)
# Failed to write core dump. Core dumps have been disabled. To enable core dumping, try "ulimit -c unlimited" before starting Java again
#

---------------  T H R E A D  ---------------

Current thread (0x00007fd48c00b800):  JavaThread "Unknown thread" [_thread_in_vm, id=20790, stack(0x00007fd492e85000,0x00007fd492f85000)]

Stack: [0x00007fd492e85000,0x00007fd492f85000],  sp=0x00007fd492f837a0,  free space=1017k
Native frames: (J=compiled Java code, j=interpreted, Vv=VM code, C=native code)
V  [libjvm.so+0xabba52]
V  [libjvm.so+0x4de2e7]
V  [libjvm.so+0x5c160f]
V  [libjvm.so+0x5c079d]
V  [libjvm.so+0x91d7f1]
V  [libjvm.so+0xa7de5a]
V  [libjvm.so+0xa7e155]
V  [libjvm.so+0x62b7bf]
V  [libjvm.so+0xa61b23]
V  [libjvm.so+0x6aeb11]  JNI_CreateJavaVM+0x61
C  [libjli.so+0x2ce3]
C  [libjli.so+0x78cd]
C  [libpthread.so.0+0x76db]  start_thread+0xdb


---------------  P R O C E S S  ---------------

Java Threads: ( => current thread )

Other Threads:

=>0x00007fd48c00b800 (exited) JavaThread "Unknown thread" [_thread_in_vm, id=20790, stack(0x00007fd492e85000,0x00007fd492f85000)]

VM state:not at safepoint (not fully initialized)

VM Mutex/Monitor currently owned by a thread: None

heap address: 0x00000005cde00000, size: 7970 MB, Compressed Oops mode: Non-zero based:0x00000005cddff000, Oop shift amount: 3
Narrow klass base: 0x0000000000000000, Narrow klass shift: 0

GC Heap History (0 events):
No events

Deoptimization events (0 events):
No events

Classes redefined (0 events):
No events

Internal exceptions (0 events):
No events

Events (0 events):
No events


Dynamic libraries:
5cde00000-5e2b80000 rw-p 00000000 00:00 0 
5e2b80000-719f80000 ---p 00000000 00:00 0 
719f80000-724600000 rw-p 00000000 00:00 0 
724600000-7c0000000 ---p 00000000 00:00 0 
55f98d13f000-55f98d140000 r-xp 00000000 103:02 10359255                  /usr/lib/jvm/java-8-openjdk-amd64/jre/bin/java
55f98d33f000-55f98d340000 r--p 00000000 103:02 10359255                  /usr/lib/jvm/java-8-openjdk-amd64/jre/bin/java
55f98d340000-55f98d341000 rw-p 00001000 103:02 10359255                  /usr/lib/jvm/java-8-openjdk-amd64/jre/bin/java
55f98dbd1000-55f98dbf2000 rw-p 00000000 00:00 0                          [heap]
7fd47a80a000-7fd47a80b000 ---p 00000000 00:00 0 
7fd47a80b000-7fd47a90b000 rw-p 00000000 00:00 0 
7fd47a90b000-7fd47a90c000 ---p 00000000 00:00 0 
7fd47a90c000-7fd47aab3000 rw-p 00000000 00:00 0 
7fd47aab3000-7fd47b46d000 ---p 00000000 00:00 0 
7fd47b46d000-7fd47b514000 rw-p 00000000 00:00 0 
7fd47b514000-7fd47becd000 ---p 00000000 00:00 0 
7fd47becd000-7fd47bf21000 rw-p 00000000 00:00 0 
7fd47bf21000-7fd47c3fe000 ---p 00000000 00:00 0 
7fd47c3fe000-7fd47c409000 rw-p 00000000 00:00 0 
7fd47c409000-7fd47c7bf000 ---p 00000000 00:00 0 
7fd47c7bf000-7fd47ca2f000 rwxp 00000000 00:00 0 
7fd47ca2f000-7fd48b7bf000 ---p 00000000 00:00 0 
7fd48b7bf000-7fd48b7c7000 r-xp 00000000 103:02 10359307                  /usr/lib/jvm/java-8-openjdk-amd64/jre/lib/amd64/libzip.so
7fd48b7c7000-7fd48b9c6000 ---p 00008000 103:02 10359307                  /usr/lib/jvm/java-8-openjdk-amd64/jre/lib/amd64/libzip.so
7fd48b9c6000-7fd48b9c7000 r--p 00007000 103:02 10359307                  /usr/lib/jvm/java-8-openjdk-amd64/jre/lib/amd64/libzip.so
7fd48b9c7000-7fd48b9c8000 rw-p 00008000 103:02 10359307                  /usr/lib/jvm/java-8-openjdk-amd64/jre/lib/amd64/libzip.so
7fd48b9c8000-7fd48b9d3000 r-xp 00000000 103:02 28840974                  /lib/x86_64-linux-gnu/libnss_files-2.27.so
7fd48b9d3000-7fd48bbd2000 ---p 0000b000 103:02 28840974                  /lib/x86_64-linux-gnu/libnss_files-2.27.so
7fd48bbd2000-7fd48bbd3000 r--p 0000a000 103:02 28840974                  /lib/x86_64-linux-gnu/libnss_files-2.27.so
7fd48bbd3000-7fd48bbd4000 rw-p 0000b000 103:02 28840974                  /lib/x86_64-linux-gnu/libnss_files-2.27.so
7fd48bbd4000-7fd48bbda000 rw-p 00000000 00:00 0 
7fd48bbda000-7fd48bbf1000 r-xp 00000000 103:02 28840968                  /lib/x86_64-linux-gnu/libnsl-2.27.so
7fd48bbf1000-7fd48bdf0000 ---p 00017000 103:02 28840968                  /lib/x86_64-linux-gnu/libnsl-2.27.so
7fd48bdf0000-7fd48bdf1000 r--p 00016000 103:02 28840968                  /lib/x86_64-linux-gnu/libnsl-2.27.so
7fd48bdf1000-7fd48bdf2000 rw-p 00017000 103:02 28840968                  /lib/x86_64-linux-gnu/libnsl-2.27.so
7fd48bdf2000-7fd48bdf4000 rw-p 00000000 00:00 0 
7fd48bdf4000-7fd48bdff000 r-xp 00000000 103:02 28840985                  /lib/x86_64-linux-gnu/libnss_nis-2.27.so
7fd48bdff000-7fd48bffe000 ---p 0000b000 103:02 28840985                  /lib/x86_64-linux-gnu/libnss_nis-2.27.so
7fd48bffe000-7fd48bfff000 r--p 0000a000 103:02 28840985                  /lib/x86_64-linux-gnu/libnss_nis-2.27.so
7fd48bfff000-7fd48c000000 rw-p 0000b000 103:02 28840985                  /lib/x86_64-linux-gnu/libnss_nis-2.27.so
7fd48c000000-7fd48c039000 rw-p 00000000 00:00 0 
7fd48c039000-7fd490000000 ---p 00000000 00:00 0 
7fd490022000-7fd49002a000 r-xp 00000000 103:02 28840970                  /lib/x86_64-linux-gnu/libnss_compat-2.27.so
7fd49002a000-7fd49022a000 ---p 00008000 103:02 28840970                  /lib/x86_64-linux-gnu/libnss_compat-2.27.so
7fd49022a000-7fd49022b000 r--p 00008000 103:02 28840970                  /lib/x86_64-linux-gnu/libnss_compat-2.27.so
7fd49022b000-7fd49022c000 rw-p 00009000 103:02 28840970                  /lib/x86_64-linux-gnu/libnss_compat-2.27.so
7fd49022c000-7fd490256000 r-xp 00000000 103:02 10359288                  /usr/lib/jvm/java-8-openjdk-amd64/jre/lib/amd64/libjava.so
7fd490256000-7fd490455000 ---p 0002a000 103:02 10359288                  /usr/lib/jvm/java-8-openjdk-amd64/jre/lib/amd64/libjava.so
7fd490455000-7fd490456000 r--p 00029000 103:02 10359288                  /usr/lib/jvm/java-8-openjdk-amd64/jre/lib/amd64/libjava.so
7fd490456000-7fd490458000 rw-p 0002a000 103:02 10359288                  /usr/lib/jvm/java-8-openjdk-amd64/jre/lib/amd64/libjava.so
7fd490458000-7fd490468000 r-xp 00000000 103:02 10359306                  /usr/lib/jvm/java-8-openjdk-amd64/jre/lib/amd64/libverify.so
7fd490468000-7fd490667000 ---p 00010000 103:02 10359306                  /usr/lib/jvm/java-8-openjdk-amd64/jre/lib/amd64/libverify.so
7fd490667000-7fd490669000 r--p 0000f000 103:02 10359306                  /usr/lib/jvm/java-8-openjdk-amd64/jre/lib/amd64/libverify.so
7fd490669000-7fd49066a000 rw-p 00011000 103:02 10359306                  /usr/lib/jvm/java-8-openjdk-amd64/jre/lib/amd64/libverify.so
7fd49066a000-7fd490671000 r-xp 00000000 103:02 28841025                  /lib/x86_64-linux-gnu/librt-2.27.so
7fd490671000-7fd490870000 ---p 00007000 103:02 28841025                  /lib/x86_64-linux-gnu/librt-2.27.so
7fd490870000-7fd490871000 r--p 00006000 103:02 28841025                  /lib/x86_64-linux-gnu/librt-2.27.so
7fd490871000-7fd490872000 rw-p 00007000 103:02 28841025                  /lib/x86_64-linux-gnu/librt-2.27.so
7fd490872000-7fd490889000 r-xp 00000000 103:02 28840921                  /lib/x86_64-linux-gnu/libgcc_s.so.1
7fd490889000-7fd490a88000 ---p 00017000 103:02 28840921                  /lib/x86_64-linux-gnu/libgcc_s.so.1
7fd490a88000-7fd490a89000 r--p 00016000 103:02 28840921                  /lib/x86_64-linux-gnu/libgcc_s.so.1
7fd490a89000-7fd490a8a000 rw-p 00017000 103:02 28840921                  /lib/x86_64-linux-gnu/libgcc_s.so.1
7fd490a8a000-7fd490c27000 r-xp 00000000 103:02 28840947                  /lib/x86_64-linux-gnu/libm-2.27.so
7fd490c27000-7fd490e26000 ---p 0019d000 103:02 28840947                  /lib/x86_64-linux-gnu/libm-2.27.so
7fd490e26000-7fd490e27000 r--p 0019c000 103:02 28840947                  /lib/x86_64-linux-gnu/libm-2.27.so
7fd490e27000-7fd490e28000 rw-p 0019d000 103:02 28840947                  /lib/x86_64-linux-gnu/libm-2.27.so
7fd490e28000-7fd490fa1000 r-xp 00000000 103:02 10363513                  /usr/lib/x86_64-linux-gnu/libstdc++.so.6.0.25
7fd490fa1000-7fd4911a1000 ---p 00179000 103:02 10363513                  /usr/lib/x86_64-linux-gnu/libstdc++.so.6.0.25
7fd4911a1000-7fd4911ab000 r--p 00179000 103:02 10363513                  /usr/lib/x86_64-linux-gnu/libstdc++.so.6.0.25
7fd4911ab000-7fd4911ad000 rw-p 00183000 103:02 10363513                  /usr/lib/x86_64-linux-gnu/libstdc++.so.6.0.25
7fd4911ad000-7fd4911b1000 rw-p 00000000 00:00 0 
7fd4911b1000-7fd491e54000 r-xp 00000000 103:02 10359309                  /usr/lib/jvm/java-8-openjdk-amd64/jre/lib/amd64/server/libjvm.so
7fd491e54000-7fd492054000 ---p 00ca3000 103:02 10359309                  /usr/lib/jvm/java-8-openjdk-amd64/jre/lib/amd64/server/libjvm.so
7fd492054000-7fd4920e8000 r--p 00ca3000 103:02 10359309                  /usr/lib/jvm/java-8-openjdk-amd64/jre/lib/amd64/server/libjvm.so
7fd4920e8000-7fd492111000 rw-p 00d37000 103:02 10359309                  /usr/lib/jvm/java-8-openjdk-amd64/jre/lib/amd64/server/libjvm.so
7fd492111000-7fd492141000 rw-p 00000000 00:00 0 
7fd492141000-7fd49215b000 r-xp 00000000 103:02 28841017                  /lib/x86_64-linux-gnu/libpthread-2.27.so
7fd49215b000-7fd49235a000 ---p 0001a000 103:02 28841017                  /lib/x86_64-linux-gnu/libpthread-2.27.so
7fd49235a000-7fd49235b000 r--p 00019000 103:02 28841017                  /lib/x86_64-linux-gnu/libpthread-2.27.so
7fd49235b000-7fd49235c000 rw-p 0001a000 103:02 28841017                  /lib/x86_64-linux-gnu/libpthread-2.27.so
7fd49235c000-7fd492360000 rw-p 00000000 00:00 0 
7fd492360000-7fd492363000 r-xp 00000000 103:02 28840907                  /lib/x86_64-linux-gnu/libdl-2.27.so
7fd492363000-7fd492562000 ---p 00003000 103:02 28840907                  /lib/x86_64-linux-gnu/libdl-2.27.so
7fd492562000-7fd492563000 r--p 00002000 103:02 28840907                  /lib/x86_64-linux-gnu/libdl-2.27.so
7fd492563000-7fd492564000 rw-p 00003000 103:02 28840907                  /lib/x86_64-linux-gnu/libdl-2.27.so
7fd492564000-7fd492580000 r-xp 00000000 103:02 28841056                  /lib/x86_64-linux-gnu/libz.so.1.2.11
7fd492580000-7fd49277f000 ---p 0001c000 103:02 28841056                  /lib/x86_64-linux-gnu/libz.so.1.2.11
7fd49277f000-7fd492780000 r--p 0001b000 103:02 28841056                  /lib/x86_64-linux-gnu/libz.so.1.2.11
7fd492780000-7fd492781000 rw-p 0001c000 103:02 28841056                  /lib/x86_64-linux-gnu/libz.so.1.2.11
7fd492781000-7fd492968000 r-xp 00000000 103:02 28840884                  /lib/x86_64-linux-gnu/libc-2.27.so
7fd492968000-7fd492b68000 ---p 001e7000 103:02 28840884                  /lib/x86_64-linux-gnu/libc-2.27.so
7fd492b68000-7fd492b6c000 r--p 001e7000 103:02 28840884                  /lib/x86_64-linux-gnu/libc-2.27.so
7fd492b6c000-7fd492b6e000 rw-p 001eb000 103:02 28840884                  /lib/x86_64-linux-gnu/libc-2.27.so
7fd492b6e000-7fd492b72000 rw-p 00000000 00:00 0 
7fd492b72000-7fd492b80000 r-xp 00000000 103:02 10359268                  /usr/lib/jvm/java-8-openjdk-amd64/jre/lib/amd64/jli/libjli.so
7fd492b80000-7fd492d7f000 ---p 0000e000 103:02 10359268                  /usr/lib/jvm/java-8-openjdk-amd64/jre/lib/amd64/jli/libjli.so
7fd492d7f000-7fd492d80000 r--p 0000d000 103:02 10359268                  /usr/lib/jvm/java-8-openjdk-amd64/jre/lib/amd64/jli/libjli.so
7fd492d80000-7fd492d81000 rw-p 0000e000 103:02 10359268                  /usr/lib/jvm/java-8-openjdk-amd64/jre/lib/amd64/jli/libjli.so
7fd492d81000-7fd492da8000 r-xp 00000000 103:02 28840856                  /lib/x86_64-linux-gnu/ld-2.27.so
7fd492e84000-7fd492e85000 ---p 00000000 00:00 0 
7fd492e85000-7fd492e88000 ---p 00000000 00:00 0 
7fd492e88000-7fd492f87000 rw-p 00000000 00:00 0 
7fd492f9c000-7fd492fa4000 rw-s 00000000 103:02 18354856                  /tmp/hsperfdata_root/20788
7fd492fa4000-7fd492fa5000 rw-p 00000000 00:00 0 
7fd492fa5000-7fd492fa6000 r--p 00000000 00:00 0 
7fd492fa6000-7fd492fa8000 rw-p 00000000 00:00 0 
7fd492fa8000-7fd492fa9000 r--p 00027000 103:02 28840856                  /lib/x86_64-linux-gnu/ld-2.27.so
7fd492fa9000-7fd492faa000 rw-p 00028000 103:02 28840856                  /lib/x86_64-linux-gnu/ld-2.27.so
7fd492faa000-7fd492fab000 rw-p 00000000 00:00 0 
7ffd10b99000-7ffd10bba000 rw-p 00000000 00:00 0                          [stack]
7ffd10bc1000-7ffd10bc4000 r--p 00000000 00:00 0                          [vvar]
7ffd10bc4000-7ffd10bc5000 r-xp 00000000 00:00 0                          [vdso]
ffffffffff600000-ffffffffff601000 r-xp 00000000 00:00 0                  [vsyscall]

VM Arguments:
java_command: org.eclipse.jdt.internal.launching.support.LibraryDetector
java_class_path (initial): /home/sgeorgiou/GitHub/phoronixDataSet/tasks/dacapo/scratch/eclipse/configuration/org.eclipse.osgi/bundles/115/1/.cp/lib/launchingsupport.jar
Launcher Type: SUN_STANDARD

Environment Variables:
PATH=/usr/local/sbin:/usr/local/bin:/usr/sbin:/usr/bin:/sbin:/bin:/snap/bin
USERNAME=root
SHELL=/bin/bash
DISPLAY=:0

Signal Handlers:
SIGSEGV: [libjvm.so+0xabc3b0], sa_mask[0]=11111111011111111101111111111110, sa_flags=SA_RESTART|SA_SIGINFO
SIGBUS: [libjvm.so+0xabc3b0], sa_mask[0]=11111111011111111101111111111110, sa_flags=SA_RESTART|SA_SIGINFO
SIGFPE: [libjvm.so+0x8f0bb0], sa_mask[0]=11111111011111111101111111111110, sa_flags=SA_RESTART|SA_SIGINFO
SIGPIPE: [libjvm.so+0x8f0bb0], sa_mask[0]=11111111011111111101111111111110, sa_flags=SA_RESTART|SA_SIGINFO
SIGXFSZ: [libjvm.so+0x8f0bb0], sa_mask[0]=11111111011111111101111111111110, sa_flags=SA_RESTART|SA_SIGINFO
SIGILL: [libjvm.so+0x8f0bb0], sa_mask[0]=11111111011111111101111111111110, sa_flags=SA_RESTART|SA_SIGINFO
SIGUSR1: SIG_DFL, sa_mask[0]=00000000000000000000000000000000, sa_flags=none
SIGUSR2: [libjvm.so+0x8f0a60], sa_mask[0]=00100000000000000000000000000000, sa_flags=SA_RESTART|SA_SIGINFO
SIGHUP: SIG_DFL, sa_mask[0]=00000000000000000000000000000000, sa_flags=none
SIGINT: SIG_DFL, sa_mask[0]=00000000000000000000000000000000, sa_flags=none
SIGTERM: SIG_DFL, sa_mask[0]=00000000000000000000000000000000, sa_flags=none
SIGQUIT: SIG_DFL, sa_mask[0]=00000000000000000000000000000000, sa_flags=none


---------------  S Y S T E M  ---------------

OS:DISTRIB_ID=Ubuntu
DISTRIB_RELEASE=18.04
DISTRIB_CODENAME=bionic
DISTRIB_DESCRIPTION="Ubuntu 18.04.3 LTS"

uname:Linux 5.0.0-37-generic #40~18.04.1-Ubuntu SMP Thu Nov 14 12:06:39 UTC 2019 x86_64
libc:glibc 2.27 NPTL 2.27 
rlimit: STACK 8192k, CORE 0k, NPROC 127320, NOFILE 1048576, AS infinity
load average:10.22 9.63 11.19

/proc/meminfo:
MemTotal:       32642216 kB
MemFree:        17060676 kB
MemAvailable:   20481604 kB
Buffers:          222904 kB
Cached:          4897948 kB
SwapCached:        10812 kB
Active:          9980784 kB
Inactive:        3372508 kB
Active(anon):    8560928 kB
Inactive(anon):  1283832 kB
Active(file):    1419856 kB
Inactive(file):  2088676 kB
Unevictable:      290636 kB
Mlocked:             112 kB
SwapTotal:       2097148 kB
SwapFree:        1744344 kB
Dirty:             14348 kB
Writeback:             0 kB
AnonPages:       8511940 kB
Mapped:           791708 kB
Shmem:           1616472 kB
KReclaimable:     424024 kB
Slab:             761192 kB
SReclaimable:     424024 kB
SUnreclaim:       337168 kB
KernelStack:      179808 kB
PageTables:       460140 kB
NFS_Unstable:          0 kB
Bounce:                0 kB
WritebackTmp:          0 kB
CommitLimit:    18418256 kB
Committed_AS:   35645712 kB
VmallocTotal:   34359738367 kB
VmallocUsed:           0 kB
VmallocChunk:          0 kB
Percpu:             2720 kB
HardwareCorrupted:     0 kB
AnonHugePages:         0 kB
ShmemHugePages:        0 kB
ShmemPmdMapped:        0 kB
CmaTotal:              0 kB
CmaFree:               0 kB
HugePages_Total:       0
HugePages_Free:        0
HugePages_Rsvd:        0
HugePages_Surp:        0
Hugepagesize:       2048 kB
Hugetlb:               0 kB
DirectMap4k:      975296 kB
DirectMap2M:    31234048 kB
DirectMap1G:     2097152 kB

container (cgroup) information:
container_type: cgroupv1
cpu_cpuset_cpus: 0-7
cpu_memory_nodes: 0
active_processor_count: 8
cpu_quota: -1
cpu_period: 100000
cpu_shares: -1
memory_limit_in_bytes: -1
memory_and_swap_limit_in_bytes: -2
memory_soft_limit_in_bytes: -1
memory_usage_in_bytes: 13963030528
memory_max_usage_in_bytes: 10848620544


CPU:total 8 (initial active 8) (4 cores per cpu, 2 threads per core) family 6 model 142 stepping 11, cmov, cx8, fxsr, mmx, sse, sse2, sse3, ssse3, sse4.1, sse4.2, popcnt, avx, avx2, aes, clmul, erms, 3dnowpref, lzcnt, ht, tsc, tscinvbit, bmi1, bmi2, adx

/proc/cpuinfo:
