This file contains any messages produced by compilers while
running configure, to aid debugging if configure makes a mistake.

It was created by POV-Ray configure 3.7.0.7, which was
generated by GNU Autoconf 2.69.  Invocation command line was

  $ ./configure COMPILED_BY=sgeorgiou sgeorgiou@aueb.gr LIBS=-lboost_system -lboost_thread

## --------- ##
## Platform. ##
## --------- ##

hostname = sgeorgiou
uname -m = x86_64
uname -r = 5.0.0-37-generic
uname -s = Linux
uname -v = #40~18.04.1-Ubuntu SMP Thu Nov 14 12:06:39 UTC 2019

/usr/bin/uname -p = unknown
/bin/uname -X     = unknown

/bin/arch              = unknown
/usr/bin/arch -k       = unknown
/usr/convex/getsysinfo = unknown
/usr/bin/hostinfo      = unknown
/bin/machine           = unknown
/usr/bin/oslevel       = unknown
/bin/universe          = unknown

PATH: /usr/local/sbin
PATH: /usr/local/bin
PATH: /usr/sbin
PATH: /usr/bin
PATH: /sbin
PATH: /bin
PATH: /usr/games
PATH: /usr/local/games
PATH: /snap/bin


## ----------- ##
## Core tests. ##
## ----------- ##

configure:3726: result:
===============================================================================
Configure POV-Ray version 3.7.0.7
===============================================================================

This is an unofficial version compiled by:
 sgeorgiou sgeorgiou@aueb.gr
The POV-Ray Team(tm) is not responsible for supporting this version.
configure:3747: result:
Environment
-----------
configure:3756: checking build system type
configure:3770: result: x86_64-pc-linux-gnu
configure:3790: checking host system type
configure:3803: result: x86_64-pc-linux-gnu
configure:3840: checking for a BSD-compatible install
configure:3908: result: /usr/bin/install -c
configure:3919: checking whether build environment is sane
configure:3974: result: yes
configure:4125: checking for a thread-safe mkdir -p
configure:4164: result: /bin/mkdir -p
configure:4171: checking for gawk
configure:4187: found /usr/bin/gawk
configure:4198: result: gawk
configure:4209: checking whether make sets $(MAKE)
configure:4231: result: yes
configure:4260: checking whether make supports nested variables
configure:4277: result: yes
configure:4404: checking whether to enable maintainer-specific portions of Makefiles
configure:4413: result: no
ax_fix_incorrect_path_regexp = :\.:
ax_fix_incorrect_path_old =
ax_fix_incorrect_path_new =
configure:4440: checking whether $C_INCLUDE_PATH contains the "." path
configure:4450: result: no
ax_fix_incorrect_path_regexp = :\.:
ax_fix_incorrect_path_old =
ax_fix_incorrect_path_new =
configure:4468: checking whether $CPLUS_INCLUDE_PATH contains the "." path
configure:4478: result: no
configure:4489: result:
Programs
--------
configure:4545: checking for gcc
configure:4561: found /usr/bin/gcc
configure:4572: result: gcc
configure:4801: checking for C compiler version
configure:4810: gcc --version >&5
gcc (Ubuntu 7.4.0-1ubuntu1~18.04.1) 7.4.0
Copyright (C) 2017 Free Software Foundation, Inc.
This is free software; see the source for copying conditions.  There is NO
warranty; not even for MERCHANTABILITY or FITNESS FOR A PARTICULAR PURPOSE.

configure:4821: $? = 0
configure:4810: gcc -v >&5
Using built-in specs.
COLLECT_GCC=gcc
COLLECT_LTO_WRAPPER=/usr/lib/gcc/x86_64-linux-gnu/7/lto-wrapper
OFFLOAD_TARGET_NAMES=nvptx-none
OFFLOAD_TARGET_DEFAULT=1
Target: x86_64-linux-gnu
Configured with: ../src/configure -v --with-pkgversion='Ubuntu 7.4.0-1ubuntu1~18.04.1' --with-bugurl=file:///usr/share/doc/gcc-7/README.Bugs --enable-languages=c,ada,c++,go,brig,d,fortran,objc,obj-c++ --prefix=/usr --with-gcc-major-version-only --program-suffix=-7 --program-prefix=x86_64-linux-gnu- --enable-shared --enable-linker-build-id --libexecdir=/usr/lib --without-included-gettext --enable-threads=posix --libdir=/usr/lib --enable-nls --with-sysroot=/ --enable-clocale=gnu --enable-libstdcxx-debug --enable-libstdcxx-time=yes --with-default-libstdcxx-abi=new --enable-gnu-unique-object --disable-vtable-verify --enable-libmpx --enable-plugin --enable-default-pie --with-system-zlib --with-target-system-zlib --enable-objc-gc=auto --enable-multiarch --disable-werror --with-arch-32=i686 --with-abi=m64 --with-multilib-list=m32,m64,mx32 --enable-multilib --with-tune=generic --enable-offload-targets=nvptx-none --without-cuda-driver --enable-checking=release --build=x86_64-linux-gnu --host=x86_64-linux-gnu --target=x86_64-linux-gnu
Thread model: posix
gcc version 7.4.0 (Ubuntu 7.4.0-1ubuntu1~18.04.1) 
configure:4821: $? = 0
configure:4810: gcc -V >&5
gcc: error: unrecognized command line option '-V'
gcc: fatal error: no input files
compilation terminated.
configure:4821: $? = 1
configure:4810: gcc -qversion >&5
gcc: error: unrecognized command line option '-qversion'; did you mean '--version'?
gcc: fatal error: no input files
compilation terminated.
configure:4821: $? = 1
configure:4841: checking whether the C compiler works
configure:4863: gcc    conftest.c -lboost_system -lboost_thread >&5
/usr/bin/ld: cannot find -lboost_system
/usr/bin/ld: cannot find -lboost_thread
collect2: error: ld returned 1 exit status
configure:4867: $? = 1
configure:4905: result: no
configure: failed program was:
| /* confdefs.h */
| #define PACKAGE_NAME "POV-Ray"
| #define PACKAGE_TARNAME "povray"
| #define PACKAGE_VERSION "3.7.0.7"
| #define PACKAGE_STRING "POV-Ray 3.7.0.7"
| #define PACKAGE_BUGREPORT "unix-bugreports-2011@povray.org"
| #define PACKAGE_URL ""
| #define VERSION_BASE "3.7"
| #define DISTRIBUTION_MESSAGE_2 " sgeorgiou sgeorgiou@aueb.gr"
| #define PACKAGE "povray"
| #define VERSION "3.7.0.7"
| /* end confdefs.h.  */
| 
| int
| main ()
| {
| 
|   ;
|   return 0;
| }
configure:4910: error: in `/home/sgeorgiou/GitHub/phoronixDataSet/tasks/povray':
configure:4912: error: C compiler cannot create executables
See `config.log' for more details

## ---------------- ##
## Cache variables. ##
## ---------------- ##

ac_cv_build=x86_64-pc-linux-gnu
ac_cv_env_C99_COMPATIBLE_RADIOSITY_set=
ac_cv_env_C99_COMPATIBLE_RADIOSITY_value=
ac_cv_env_CCC_set=
ac_cv_env_CCC_value=
ac_cv_env_CC_set=
ac_cv_env_CC_value=
ac_cv_env_CFLAGS_set=
ac_cv_env_CFLAGS_value=
ac_cv_env_COMPILED_BY_set=set
ac_cv_env_COMPILED_BY_value='sgeorgiou sgeorgiou@aueb.gr'
ac_cv_env_CPPFLAGS_set=
ac_cv_env_CPPFLAGS_value=
ac_cv_env_CPP_set=
ac_cv_env_CPP_value=
ac_cv_env_CXXCPP_set=
ac_cv_env_CXXCPP_value=
ac_cv_env_CXXFLAGS_set=
ac_cv_env_CXXFLAGS_value=
ac_cv_env_CXX_set=
ac_cv_env_CXX_value=
ac_cv_env_LDFLAGS_set=
ac_cv_env_LDFLAGS_value=
ac_cv_env_LIBS_set=set
ac_cv_env_LIBS_value='-lboost_system -lboost_thread'
ac_cv_env_NON_REDISTRIBUTABLE_BUILD_set=
ac_cv_env_NON_REDISTRIBUTABLE_BUILD_value=
ac_cv_env_XMKMF_set=
ac_cv_env_XMKMF_value=
ac_cv_env_build_alias_set=
ac_cv_env_build_alias_value=
ac_cv_env_host_alias_set=
ac_cv_env_host_alias_value=
ac_cv_env_target_alias_set=
ac_cv_env_target_alias_value=
ac_cv_host=x86_64-pc-linux-gnu
ac_cv_path_install='/usr/bin/install -c'
ac_cv_path_mkdir=/bin/mkdir
ac_cv_prog_AWK=gawk
ac_cv_prog_ac_ct_CC=gcc
ac_cv_prog_make_make_set=yes
am_cv_make_support_nested_variables=yes

## ----------------- ##
## Output variables. ##
## ----------------- ##

ACLOCAL='${SHELL} "/home/sgeorgiou/GitHub/phoronixDataSet/tasks/povray/unix/config"/missing aclocal-1.15'
AMDEPBACKSLASH=''
AMDEP_FALSE=''
AMDEP_TRUE=''
AMTAR='$${TAR-tar}'
AM_BACKSLASH='\'
AM_DEFAULT_V='$(AM_DEFAULT_VERBOSITY)'
AM_DEFAULT_VERBOSITY='1'
AM_V='$(V)'
AUTOCONF='${SHELL} "/home/sgeorgiou/GitHub/phoronixDataSet/tasks/povray/unix/config"/missing autoconf'
AUTOHEADER='${SHELL} "/home/sgeorgiou/GitHub/phoronixDataSet/tasks/povray/unix/config"/missing autoheader'
AUTOMAKE='${SHELL} "/home/sgeorgiou/GitHub/phoronixDataSet/tasks/povray/unix/config"/missing automake-1.15'
AWK='gawk'
BOOST_CPPFLAGS=''
BOOST_LDFLAGS=''
BOOST_THREAD_LIB=''
C99_COMPATIBLE_RADIOSITY=''
CC='gcc'
CCDEPMODE=''
CFLAGS=''
COMPILED_BY='sgeorgiou sgeorgiou@aueb.gr'
CPLUS_INCLUDE_PATH=''
CPP=''
CPPFLAGS=''
CXX=''
CXXCPP=''
CXXDEPMODE=''
CXXFLAGS=''
CYGPATH_W='echo'
C_INCLUDE_PATH=''
DEFS=''
DEPDIR=''
ECHO_C=''
ECHO_N='-n'
ECHO_T=''
EGREP=''
EXEEXT=''
GREP=''
INSTALL_DATA='${INSTALL} -m 644'
INSTALL_PROGRAM='${INSTALL}'
INSTALL_SCRIPT='${INSTALL}'
INSTALL_STRIP_PROGRAM='$(install_sh) -c -s'
LDFLAGS=''
LIBOBJS=''
LIBS='-lboost_system -lboost_thread'
LTLIBOBJS=''
MAINT='#'
MAINTAINER_MODE_FALSE=''
MAINTAINER_MODE_TRUE='#'
MAKEINFO='${SHELL} "/home/sgeorgiou/GitHub/phoronixDataSet/tasks/povray/unix/config"/missing makeinfo'
MKDIR_P='/bin/mkdir -p'
NON_REDISTRIBUTABLE_BUILD=''
OBJEXT=''
PACKAGE='povray'
PACKAGE_BUGREPORT='unix-bugreports-2011@povray.org'
PACKAGE_NAME='POV-Ray'
PACKAGE_STRING='POV-Ray 3.7.0.7'
PACKAGE_TARNAME='povray'
PACKAGE_URL=''
PACKAGE_VERSION='3.7.0.7'
PATH_SEPARATOR=':'
PKGCONFIG=''
PTHREAD_CC=''
PTHREAD_CFLAGS=''
PTHREAD_LIBS=''
RANLIB=''
SDLCONFIG=''
SET_MAKE=''
SHELL='/bin/bash'
STRIP=''
VERSION='3.7.0.7'
VERSION_BASE='3.7'
XMKMF=''
X_CFLAGS=''
X_EXTRA_LIBS=''
X_LIBS=''
X_PRE_LIBS=''
ac_ct_CC='gcc'
ac_ct_CXX=''
acx_pthread_config=''
am__EXEEXT_FALSE=''
am__EXEEXT_TRUE=''
am__fastdepCC_FALSE=''
am__fastdepCC_TRUE=''
am__fastdepCXX_FALSE=''
am__fastdepCXX_TRUE=''
am__include=''
am__isrc=''
am__leading_dot='.'
am__nodep=''
am__quote=''
am__tar='$${TAR-tar} chof - "$$tardir"'
am__untar='$${TAR-tar} xf -'
bindir='${exec_prefix}/bin'
build='x86_64-pc-linux-gnu'
build_alias=''
build_cpu='x86_64'
build_os='linux-gnu'
build_vendor='pc'
datadir='${datarootdir}'
datarootdir='${prefix}/share'
docdir='${datarootdir}/doc/${PACKAGE_TARNAME}'
dvidir='${docdir}'
exec_prefix='NONE'
host='x86_64-pc-linux-gnu'
host_alias=''
host_cpu='x86_64'
host_os='linux-gnu'
host_vendor='pc'
htmldir='${docdir}'
includedir='${prefix}/include'
infodir='${datarootdir}/info'
install_sh='${SHELL} /home/sgeorgiou/GitHub/phoronixDataSet/tasks/povray/unix/config/install-sh'
libdir='${exec_prefix}/lib'
libexecdir='${exec_prefix}/libexec'
localedir='${datarootdir}/locale'
localstatedir='${prefix}/var'
mandir='${datarootdir}/man'
mkdir_p='$(MKDIR_P)'
oldincludedir='/usr/include'
pdfdir='${docdir}'
povgroup=''
povowner=''
prefix='NONE'
program_transform_name='s,x,x,'
psdir='${docdir}'
runstatedir='${localstatedir}/run'
sbindir='${exec_prefix}/sbin'
sharedstatedir='${prefix}/com'
sysconfdir='${prefix}/etc'
target_alias=''

## ----------- ##
## confdefs.h. ##
## ----------- ##

/* confdefs.h */
#define PACKAGE_NAME "POV-Ray"
#define PACKAGE_TARNAME "povray"
#define PACKAGE_VERSION "3.7.0.7"
#define PACKAGE_STRING "POV-Ray 3.7.0.7"
#define PACKAGE_BUGREPORT "unix-bugreports-2011@povray.org"
#define PACKAGE_URL ""
#define VERSION_BASE "3.7"
#define DISTRIBUTION_MESSAGE_2 " sgeorgiou sgeorgiou@aueb.gr"
#define PACKAGE "povray"
#define VERSION "3.7.0.7"

configure: exit 77
