This file contains any messages produced by compilers while
running configure, to aid debugging if configure makes a mistake.

It was created by renderer configure 2.3a, which was
generated by GNU Autoconf 2.69.  Invocation command line was

  $ ./configure 

## --------- ##
## Platform. ##
## --------- ##

hostname = sgeorgiou
uname -m = x86_64
uname -r = 5.3.0-28-generic
uname -s = Linux
uname -v = #30~18.04.1-Ubuntu SMP Fri Jan 17 06:14:09 UTC 2020

/usr/bin/uname -p = unknown
/bin/uname -X     = unknown

/bin/arch              = unknown
/usr/bin/arch -k       = unknown
/usr/convex/getsysinfo = unknown
/usr/bin/hostinfo      = unknown
/bin/machine           = unknown
/usr/bin/oslevel       = unknown
/bin/universe          = unknown

PATH: /home/sgeorgiou/.cargo/bin
PATH: /home/sgeorgiou/.local/bin
PATH: /usr/local/sbin
PATH: /usr/local/bin
PATH: /usr/sbin
PATH: /usr/bin
PATH: /sbin
PATH: /bin
PATH: /usr/games
PATH: /usr/local/games
PATH: /snap/bin
PATH: /usr/local/go/bin
PATH: /home/sgeorgiou/go/bin
PATH: /usr/local/go/bin
PATH: /home/sgeorgiou/go/bin
PATH: /usr/local/go/bin
PATH: /home/sgeorgiou/go/bin
PATH: /usr/local/go/bin
PATH: /home/sgeorgiou/go/bin
PATH: /usr/local/go/bin
PATH: /home/sgeorgiou/go/bin


## ----------- ##
## Core tests. ##
## ----------- ##

configure:2371: ************************************************************
configure:2373: ** Intel MLAA antialiasing is disabled! use --enable-mlaa **
configure:2375: ** (provided your CPU has SSE2 instructions...            **
configure:2377: ************************************************************
configure:2394: checking build system type
configure:2408: result: x86_64-pc-linux-gnu
configure:2428: checking host system type
configure:2441: result: x86_64-pc-linux-gnu
configure:2461: checking target system type
configure:2474: result: x86_64-pc-linux-gnu
configure:2517: checking for a BSD-compatible install
configure:2585: result: /usr/bin/install -c
configure:2596: checking whether build environment is sane
configure:2651: result: yes
configure:2802: checking for a thread-safe mkdir -p
configure:2841: result: /bin/mkdir -p
configure:2848: checking for gawk
configure:2864: found /usr/bin/gawk
configure:2875: result: gawk
configure:2886: checking whether make sets $(MAKE)
configure:2908: result: yes
configure:2937: checking whether make supports nested variables
configure:2954: result: yes
configure:3091: checking whether make supports nested variables
configure:3108: result: yes
configure:3173: checking for gcc
configure:3189: found /usr/bin/gcc
configure:3200: result: gcc
configure:3429: checking for C compiler version
configure:3438: gcc --version >&5
gcc (Ubuntu 7.4.0-1ubuntu1~18.04.1) 7.4.0
Copyright (C) 2017 Free Software Foundation, Inc.
This is free software; see the source for copying conditions.  There is NO
warranty; not even for MERCHANTABILITY or FITNESS FOR A PARTICULAR PURPOSE.

configure:3449: $? = 0
configure:3438: gcc -v >&5
Using built-in specs.
COLLECT_GCC=gcc
COLLECT_LTO_WRAPPER=/usr/lib/gcc/x86_64-linux-gnu/7/lto-wrapper
OFFLOAD_TARGET_NAMES=nvptx-none
OFFLOAD_TARGET_DEFAULT=1
Target: x86_64-linux-gnu
Configured with: ../src/configure -v --with-pkgversion='Ubuntu 7.4.0-1ubuntu1~18.04.1' --with-bugurl=file:///usr/share/doc/gcc-7/README.Bugs --enable-languages=c,ada,c++,go,brig,d,fortran,objc,obj-c++ --prefix=/usr --with-gcc-major-version-only --program-suffix=-7 --program-prefix=x86_64-linux-gnu- --enable-shared --enable-linker-build-id --libexecdir=/usr/lib --without-included-gettext --enable-threads=posix --libdir=/usr/lib --enable-nls --with-sysroot=/ --enable-clocale=gnu --enable-libstdcxx-debug --enable-libstdcxx-time=yes --with-default-libstdcxx-abi=new --enable-gnu-unique-object --disable-vtable-verify --enable-libmpx --enable-plugin --enable-default-pie --with-system-zlib --with-target-system-zlib --enable-objc-gc=auto --enable-multiarch --disable-werror --with-arch-32=i686 --with-abi=m64 --with-multilib-list=m32,m64,mx32 --enable-multilib --with-tune=generic --enable-offload-targets=nvptx-none --without-cuda-driver --enable-checking=release --build=x86_64-linux-gnu --host=x86_64-linux-gnu --target=x86_64-linux-gnu
Thread model: posix
gcc version 7.4.0 (Ubuntu 7.4.0-1ubuntu1~18.04.1) 
configure:3449: $? = 0
configure:3438: gcc -V >&5
gcc: error: unrecognized command line option '-V'
gcc: fatal error: no input files
compilation terminated.
configure:3449: $? = 1
configure:3438: gcc -qversion >&5
gcc: error: unrecognized command line option '-qversion'; did you mean '--version'?
gcc: fatal error: no input files
compilation terminated.
configure:3449: $? = 1
configure:3469: checking whether the C compiler works
configure:3491: gcc    conftest.c  >&5
configure:3495: $? = 0
configure:3543: result: yes
configure:3546: checking for C compiler default output file name
configure:3548: result: a.out
configure:3554: checking for suffix of executables
configure:3561: gcc -o conftest    conftest.c  >&5
configure:3565: $? = 0
configure:3587: result: 
configure:3609: checking whether we are cross compiling
configure:3617: gcc -o conftest    conftest.c  >&5
configure:3621: $? = 0
configure:3628: ./conftest
configure:3632: $? = 0
configure:3647: result: no
configure:3652: checking for suffix of object files
configure:3674: gcc -c   conftest.c >&5
configure:3678: $? = 0
configure:3699: result: o
configure:3703: checking whether we are using the GNU C compiler
configure:3722: gcc -c   conftest.c >&5
configure:3722: $? = 0
configure:3731: result: yes
configure:3740: checking whether gcc accepts -g
configure:3760: gcc -c -g  conftest.c >&5
configure:3760: $? = 0
configure:3801: result: yes
configure:3818: checking for gcc option to accept ISO C89
configure:3881: gcc  -c -g -O2  conftest.c >&5
configure:3881: $? = 0
configure:3894: result: none needed
configure:3919: checking whether gcc understands -c and -o together
configure:3941: gcc -c conftest.c -o conftest2.o
configure:3944: $? = 0
configure:3941: gcc -c conftest.c -o conftest2.o
configure:3944: $? = 0
configure:3956: result: yes
configure:3984: checking for style of include used by make
configure:4012: result: GNU
configure:4038: checking dependency style of gcc
configure:4149: result: gcc3
configure:4222: checking for g++
configure:4238: found /usr/bin/g++
configure:4249: result: g++
configure:4276: checking for C++ compiler version
configure:4285: g++ --version >&5
g++ (Ubuntu 7.4.0-1ubuntu1~18.04.1) 7.4.0
Copyright (C) 2017 Free Software Foundation, Inc.
This is free software; see the source for copying conditions.  There is NO
warranty; not even for MERCHANTABILITY or FITNESS FOR A PARTICULAR PURPOSE.

configure:4296: $? = 0
configure:4285: g++ -v >&5
Using built-in specs.
COLLECT_GCC=g++
COLLECT_LTO_WRAPPER=/usr/lib/gcc/x86_64-linux-gnu/7/lto-wrapper
OFFLOAD_TARGET_NAMES=nvptx-none
OFFLOAD_TARGET_DEFAULT=1
Target: x86_64-linux-gnu
Configured with: ../src/configure -v --with-pkgversion='Ubuntu 7.4.0-1ubuntu1~18.04.1' --with-bugurl=file:///usr/share/doc/gcc-7/README.Bugs --enable-languages=c,ada,c++,go,brig,d,fortran,objc,obj-c++ --prefix=/usr --with-gcc-major-version-only --program-suffix=-7 --program-prefix=x86_64-linux-gnu- --enable-shared --enable-linker-build-id --libexecdir=/usr/lib --without-included-gettext --enable-threads=posix --libdir=/usr/lib --enable-nls --with-sysroot=/ --enable-clocale=gnu --enable-libstdcxx-debug --enable-libstdcxx-time=yes --with-default-libstdcxx-abi=new --enable-gnu-unique-object --disable-vtable-verify --enable-libmpx --enable-plugin --enable-default-pie --with-system-zlib --with-target-system-zlib --enable-objc-gc=auto --enable-multiarch --disable-werror --with-arch-32=i686 --with-abi=m64 --with-multilib-list=m32,m64,mx32 --enable-multilib --with-tune=generic --enable-offload-targets=nvptx-none --without-cuda-driver --enable-checking=release --build=x86_64-linux-gnu --host=x86_64-linux-gnu --target=x86_64-linux-gnu
Thread model: posix
gcc version 7.4.0 (Ubuntu 7.4.0-1ubuntu1~18.04.1) 
configure:4296: $? = 0
configure:4285: g++ -V >&5
g++: error: unrecognized command line option '-V'
g++: fatal error: no input files
compilation terminated.
configure:4296: $? = 1
configure:4285: g++ -qversion >&5
g++: error: unrecognized command line option '-qversion'; did you mean '--version'?
g++: fatal error: no input files
compilation terminated.
configure:4296: $? = 1
configure:4300: checking whether we are using the GNU C++ compiler
configure:4319: g++ -c -O3 -g -Wall  conftest.cpp >&5
configure:4319: $? = 0
configure:4328: result: yes
configure:4337: checking whether g++ accepts -g
configure:4357: g++ -c -g  conftest.cpp >&5
configure:4357: $? = 0
configure:4398: result: yes
configure:4423: checking dependency style of g++
configure:4534: result: gcc3
configure:4592: checking for ranlib
configure:4608: found /usr/bin/ranlib
configure:4619: result: ranlib
configure:4695: checking for sdl-config
configure:4713: found /usr/bin/sdl-config
configure:4726: result: /usr/bin/sdl-config
configure:4736: checking for SDL - version >= 1.2.0
configure:4823: g++ -o conftest -O3 -g -Wall -I/usr/include/SDL -D_GNU_SOURCE=1 -D_REENTRANT   conftest.cpp  -L/usr/lib/x86_64-linux-gnu -lSDL >&5
conftest.cpp: In function 'int main(int, char**)':
conftest.cpp:44:34: warning: ISO C++ forbids converting a string constant to 'char*' [-Wwrite-strings]
   tmp_version = my_strdup("1.2.0");
                                  ^
configure:4823: $? = 0
configure:4823: ./conftest
configure:4823: $? = 0
configure:4838: result: yes
configure:4913: checking for Intel TBB support
configure:4931: g++ -c -O3 -g -Wall  conftest.cpp >&5
conftest.cpp:12:15: fatal error: tbb/blocked_range.h: No such file or directory
      #include "tbb/blocked_range.h"
               ^~~~~~~~~~~~~~~~~~~~~
compilation terminated.
configure:4931: $? = 1
configure: failed program was:
| /* confdefs.h */
| #define PACKAGE_NAME "renderer"
| #define PACKAGE_TARNAME "renderer"
| #define PACKAGE_VERSION "2.3a"
| #define PACKAGE_STRING "renderer 2.3a"
| #define PACKAGE_BUGREPORT "ttsiodras@gmail.com"
| #define PACKAGE_URL ""
| #define PACKAGE "renderer"
| #define VERSION "2.3a"
| /* end confdefs.h.  */
| 
|      #include "tbb/blocked_range.h"
|      #include "tbb/parallel_for.h"
| 
| int
| main ()
| {
| 
| 
|   ;
|   return 0;
| }
configure:4937: result: no
configure:4946: checking for stingy MS stack under MinGW
configure:4955: result: no
configure:4966: checking for OpenMP flag of C++ compiler
configure:5002: g++ -o conftest -O3 -g -Wall -fopenmp   conftest.cpp  >&5
configure:5002: $? = 0
configure:5011: result: -fopenmp
configure:5040: checking for GCC maturity in OpenMP support
configure:5061: g++ -o conftest -O3 -g -Wall   conftest.cpp  >&5
configure:5061: $? = 0
configure:5061: ./conftest
configure:5061: $? = 0
configure:5071: result: yes
configure:5134: checking for main in -lstdc++
configure:5153: g++ -o conftest -O3 -g -Wall  -fopenmp  conftest.cpp -lstdc++   >&5
configure:5153: $? = 0
configure:5162: result: yes
configure:5177: checking for atexit
configure:5177: g++ -o conftest -O3 -g -Wall  -fopenmp  conftest.cpp -lstdc++  >&5
configure:5177: $? = 0
configure:5177: result: yes
configure:5188: checking for memset
configure:5188: g++ -o conftest -O3 -g -Wall  -fopenmp  conftest.cpp -lstdc++  >&5
conftest.cpp:38:6: warning: declaration of 'char memset()' conflicts with built-in declaration 'void* memset(void*, int, long unsigned int)' [-Wbuiltin-declaration-mismatch]
 char memset ();
      ^~~~~~
configure:5188: $? = 0
configure:5188: result: yes
configure:5199: checking for sqrt
configure:5199: g++ -o conftest -O3 -g -Wall  -fopenmp  conftest.cpp -lstdc++  >&5
conftest.cpp:39:6: warning: declaration of 'char sqrt()' conflicts with built-in declaration 'double sqrt(double)' [-Wbuiltin-declaration-mismatch]
 char sqrt ();
      ^~~~
configure:5199: $? = 0
configure:5199: result: yes
configure:5210: checking for strrchr
configure:5210: g++ -o conftest -O3 -g -Wall  -fopenmp  conftest.cpp -lstdc++  >&5
conftest.cpp:40:6: warning: declaration of 'char strrchr()' conflicts with built-in declaration 'char* strrchr(const char*, int)' [-Wbuiltin-declaration-mismatch]
 char strrchr ();
      ^~~~~~~
configure:5210: $? = 0
configure:5210: result: yes
configure:5224: checking how to run the C++ preprocessor
configure:5251: g++ -E  -fopenmp conftest.cpp
configure:5251: $? = 0
configure:5265: g++ -E  -fopenmp conftest.cpp
conftest.cpp:18:10: fatal error: ac_nonexistent.h: No such file or directory
 #include <ac_nonexistent.h>
          ^~~~~~~~~~~~~~~~~~
compilation terminated.
configure:5265: $? = 1
configure: failed program was:
| /* confdefs.h */
| #define PACKAGE_NAME "renderer"
| #define PACKAGE_TARNAME "renderer"
| #define PACKAGE_VERSION "2.3a"
| #define PACKAGE_STRING "renderer 2.3a"
| #define PACKAGE_BUGREPORT "ttsiodras@gmail.com"
| #define PACKAGE_URL ""
| #define PACKAGE "renderer"
| #define VERSION "2.3a"
| #define HANDLERAYTRACER 1
| #define USE_OPENMP 1
| #define HAVE_LIBSTDC__ 1
| #define HAVE_ATEXIT 1
| #define HAVE_MEMSET 1
| #define HAVE_SQRT 1
| #define HAVE_STRRCHR 1
| /* end confdefs.h.  */
| #include <ac_nonexistent.h>
configure:5290: result: g++ -E
configure:5310: g++ -E  -fopenmp conftest.cpp
configure:5310: $? = 0
configure:5324: g++ -E  -fopenmp conftest.cpp
conftest.cpp:18:10: fatal error: ac_nonexistent.h: No such file or directory
 #include <ac_nonexistent.h>
          ^~~~~~~~~~~~~~~~~~
compilation terminated.
configure:5324: $? = 1
configure: failed program was:
| /* confdefs.h */
| #define PACKAGE_NAME "renderer"
| #define PACKAGE_TARNAME "renderer"
| #define PACKAGE_VERSION "2.3a"
| #define PACKAGE_STRING "renderer 2.3a"
| #define PACKAGE_BUGREPORT "ttsiodras@gmail.com"
| #define PACKAGE_URL ""
| #define PACKAGE "renderer"
| #define VERSION "2.3a"
| #define HANDLERAYTRACER 1
| #define USE_OPENMP 1
| #define HAVE_LIBSTDC__ 1
| #define HAVE_ATEXIT 1
| #define HAVE_MEMSET 1
| #define HAVE_SQRT 1
| #define HAVE_STRRCHR 1
| /* end confdefs.h.  */
| #include <ac_nonexistent.h>
configure:5353: checking for grep that handles long lines and -e
configure:5411: result: /bin/grep
configure:5416: checking for egrep
configure:5478: result: /bin/grep -E
configure:5483: checking for ANSI C header files
configure:5503: g++ -c -O3 -g -Wall  -fopenmp conftest.cpp >&5
configure:5503: $? = 0
configure:5576: g++ -o conftest -O3 -g -Wall  -fopenmp  conftest.cpp -lstdc++  >&5
configure:5576: $? = 0
configure:5576: ./conftest
configure:5576: $? = 0
configure:5587: result: yes
configure:5600: checking for sys/types.h
configure:5600: g++ -c -O3 -g -Wall  -fopenmp conftest.cpp >&5
configure:5600: $? = 0
configure:5600: result: yes
configure:5600: checking for sys/stat.h
configure:5600: g++ -c -O3 -g -Wall  -fopenmp conftest.cpp >&5
configure:5600: $? = 0
configure:5600: result: yes
configure:5600: checking for stdlib.h
configure:5600: g++ -c -O3 -g -Wall  -fopenmp conftest.cpp >&5
configure:5600: $? = 0
configure:5600: result: yes
configure:5600: checking for string.h
configure:5600: g++ -c -O3 -g -Wall  -fopenmp conftest.cpp >&5
configure:5600: $? = 0
configure:5600: result: yes
configure:5600: checking for memory.h
configure:5600: g++ -c -O3 -g -Wall  -fopenmp conftest.cpp >&5
configure:5600: $? = 0
configure:5600: result: yes
configure:5600: checking for strings.h
configure:5600: g++ -c -O3 -g -Wall  -fopenmp conftest.cpp >&5
configure:5600: $? = 0
configure:5600: result: yes
configure:5600: checking for inttypes.h
configure:5600: g++ -c -O3 -g -Wall  -fopenmp conftest.cpp >&5
configure:5600: $? = 0
configure:5600: result: yes
configure:5600: checking for stdint.h
configure:5600: g++ -c -O3 -g -Wall  -fopenmp conftest.cpp >&5
configure:5600: $? = 0
configure:5600: result: yes
configure:5600: checking for unistd.h
configure:5600: g++ -c -O3 -g -Wall  -fopenmp conftest.cpp >&5
configure:5600: $? = 0
configure:5600: result: yes
configure:5614: checking for memory.h
configure:5614: result: yes
configure:5626: checking for string.h
configure:5626: result: yes
configure:5638: checking for unistd.h
configure:5638: result: yes
configure:5650: checking getopt.h usability
configure:5650: g++ -c -O3 -g -Wall  -fopenmp conftest.cpp >&5
configure:5650: $? = 0
configure:5650: result: yes
configure:5650: checking getopt.h presence
configure:5650: g++ -E  -fopenmp conftest.cpp
configure:5650: $? = 0
configure:5650: result: yes
configure:5650: checking for getopt.h
configure:5650: result: yes
configure:5660: checking for an ANSI C-conforming const
configure:5726: g++ -c -O3 -g -Wall  -fopenmp conftest.cpp >&5
configure:5726: $? = 0
configure:5733: result: yes
configure:5741: checking for inline
configure:5757: g++ -c -O3 -g -Wall  -fopenmp conftest.cpp >&5
configure:5757: $? = 0
configure:5765: result: inline
configure:5783: checking for stdbool.h that conforms to C99
configure:5850: g++ -c -O3 -g -Wall  -fopenmp conftest.cpp >&5
conftest.cpp:35:15: error: expected unqualified-id before string constant
               "error: bool is not defined"
               ^~~~~~~~~~~~~~~~~~~~~~~~~~~~
conftest.cpp:53:48: error: 's' does not name a type
              struct s { _Bool s: 1; _Bool t; } s;
                                                ^
conftest.cpp:63:28: error: 's' was not declared in this scope
              char i[sizeof s.t];
                            ^
conftest.cpp: In function 'int main()':
conftest.cpp:81:24: error: 's' was not declared in this scope
              bool e = &s;
                        ^
conftest.cpp:85:63: error: 'i' was not declared in this scope
              return (!a + !b + !c + !d + !e + !f + !g + !h + !i + !!j + !k + !!l
                                                               ^
conftest.cpp:86:25: warning: enum constant in boolean context [-Wint-in-bool-context]
                         ^
configure:5850: $? = 1
configure: failed program was:
| /* confdefs.h */
| #define PACKAGE_NAME "renderer"
| #define PACKAGE_TARNAME "renderer"
| #define PACKAGE_VERSION "2.3a"
| #define PACKAGE_STRING "renderer 2.3a"
| #define PACKAGE_BUGREPORT "ttsiodras@gmail.com"
| #define PACKAGE_URL ""
| #define PACKAGE "renderer"
| #define VERSION "2.3a"
| #define HANDLERAYTRACER 1
| #define USE_OPENMP 1
| #define HAVE_LIBSTDC__ 1
| #define HAVE_ATEXIT 1
| #define HAVE_MEMSET 1
| #define HAVE_SQRT 1
| #define HAVE_STRRCHR 1
| #define STDC_HEADERS 1
| #define HAVE_SYS_TYPES_H 1
| #define HAVE_SYS_STAT_H 1
| #define HAVE_STDLIB_H 1
| #define HAVE_STRING_H 1
| #define HAVE_MEMORY_H 1
| #define HAVE_STRINGS_H 1
| #define HAVE_INTTYPES_H 1
| #define HAVE_STDINT_H 1
| #define HAVE_UNISTD_H 1
| #define HAVE_MEMORY_H 1
| #define HAVE_STRING_H 1
| #define HAVE_UNISTD_H 1
| #define HAVE_GETOPT_H 1
| /* end confdefs.h.  */
| 
|              #include <stdbool.h>
|              #ifndef bool
|               "error: bool is not defined"
|              #endif
|              #ifndef false
|               "error: false is not defined"
|              #endif
|              #if false
|               "error: false is not 0"
|              #endif
|              #ifndef true
|               "error: true is not defined"
|              #endif
|              #if true != 1
|               "error: true is not 1"
|              #endif
|              #ifndef __bool_true_false_are_defined
|               "error: __bool_true_false_are_defined is not defined"
|              #endif
| 
|              struct s { _Bool s: 1; _Bool t; } s;
| 
|              char a[true == 1 ? 1 : -1];
|              char b[false == 0 ? 1 : -1];
|              char c[__bool_true_false_are_defined == 1 ? 1 : -1];
|              char d[(bool) 0.5 == true ? 1 : -1];
|              /* See body of main program for 'e'.  */
|              char f[(_Bool) 0.0 == false ? 1 : -1];
|              char g[true];
|              char h[sizeof (_Bool)];
|              char i[sizeof s.t];
|              enum { j = false, k = true, l = false * true, m = true * 256 };
|              /* The following fails for
|                 HP aC++/ANSI C B3910B A.05.55 [Dec 04 2003]. */
|              _Bool n[m];
|              char o[sizeof n == m * sizeof n[0] ? 1 : -1];
|              char p[-1 - (_Bool) 0 < 0 && -1 - (bool) 0 < 0 ? 1 : -1];
|              /* Catch a bug in an HP-UX C compiler.  See
|                 http://gcc.gnu.org/ml/gcc-patches/2003-12/msg02303.html
|                 http://lists.gnu.org/archive/html/bug-coreutils/2005-11/msg00161.html
|               */
|              _Bool q = true;
|              _Bool *pq = &q;
| 
| int
| main ()
| {
| 
|              bool e = &s;
|              *pq |= q;
|              *pq |= ! q;
|              /* Refer to every declared value, to avoid compiler optimizations.  */
|              return (!a + !b + !c + !d + !e + !f + !g + !h + !i + !!j + !k + !!l
|                      + !m + !n + !o + !p + !q + !pq);
| 
|   ;
|   return 0;
| }
configure:5857: result: no
configure:5859: checking for _Bool
configure:5859: g++ -c -O3 -g -Wall  -fopenmp conftest.cpp >&5
conftest.cpp: In function 'int main()':
conftest.cpp:68:13: error: '_Bool' was not declared in this scope
 if (sizeof (_Bool))
             ^~~~~
conftest.cpp:68:13: note: suggested alternative: 'bool'
 if (sizeof (_Bool))
             ^~~~~
             bool
configure:5859: $? = 1
configure: failed program was:
| /* confdefs.h */
| #define PACKAGE_NAME "renderer"
| #define PACKAGE_TARNAME "renderer"
| #define PACKAGE_VERSION "2.3a"
| #define PACKAGE_STRING "renderer 2.3a"
| #define PACKAGE_BUGREPORT "ttsiodras@gmail.com"
| #define PACKAGE_URL ""
| #define PACKAGE "renderer"
| #define VERSION "2.3a"
| #define HANDLERAYTRACER 1
| #define USE_OPENMP 1
| #define HAVE_LIBSTDC__ 1
| #define HAVE_ATEXIT 1
| #define HAVE_MEMSET 1
| #define HAVE_SQRT 1
| #define HAVE_STRRCHR 1
| #define STDC_HEADERS 1
| #define HAVE_SYS_TYPES_H 1
| #define HAVE_SYS_STAT_H 1
| #define HAVE_STDLIB_H 1
| #define HAVE_STRING_H 1
| #define HAVE_MEMORY_H 1
| #define HAVE_STRINGS_H 1
| #define HAVE_INTTYPES_H 1
| #define HAVE_STDINT_H 1
| #define HAVE_UNISTD_H 1
| #define HAVE_MEMORY_H 1
| #define HAVE_STRING_H 1
| #define HAVE_UNISTD_H 1
| #define HAVE_GETOPT_H 1
| /* end confdefs.h.  */
| #include <stdio.h>
| #ifdef HAVE_SYS_TYPES_H
| # include <sys/types.h>
| #endif
| #ifdef HAVE_SYS_STAT_H
| # include <sys/stat.h>
| #endif
| #ifdef STDC_HEADERS
| # include <stdlib.h>
| # include <stddef.h>
| #else
| # ifdef HAVE_STDLIB_H
| #  include <stdlib.h>
| # endif
| #endif
| #ifdef HAVE_STRING_H
| # if !defined STDC_HEADERS && defined HAVE_MEMORY_H
| #  include <memory.h>
| # endif
| # include <string.h>
| #endif
| #ifdef HAVE_STRINGS_H
| # include <strings.h>
| #endif
| #ifdef HAVE_INTTYPES_H
| # include <inttypes.h>
| #endif
| #ifdef HAVE_STDINT_H
| # include <stdint.h>
| #endif
| #ifdef HAVE_UNISTD_H
| # include <unistd.h>
| #endif
| int
| main ()
| {
| if (sizeof (_Bool))
| 	 return 0;
|   ;
|   return 0;
| }
configure:5859: result: no
configure:5876: checking for ANSI C header files
configure:5980: result: yes
configure:5988: checking for size_t
configure:5988: g++ -c -O3 -g -Wall  -fopenmp conftest.cpp >&5
configure:5988: $? = 0
configure:5988: g++ -c -O3 -g -Wall  -fopenmp conftest.cpp >&5
conftest.cpp: In function 'int main()':
conftest.cpp:69:20: error: expected primary-expression before ')' token
 if (sizeof ((size_t)))
                    ^
configure:5988: $? = 1
configure: failed program was:
| /* confdefs.h */
| #define PACKAGE_NAME "renderer"
| #define PACKAGE_TARNAME "renderer"
| #define PACKAGE_VERSION "2.3a"
| #define PACKAGE_STRING "renderer 2.3a"
| #define PACKAGE_BUGREPORT "ttsiodras@gmail.com"
| #define PACKAGE_URL ""
| #define PACKAGE "renderer"
| #define VERSION "2.3a"
| #define HANDLERAYTRACER 1
| #define USE_OPENMP 1
| #define HAVE_LIBSTDC__ 1
| #define HAVE_ATEXIT 1
| #define HAVE_MEMSET 1
| #define HAVE_SQRT 1
| #define HAVE_STRRCHR 1
| #define STDC_HEADERS 1
| #define HAVE_SYS_TYPES_H 1
| #define HAVE_SYS_STAT_H 1
| #define HAVE_STDLIB_H 1
| #define HAVE_STRING_H 1
| #define HAVE_MEMORY_H 1
| #define HAVE_STRINGS_H 1
| #define HAVE_INTTYPES_H 1
| #define HAVE_STDINT_H 1
| #define HAVE_UNISTD_H 1
| #define HAVE_MEMORY_H 1
| #define HAVE_STRING_H 1
| #define HAVE_UNISTD_H 1
| #define HAVE_GETOPT_H 1
| #define STDC_HEADERS 1
| /* end confdefs.h.  */
| #include <stdio.h>
| #ifdef HAVE_SYS_TYPES_H
| # include <sys/types.h>
| #endif
| #ifdef HAVE_SYS_STAT_H
| # include <sys/stat.h>
| #endif
| #ifdef STDC_HEADERS
| # include <stdlib.h>
| # include <stddef.h>
| #else
| # ifdef HAVE_STDLIB_H
| #  include <stdlib.h>
| # endif
| #endif
| #ifdef HAVE_STRING_H
| # if !defined STDC_HEADERS && defined HAVE_MEMORY_H
| #  include <memory.h>
| # endif
| # include <string.h>
| #endif
| #ifdef HAVE_STRINGS_H
| # include <strings.h>
| #endif
| #ifdef HAVE_INTTYPES_H
| # include <inttypes.h>
| #endif
| #ifdef HAVE_STDINT_H
| # include <stdint.h>
| #endif
| #ifdef HAVE_UNISTD_H
| # include <unistd.h>
| #endif
| int
| main ()
| {
| if (sizeof ((size_t)))
| 	    return 0;
|   ;
|   return 0;
| }
configure:5988: result: yes
configure:6001: checking for stdlib.h
configure:6001: result: yes
configure:6011: checking for GNU libc compatible malloc
configure:6035: g++ -o conftest -O3 -g -Wall  -fopenmp  conftest.cpp -lstdc++  >&5
configure:6035: $? = 0
configure:6035: ./conftest
configure:6035: $? = 0
configure:6045: result: yes
configure:6073: checking CXXFLAGS for gcc -Wall
configure:6100: g++ -c -O3 -g -Wall -pedantic -Werror  -Wall  -fopenmp conftest.cpp >&5
configure:6100: $? = 0
configure:6114: result: -Wall
configure:6122: : CXXFLAGS does contain $var
configure:6125: $? = 0
configure:6137: checking CXXFLAGS for gcc -Wextra
configure:6164: g++ -c -O3 -g -Wall -pedantic -Werror  -Wextra  -fopenmp conftest.cpp >&5
configure:6164: $? = 0
configure:6178: result: -Wextra
configure:6191: : CXXFLAGS="$CXXFLAGS $var"
configure:6194: $? = 0
configure:6202: checking CXXFLAGS for gcc -fomit-frame-pointer
configure:6229: g++ -c -O3 -g -Wall -Wextra -pedantic -Werror  -fomit-frame-pointer  -fopenmp conftest.cpp >&5
configure:6229: $? = 0
configure:6243: result: -fomit-frame-pointer
configure:6256: : CXXFLAGS="$CXXFLAGS $var"
configure:6259: $? = 0
configure:6266: checking CXXFLAGS for gcc -ffast-math
configure:6293: g++ -c -O3 -g -Wall -Wextra -fomit-frame-pointer -pedantic -Werror  -ffast-math  -fopenmp conftest.cpp >&5
configure:6293: $? = 0
configure:6307: result: -ffast-math
configure:6320: : CXXFLAGS="$CXXFLAGS $var"
configure:6323: $? = 0
configure:6330: checking CXXFLAGS for gcc -funsafe-math-optimizations
configure:6357: g++ -c -O3 -g -Wall -Wextra -fomit-frame-pointer -ffast-math -pedantic -Werror  -funsafe-math-optimizations  -fopenmp conftest.cpp >&5
configure:6357: $? = 0
configure:6371: result: -funsafe-math-optimizations
configure:6384: : CXXFLAGS="$CXXFLAGS $var"
configure:6387: $? = 0
configure:6394: checking CXXFLAGS for gcc -mtune=native
configure:6421: g++ -c -O3 -g -Wall -Wextra -fomit-frame-pointer -ffast-math -funsafe-math-optimizations -pedantic -Werror  -mtune=native  -fopenmp conftest.cpp >&5
configure:6421: $? = 0
configure:6435: result: -mtune=native
configure:6448: : CXXFLAGS="$CXXFLAGS $var"
configure:6451: $? = 0
configure:6464: checking CXXFLAGS for gcc -flto
configure:6491: g++ -c -O3 -g -Wall -Wextra -fomit-frame-pointer -ffast-math -funsafe-math-optimizations -mtune=native -pedantic -Werror  -flto  -fopenmp conftest.cpp >&5
configure:6491: $? = 0
configure:6505: result: -flto
configure:6518: : CXXFLAGS="$CXXFLAGS $var"
configure:6521: $? = 0
configure:6528: checking whether the linker accepts -fwhole-program
configure:6547: g++ -o conftest -O3 -g -Wall -Wextra -fomit-frame-pointer -ffast-math -funsafe-math-optimizations -mtune=native -flto  -fopenmp -fwhole-program conftest.cpp -lstdc++  >&5
configure:6547: $? = 0
configure:6558: result: yes
configure:6572: checking for SSE
configure:6591: g++ -o conftest -O3 -g -Wall -Wextra -fomit-frame-pointer -ffast-math -funsafe-math-optimizations -mtune=native -flto  -fopenmp  conftest.cpp -lstdc++  >&5
configure:6591: $? = 0
configure:6591: ./conftest
configure:6591: $? = 0
configure:6600: result: yes
configure:6608: checking for SSE2
configure:6627: g++ -o conftest -O3 -g -Wall -Wextra -fomit-frame-pointer -ffast-math -funsafe-math-optimizations -mtune=native -flto  -fopenmp  conftest.cpp -lstdc++  >&5
configure:6627: $? = 0
configure:6627: ./conftest
configure:6627: $? = 0
configure:6636: result: yes
configure:6644: checking for SSSE3
configure:6663: g++ -o conftest -O3 -g -Wall -Wextra -fomit-frame-pointer -ffast-math -funsafe-math-optimizations -mtune=native -flto  -fopenmp  conftest.cpp -lstdc++  >&5
configure:6663: $? = 0
configure:6663: ./conftest
configure:6663: $? = 0
configure:6672: result: yes
configure:6676: checking CXXFLAGS for gcc -msse
configure:6703: g++ -c -O3 -g -Wall -Wextra -fomit-frame-pointer -ffast-math -funsafe-math-optimizations -mtune=native -flto -pedantic -Werror  -msse  -fopenmp conftest.cpp >&5
configure:6703: $? = 0
configure:6717: result: -msse
configure:6730: : CXXFLAGS="$CXXFLAGS $var"
configure:6733: $? = 0
configure:6740: checking CXXFLAGS for gcc -mrecip
configure:6767: g++ -c -O3 -g -Wall -Wextra -fomit-frame-pointer -ffast-math -funsafe-math-optimizations -mtune=native -flto -msse -pedantic -Werror  -mrecip  -fopenmp conftest.cpp >&5
configure:6767: $? = 0
configure:6781: result: -mrecip
configure:6794: : CXXFLAGS="$CXXFLAGS $var"
configure:6797: $? = 0
configure:6804: checking CXXFLAGS for gcc -mfpmath=sse
configure:6831: g++ -c -O3 -g -Wall -Wextra -fomit-frame-pointer -ffast-math -funsafe-math-optimizations -mtune=native -flto -msse -mrecip -pedantic -Werror  -mfpmath=sse  -fopenmp conftest.cpp >&5
configure:6831: $? = 0
configure:6845: result: -mfpmath=sse
configure:6858: : CXXFLAGS="$CXXFLAGS $var"
configure:6861: $? = 0
configure:6870: checking CXXFLAGS for gcc -msse2
configure:6897: g++ -c -O3 -g -Wall -Wextra -fomit-frame-pointer -ffast-math -funsafe-math-optimizations -mtune=native -flto -msse -mrecip -mfpmath=sse -pedantic -Werror  -msse2  -fopenmp conftest.cpp >&5
configure:6897: $? = 0
configure:6911: result: -msse2
configure:6924: : CXXFLAGS="$CXXFLAGS $var"
configure:6927: $? = 0
configure:6936: checking CXXFLAGS for gcc -mssse3
configure:6963: g++ -c -O3 -g -Wall -Wextra -fomit-frame-pointer -ffast-math -funsafe-math-optimizations -mtune=native -flto -msse -mrecip -mfpmath=sse -msse2 -pedantic -Werror  -mssse3  -fopenmp conftest.cpp >&5
configure:6963: $? = 0
configure:6977: result: -mssse3
configure:6990: : CXXFLAGS="$CXXFLAGS $var"
configure:6993: $? = 0
configure:7120: checking that generated files are newer than configure
configure:7126: result: done
configure:7153: creating ./config.status

## ---------------------- ##
## Running config.status. ##
## ---------------------- ##

This file was extended by renderer config.status 2.3a, which was
generated by GNU Autoconf 2.69.  Invocation command line was

  CONFIG_FILES    = 
  CONFIG_HEADERS  = 
  CONFIG_LINKS    = 
  CONFIG_COMMANDS = 
  $ ./config.status 

on sgeorgiou

config.status:899: creating Makefile
config.status:899: creating src/Makefile
config.status:899: creating src/config.h
config.status:1128: executing depfiles commands
configure:8536: === configuring in lib3ds-1.3.0 (/home/sgeorgiou/GitHub/phoronixDataSet/tasks/renderer/lib3ds-1.3.0)
configure:8599: running /bin/bash ./configure --disable-option-checking '--prefix=/usr/local'  --cache-file=/dev/null --srcdir=.

## ---------------- ##
## Cache variables. ##
## ---------------- ##

ac_cv_build=x86_64-pc-linux-gnu
ac_cv_c_compiler_gnu=yes
ac_cv_c_const=yes
ac_cv_c_inline=inline
ac_cv_cxx_compiler_gnu=yes
ac_cv_env_CCC_set=
ac_cv_env_CCC_value=
ac_cv_env_CC_set=
ac_cv_env_CC_value=
ac_cv_env_CFLAGS_set=
ac_cv_env_CFLAGS_value=
ac_cv_env_CPPFLAGS_set=
ac_cv_env_CPPFLAGS_value=
ac_cv_env_CXXCPP_set=
ac_cv_env_CXXCPP_value=
ac_cv_env_CXXFLAGS_set=
ac_cv_env_CXXFLAGS_value=
ac_cv_env_CXX_set=
ac_cv_env_CXX_value=
ac_cv_env_LDFLAGS_set=
ac_cv_env_LDFLAGS_value=
ac_cv_env_LIBS_set=
ac_cv_env_LIBS_value=
ac_cv_env_build_alias_set=
ac_cv_env_build_alias_value=
ac_cv_env_host_alias_set=
ac_cv_env_host_alias_value=
ac_cv_env_target_alias_set=
ac_cv_env_target_alias_value=
ac_cv_func_atexit=yes
ac_cv_func_malloc_0_nonnull=yes
ac_cv_func_memset=yes
ac_cv_func_sqrt=yes
ac_cv_func_strrchr=yes
ac_cv_header_getopt_h=yes
ac_cv_header_inttypes_h=yes
ac_cv_header_memory_h=yes
ac_cv_header_stdbool_h=no
ac_cv_header_stdc=yes
ac_cv_header_stdint_h=yes
ac_cv_header_stdlib_h=yes
ac_cv_header_string_h=yes
ac_cv_header_strings_h=yes
ac_cv_header_sys_stat_h=yes
ac_cv_header_sys_types_h=yes
ac_cv_header_unistd_h=yes
ac_cv_host=x86_64-pc-linux-gnu
ac_cv_lib_stdcpp_main=yes
ac_cv_objext=o
ac_cv_path_EGREP='/bin/grep -E'
ac_cv_path_GREP=/bin/grep
ac_cv_path_SDL_CONFIG=/usr/bin/sdl-config
ac_cv_path_install='/usr/bin/install -c'
ac_cv_path_mkdir=/bin/mkdir
ac_cv_prog_AWK=gawk
ac_cv_prog_CXXCPP='g++ -E'
ac_cv_prog_ac_ct_CC=gcc
ac_cv_prog_ac_ct_CXX=g++
ac_cv_prog_ac_ct_RANLIB=ranlib
ac_cv_prog_cc_c89=
ac_cv_prog_cc_g=yes
ac_cv_prog_cxx_g=yes
ac_cv_prog_make_make_set=yes
ac_cv_target=x86_64-pc-linux-gnu
ac_cv_type__Bool=no
ac_cv_type_size_t=yes
am_cv_CC_dependencies_compiler_type=gcc3
am_cv_CXX_dependencies_compiler_type=gcc3
am_cv_make_support_nested_variables=yes
am_cv_prog_cc_c_o=yes
ax_cv_cxx_openmp=-fopenmp
ax_cv_cxxflags_gcc_option__Wall=-Wall
ax_cv_cxxflags_gcc_option__Wextra=-Wextra
ax_cv_cxxflags_gcc_option__ffast_math=-ffast-math
ax_cv_cxxflags_gcc_option__flto=-flto
ax_cv_cxxflags_gcc_option__fomit_frame_pointer=-fomit-frame-pointer
ax_cv_cxxflags_gcc_option__funsafe_math_optimizations=-funsafe-math-optimizations
ax_cv_cxxflags_gcc_option__mfpmath_sse=-mfpmath=sse
ax_cv_cxxflags_gcc_option__mrecip=-mrecip
ax_cv_cxxflags_gcc_option__msse2=-msse2
ax_cv_cxxflags_gcc_option__msse=-msse
ax_cv_cxxflags_gcc_option__mssse3=-mssse3
ax_cv_cxxflags_gcc_option__mtune_native=-mtune=native
ax_cv_linker_flags__fwhole_program=yes

## ----------------- ##
## Output variables. ##
## ----------------- ##

ACLOCAL='${SHELL} /home/sgeorgiou/GitHub/phoronixDataSet/tasks/renderer/build-aux/missing aclocal-1.15'
AMDEPBACKSLASH='\'
AMDEP_FALSE='#'
AMDEP_TRUE=''
AMTAR='$${TAR-tar}'
AM_BACKSLASH='\'
AM_DEFAULT_V='$(AM_DEFAULT_VERBOSITY)'
AM_DEFAULT_VERBOSITY='0'
AM_V='$(V)'
AUTOCONF='${SHELL} /home/sgeorgiou/GitHub/phoronixDataSet/tasks/renderer/build-aux/missing autoconf'
AUTOHEADER='${SHELL} /home/sgeorgiou/GitHub/phoronixDataSet/tasks/renderer/build-aux/missing autoheader'
AUTOMAKE='${SHELL} /home/sgeorgiou/GitHub/phoronixDataSet/tasks/renderer/build-aux/missing automake-1.15'
AWK='gawk'
CC='gcc'
CCDEPMODE='depmode=gcc3'
CFLAGS='-g -O2'
CPPFLAGS=' -fopenmp'
CXX='g++'
CXXCPP='g++ -E'
CXXDEPMODE='depmode=gcc3'
CXXFLAGS='-O3 -g -Wall -Wextra -fomit-frame-pointer -ffast-math -funsafe-math-optimizations -mtune=native -flto -msse -mrecip -mfpmath=sse -msse2 -mssse3 -DNDEBUG'
CYGPATH_W='echo'
DEFS='-DHAVE_CONFIG_H'
DEPDIR='.deps'
ECHO_C=''
ECHO_N='-n'
ECHO_T=''
EGREP='/bin/grep -E'
EXEEXT=''
GREP='/bin/grep'
INSTALL_DATA='${INSTALL} -m 644'
INSTALL_PROGRAM='${INSTALL}'
INSTALL_SCRIPT='${INSTALL}'
INSTALL_STRIP_PROGRAM='$(install_sh) -c -s'
LDFLAGS=''
LIBOBJS=''
LIBS='-lstdc++ '
LTLIBOBJS=''
MAKEINFO='${SHELL} /home/sgeorgiou/GitHub/phoronixDataSet/tasks/renderer/build-aux/missing makeinfo'
MINGWSTACK=''
MKDIR_P='/bin/mkdir -p'
MLAA_ENABLED_FALSE=''
MLAA_ENABLED_TRUE='#'
OBJEXT='o'
OPENMP_LIBS='-fopenmp'
PACKAGE='renderer'
PACKAGE_BUGREPORT='ttsiodras@gmail.com'
PACKAGE_NAME='renderer'
PACKAGE_STRING='renderer 2.3a'
PACKAGE_TARNAME='renderer'
PACKAGE_URL=''
PACKAGE_VERSION='2.3a'
PATH_SEPARATOR=':'
RANLIB='ranlib'
SDL_CFLAGS='-I/usr/include/SDL -D_GNU_SOURCE=1 -D_REENTRANT'
SDL_CONFIG='/usr/bin/sdl-config'
SDL_LIBS='-L/usr/lib/x86_64-linux-gnu -lSDL'
SET_MAKE=''
SHELL='/bin/bash'
STRIP=''
TBB_LIBS=''
VERSION='2.3a'
WHOLEPROGRAM='-fwhole-program'
ac_ct_CC='gcc'
ac_ct_CXX='g++'
am__EXEEXT_FALSE=''
am__EXEEXT_TRUE='#'
am__fastdepCC_FALSE='#'
am__fastdepCC_TRUE=''
am__fastdepCXX_FALSE='#'
am__fastdepCXX_TRUE=''
am__include='include'
am__isrc=''
am__leading_dot='.'
am__nodep='_no'
am__quote=''
am__tar='$${TAR-tar} chof - "$$tardir"'
am__untar='$${TAR-tar} xf -'
bindir='${exec_prefix}/bin'
build='x86_64-pc-linux-gnu'
build_alias=''
build_cpu='x86_64'
build_os='linux-gnu'
build_vendor='pc'
datadir='${datarootdir}'
datarootdir='${prefix}/share'
docdir='${datarootdir}/doc/${PACKAGE_TARNAME}'
dvidir='${docdir}'
exec_prefix='${prefix}'
host='x86_64-pc-linux-gnu'
host_alias=''
host_cpu='x86_64'
host_os='linux-gnu'
host_vendor='pc'
htmldir='${docdir}'
includedir='${prefix}/include'
infodir='${datarootdir}/info'
install_sh='${SHELL} /home/sgeorgiou/GitHub/phoronixDataSet/tasks/renderer/build-aux/install-sh'
libdir='${exec_prefix}/lib'
libexecdir='${exec_prefix}/libexec'
localedir='${datarootdir}/locale'
localstatedir='${prefix}/var'
mandir='${datarootdir}/man'
mkdir_p='$(MKDIR_P)'
oldincludedir='/usr/include'
pdfdir='${docdir}'
prefix='/usr/local'
program_transform_name='s,x,x,'
psdir='${docdir}'
sbindir='${exec_prefix}/sbin'
sharedstatedir='${prefix}/com'
subdirs=' lib3ds-1.3.0'
sysconfdir='${prefix}/etc'
target='x86_64-pc-linux-gnu'
target_alias=''
target_cpu='x86_64'
target_os='linux-gnu'
target_vendor='pc'

## ----------- ##
## confdefs.h. ##
## ----------- ##

/* confdefs.h */
#define PACKAGE_NAME "renderer"
#define PACKAGE_TARNAME "renderer"
#define PACKAGE_VERSION "2.3a"
#define PACKAGE_STRING "renderer 2.3a"
#define PACKAGE_BUGREPORT "ttsiodras@gmail.com"
#define PACKAGE_URL ""
#define PACKAGE "renderer"
#define VERSION "2.3a"
#define HANDLERAYTRACER 1
#define USE_OPENMP 1
#define HAVE_LIBSTDC__ 1
#define HAVE_ATEXIT 1
#define HAVE_MEMSET 1
#define HAVE_SQRT 1
#define HAVE_STRRCHR 1
#define STDC_HEADERS 1
#define HAVE_SYS_TYPES_H 1
#define HAVE_SYS_STAT_H 1
#define HAVE_STDLIB_H 1
#define HAVE_STRING_H 1
#define HAVE_MEMORY_H 1
#define HAVE_STRINGS_H 1
#define HAVE_INTTYPES_H 1
#define HAVE_STDINT_H 1
#define HAVE_UNISTD_H 1
#define HAVE_MEMORY_H 1
#define HAVE_STRING_H 1
#define HAVE_UNISTD_H 1
#define HAVE_GETOPT_H 1
#define STDC_HEADERS 1
#define HAVE_STDLIB_H 1
#define HAVE_MALLOC 1
#define SIMD_SSE 1
#define SIMD_SSE2 1

configure: exit 0
